mode: set
ariadne/main.go:18.13,37.17 9 0
ariadne/main.go:37.17,40.3 2 0
ariadne/main.go:42.2,43.16 2 0
ariadne/main.go:43.16,45.3 1 0
ariadne/main.go:46.2,46.21 1 0
ariadne/main.go:46.21,49.3 2 0
ariadne/main.go:51.2,56.16 5 0
ariadne/main.go:56.16,58.3 1 0
ariadne/main.go:59.2,59.15 1 0
ariadne/main.go:59.15,59.33 1 0
ariadne/main.go:61.2,67.12 5 0
ariadne/main.go:67.12,75.3 6 0
ariadne/main.go:77.2,78.16 2 0
ariadne/main.go:78.16,80.3 1 0
ariadne/main.go:83.2,84.23 2 0
ariadne/main.go:84.23,87.3 2 0
ariadne/main.go:90.2,91.12 2 0
ariadne/main.go:91.12,93.26 2 0
ariadne/main.go:93.26,95.40 1 0
ariadne/main.go:95.40,97.5 1 0
ariadne/main.go:99.3,99.14 1 0
ariadne/main.go:103.2,103.19 1 0
ariadne/main.go:103.19,104.13 1 0
ariadne/main.go:104.13,105.8 1 0
ariadne/main.go:105.8,106.12 1 0
ariadne/main.go:107.21,110.103 3 0
ariadne/main.go:111.17,112.12 1 0
ariadne/main.go:118.2,122.105 4 0
ariadne/main.go:125.63,127.20 2 0
ariadne/main.go:127.20,128.50 1 0
ariadne/main.go:128.50,130.15 2 0
ariadne/main.go:130.15,132.5 1 0
ariadne/main.go:135.2,135.20 1 0
ariadne/main.go:135.20,137.17 2 0
ariadne/main.go:137.17,139.4 1 0
ariadne/main.go:140.3,142.22 3 0
ariadne/main.go:142.22,144.51 2 0
ariadne/main.go:144.51,146.5 1 0
ariadne/main.go:148.3,148.39 1 0
ariadne/main.go:148.39,150.4 1 0
ariadne/main.go:153.2,155.26 3 0
ariadne/main.go:155.26,156.27 1 0
ariadne/main.go:156.27,157.12 1 0
ariadne/main.go:159.3,160.23 2 0
ariadne/main.go:162.2,162.17 1 0
ariadne/internal/assets/discovery.go:19.44,21.2 1 1
ariadne/internal/assets/discovery.go:24.87,26.16 2 1
ariadne/internal/assets/discovery.go:26.16,28.3 1 0
ariadne/internal/assets/discovery.go:30.2,34.16 3 1
ariadne/internal/assets/discovery.go:34.16,36.3 1 0
ariadne/internal/assets/discovery.go:39.2,39.57 1 1
ariadne/internal/assets/discovery.go:39.57,41.26 2 1
ariadne/internal/assets/discovery.go:41.26,43.20 2 1
ariadne/internal/assets/discovery.go:43.20,45.5 1 1
ariadne/internal/assets/discovery.go:50.2,50.81 1 1
ariadne/internal/assets/discovery.go:50.81,52.29 2 1
ariadne/internal/assets/discovery.go:52.29,55.35 2 1
ariadne/internal/assets/discovery.go:55.35,57.23 2 1
ariadne/internal/assets/discovery.go:57.23,59.22 2 1
ariadne/internal/assets/discovery.go:59.22,61.7 1 1
ariadne/internal/assets/discovery.go:68.2,68.76 1 1
ariadne/internal/assets/discovery.go:68.76,70.27 2 1
ariadne/internal/assets/discovery.go:70.27,72.20 2 1
ariadne/internal/assets/discovery.go:72.20,74.5 1 1
ariadne/internal/assets/discovery.go:79.2,79.65 1 1
ariadne/internal/assets/discovery.go:79.65,81.26 2 1
ariadne/internal/assets/discovery.go:81.26,83.20 2 1
ariadne/internal/assets/discovery.go:83.20,85.5 1 1
ariadne/internal/assets/discovery.go:90.2,90.61 1 1
ariadne/internal/assets/discovery.go:90.61,92.50 2 1
ariadne/internal/assets/discovery.go:92.50,94.20 2 1
ariadne/internal/assets/discovery.go:94.20,96.5 1 1
ariadne/internal/assets/discovery.go:101.2,101.76 1 1
ariadne/internal/assets/discovery.go:101.76,103.26 2 1
ariadne/internal/assets/discovery.go:103.26,105.20 2 1
ariadne/internal/assets/discovery.go:105.20,107.5 1 1
ariadne/internal/assets/discovery.go:111.2,111.20 1 1
ariadne/internal/assets/discovery.go:115.80,118.16 2 1
ariadne/internal/assets/discovery.go:118.16,120.3 1 0
ariadne/internal/assets/discovery.go:123.2,124.20 2 1
ariadne/internal/assets/discovery.go:124.20,126.3 1 0
ariadne/internal/assets/discovery.go:128.2,133.3 1 1
ariadne/internal/assets/discovery.go:137.38,140.41 2 1
ariadne/internal/assets/discovery.go:140.41,141.39 1 1
ariadne/internal/assets/discovery.go:141.39,143.4 1 1
ariadne/internal/assets/discovery.go:145.2,145.14 1 0
ariadne/internal/assets/discovery.go:149.47,151.16 2 1
ariadne/internal/assets/discovery.go:151.16,153.3 1 0
ariadne/internal/assets/discovery.go:155.2,156.31 2 1
ariadne/internal/assets/discovery.go:156.31,158.3 1 0
ariadne/internal/assets/discovery.go:161.2,162.23 2 1
ariadne/internal/assets/discovery.go:162.23,165.38 2 1
ariadne/internal/assets/discovery.go:165.38,167.4 1 1
ariadne/internal/assets/discovery.go:170.2,170.11 1 0
ariadne/internal/assets/discovery.go:174.63,176.16 2 0
ariadne/internal/assets/discovery.go:176.16,178.3 1 0
ariadne/internal/assets/discovery.go:181.2,182.16 2 0
ariadne/internal/assets/discovery.go:182.16,184.3 1 0
ariadne/internal/assets/discovery.go:187.2,192.45 3 0
ariadne/internal/assets/discovery.go:196.56,197.19 1 0
ariadne/internal/assets/discovery.go:198.22,199.16 1 0
ariadne/internal/assets/discovery.go:200.20,201.16 1 0
ariadne/internal/assets/discovery.go:202.27,203.15 1 0
ariadne/internal/assets/discovery.go:204.25,205.16 1 0
ariadne/internal/assets/discovery.go:206.22,207.16 1 0
ariadne/internal/assets/discovery.go:208.10,209.16 1 0
ariadne/internal/assets/downloader.go:19.58,24.2 1 1
ariadne/internal/assets/downloader.go:27.80,28.21 1 1
ariadne/internal/assets/downloader.go:28.21,30.3 1 0
ariadne/internal/assets/downloader.go:33.2,33.27 1 1
ariadne/internal/assets/downloader.go:33.27,35.3 1 1
ariadne/internal/assets/downloader.go:38.2,40.16 3 1
ariadne/internal/assets/downloader.go:40.16,42.3 1 0
ariadne/internal/assets/downloader.go:45.2,45.52 1 1
ariadne/internal/assets/downloader.go:45.52,48.56 2 1
ariadne/internal/assets/downloader.go:48.56,50.4 1 1
ariadne/internal/assets/downloader.go:51.3,51.20 1 1
ariadne/internal/assets/downloader.go:55.2,60.16 3 1
ariadne/internal/assets/downloader.go:60.16,62.3 1 1
ariadne/internal/assets/downloader.go:63.2,63.15 1 1
ariadne/internal/assets/downloader.go:63.15,64.53 1 1
ariadne/internal/assets/downloader.go:64.53,67.4 1 0
ariadne/internal/assets/downloader.go:71.2,71.38 1 1
ariadne/internal/assets/downloader.go:71.38,73.3 1 0
ariadne/internal/assets/downloader.go:76.2,77.16 2 1
ariadne/internal/assets/downloader.go:77.16,79.3 1 0
ariadne/internal/assets/downloader.go:80.2,80.15 1 1
ariadne/internal/assets/downloader.go:80.15,81.48 1 1
ariadne/internal/assets/downloader.go:81.48,83.4 1 0
ariadne/internal/assets/downloader.go:87.2,88.16 2 1
ariadne/internal/assets/downloader.go:88.16,90.3 1 0
ariadne/internal/assets/downloader.go:93.2,98.19 4 1
ariadne/internal/assets/optimizer.go:14.42,16.2 1 1
ariadne/internal/assets/optimizer.go:19.79,21.94 1 1
ariadne/internal/assets/optimizer.go:21.94,23.31 2 1
ariadne/internal/assets/optimizer.go:23.31,25.4 1 1
ariadne/internal/assets/optimizer.go:27.3,28.20 2 1
ariadne/internal/assets/optimizer.go:32.2,33.16 2 1
ariadne/internal/assets/optimizer.go:33.16,35.3 1 0
ariadne/internal/assets/optimizer.go:38.2,38.29 1 1
ariadne/internal/assets/optimizer.go:38.29,40.3 1 1
ariadne/internal/assets/optimizer.go:44.2,44.20 1 1
ariadne/internal/assets/optimizer.go:45.22,49.25 3 1
ariadne/internal/assets/optimizer.go:50.20,54.25 3 1
ariadne/internal/assets/optimizer.go:55.27,59.25 3 1
ariadne/internal/assets/optimizer.go:60.10,63.25 2 0
ariadne/internal/assets/optimizer.go:66.2,66.19 1 1
ariadne/internal/assets/pipeline.go:18.54,26.2 1 1
ariadne/internal/assets/pipeline.go:29.92,30.16 1 1
ariadne/internal/assets/pipeline.go:30.16,32.3 1 0
ariadne/internal/assets/pipeline.go:34.2,34.19 1 1
ariadne/internal/assets/pipeline.go:34.19,36.3 1 0
ariadne/internal/assets/pipeline.go:39.2,46.16 4 1
ariadne/internal/assets/pipeline.go:46.16,48.3 1 0
ariadne/internal/assets/pipeline.go:50.2,56.31 4 1
ariadne/internal/assets/pipeline.go:56.31,58.17 2 1
ariadne/internal/assets/pipeline.go:58.17,60.12 1 0
ariadne/internal/assets/pipeline.go:62.3,63.20 2 1
ariadne/internal/assets/pipeline.go:66.2,72.41 4 1
ariadne/internal/assets/pipeline.go:72.41,74.17 2 1
ariadne/internal/assets/pipeline.go:74.17,77.12 2 0
ariadne/internal/assets/pipeline.go:79.3,80.19 2 1
ariadne/internal/assets/pipeline.go:83.2,87.16 3 1
ariadne/internal/assets/pipeline.go:87.16,89.3 1 0
ariadne/internal/assets/pipeline.go:92.2,96.20 4 1
ariadne/internal/assets/rewriter.go:16.60,18.2 1 1
ariadne/internal/assets/rewriter.go:21.97,22.16 1 1
ariadne/internal/assets/rewriter.go:22.16,24.3 1 0
ariadne/internal/assets/rewriter.go:27.2,28.16 2 1
ariadne/internal/assets/rewriter.go:28.16,30.3 1 0
ariadne/internal/assets/rewriter.go:33.2,34.31 2 1
ariadne/internal/assets/rewriter.go:34.31,35.28 1 1
ariadne/internal/assets/rewriter.go:35.28,39.4 2 1
ariadne/internal/assets/rewriter.go:43.2,43.57 1 1
ariadne/internal/assets/rewriter.go:43.57,44.43 1 1
ariadne/internal/assets/rewriter.go:44.43,45.50 1 1
ariadne/internal/assets/rewriter.go:45.50,47.5 1 1
ariadne/internal/assets/rewriter.go:50.3,50.49 1 1
ariadne/internal/assets/rewriter.go:50.49,53.4 2 0
ariadne/internal/assets/rewriter.go:57.2,57.76 1 1
ariadne/internal/assets/rewriter.go:57.76,58.45 1 1
ariadne/internal/assets/rewriter.go:58.45,59.51 1 1
ariadne/internal/assets/rewriter.go:59.51,61.5 1 1
ariadne/internal/assets/rewriter.go:66.2,66.65 1 1
ariadne/internal/assets/rewriter.go:66.65,67.43 1 1
ariadne/internal/assets/rewriter.go:67.43,68.50 1 1
ariadne/internal/assets/rewriter.go:68.50,70.5 1 1
ariadne/internal/assets/rewriter.go:75.2,75.76 1 1
ariadne/internal/assets/rewriter.go:75.76,76.43 1 0
ariadne/internal/assets/rewriter.go:76.43,77.50 1 0
ariadne/internal/assets/rewriter.go:77.50,79.5 1 0
ariadne/internal/assets/rewriter.go:84.2,85.16 2 1
ariadne/internal/assets/rewriter.go:85.16,87.3 1 0
ariadne/internal/assets/rewriter.go:89.2,89.26 1 1
ariadne/internal/assets/rewriter.go:93.96,94.18 1 0
ariadne/internal/assets/rewriter.go:94.18,96.3 1 0
ariadne/internal/assets/rewriter.go:99.2,100.33 2 0
ariadne/internal/assets/rewriter.go:100.33,104.21 3 0
ariadne/internal/assets/rewriter.go:104.21,106.50 2 0
ariadne/internal/assets/rewriter.go:106.50,108.23 1 0
ariadne/internal/assets/rewriter.go:108.23,110.6 1 0
ariadne/internal/assets/rewriter.go:110.11,112.6 1 0
ariadne/internal/assets/rewriter.go:117.2,117.36 1 0
ariadne/internal/crawler/crawler.go:29.49,30.42 1 1
ariadne/internal/crawler/crawler.go:30.42,31.48 1 0
ariadne/internal/crawler/crawler.go:34.2,62.16 7 1
ariadne/internal/crawler/crawler.go:66.36,68.47 1 1
ariadne/internal/crawler/crawler.go:68.47,69.29 1 0
ariadne/internal/crawler/crawler.go:69.29,73.4 3 0
ariadne/internal/crawler/crawler.go:74.3,74.45 1 0
ariadne/internal/crawler/crawler.go:78.2,78.56 1 1
ariadne/internal/crawler/crawler.go:78.56,82.59 2 0
ariadne/internal/crawler/crawler.go:82.59,85.4 2 0
ariadne/internal/crawler/crawler.go:87.3,88.22 2 0
ariadne/internal/crawler/crawler.go:88.22,90.4 1 0
ariadne/internal/crawler/crawler.go:91.3,98.10 2 0
ariadne/internal/crawler/crawler.go:99.28,99.28 0 0
ariadne/internal/crawler/crawler.go:100.11,101.81 1 0
ariadne/internal/crawler/crawler.go:106.2,106.57 1 1
ariadne/internal/crawler/crawler.go:106.57,117.10 3 0
ariadne/internal/crawler/crawler.go:118.28,118.28 0 0
ariadne/internal/crawler/crawler.go:119.11,120.61 1 0
ariadne/internal/crawler/crawler.go:125.2,125.49 1 1
ariadne/internal/crawler/crawler.go:125.49,129.3 3 0
ariadne/internal/crawler/crawler.go:133.66,153.20 5 0
ariadne/internal/crawler/crawler.go:153.20,155.44 2 0
ariadne/internal/crawler/crawler.go:155.44,157.4 1 0
ariadne/internal/crawler/crawler.go:160.2,160.13 1 0
ariadne/internal/crawler/crawler.go:164.61,166.48 1 0
ariadne/internal/crawler/crawler.go:166.48,168.3 1 0
ariadne/internal/crawler/crawler.go:171.2,171.39 1 0
ariadne/internal/crawler/crawler.go:171.39,173.3 1 0
ariadne/internal/crawler/crawler.go:176.2,176.83 1 0
ariadne/internal/crawler/crawler.go:176.83,178.3 1 0
ariadne/internal/crawler/crawler.go:180.2,180.19 1 0
ariadne/internal/crawler/crawler.go:184.59,187.16 2 0
ariadne/internal/crawler/crawler.go:187.16,189.3 1 0
ariadne/internal/crawler/crawler.go:192.2,195.71 2 0
ariadne/internal/crawler/crawler.go:195.71,197.3 1 0
ariadne/internal/crawler/crawler.go:200.2,200.30 1 0
ariadne/internal/crawler/crawler.go:200.30,202.3 1 0
ariadne/internal/crawler/crawler.go:205.2,205.9 1 0
ariadne/internal/crawler/crawler.go:206.35,206.35 0 0
ariadne/internal/crawler/crawler.go:207.10,208.63 1 0
ariadne/internal/crawler/crawler.go:213.51,220.2 4 1
ariadne/internal/crawler/crawler.go:223.49,224.49 1 1
ariadne/internal/crawler/crawler.go:224.49,226.64 1 1
ariadne/internal/crawler/crawler.go:226.64,228.4 1 1
ariadne/internal/crawler/crawler.go:230.2,230.14 1 1
ariadne/internal/crawler/crawler.go:234.48,244.2 4 0
ariadne/internal/crawler/crawler.go:247.34,248.27 1 0
ariadne/internal/crawler/crawler.go:248.27,249.21 1 0
ariadne/internal/crawler/crawler.go:249.21,250.9 1 0
ariadne/internal/crawler/crawler.go:253.3,254.17 2 0
ariadne/internal/crawler/crawler.go:254.17,256.4 1 0
ariadne/internal/crawler/crawler.go:261.37,265.74 3 0
ariadne/internal/crawler/crawler.go:265.74,267.3 1 0
ariadne/internal/crawler/crawler.go:269.2,269.14 1 0
ariadne/internal/crawler/crawler.go:273.56,275.2 1 0
ariadne/internal/crawler/crawler.go:278.46,284.24 5 0
ariadne/internal/crawler/crawler.go:284.24,286.3 1 0
ariadne/internal/crawler/crawler.go:288.2,288.15 1 0
ariadne/internal/crawler/crawler.go:292.26,302.2 8 0
ariadne/internal/processor/processor.go:30.44,32.2 1 1
ariadne/internal/processor/processor.go:34.58,36.2 1 1
ariadne/internal/processor/processor.go:38.42,40.2 1 1
ariadne/internal/processor/processor.go:42.60,44.2 1 1
ariadne/internal/processor/processor.go:46.54,48.2 1 1
ariadne/internal/processor/processor.go:56.46,58.2 1 1
ariadne/internal/processor/processor.go:61.93,63.16 2 1
ariadne/internal/processor/processor.go:63.16,65.3 1 0
ariadne/internal/processor/processor.go:68.2,68.37 1 1
ariadne/internal/processor/processor.go:68.37,70.29 2 1
ariadne/internal/processor/processor.go:70.29,72.18 2 1
ariadne/internal/processor/processor.go:72.18,73.13 1 0
ariadne/internal/processor/processor.go:75.4,75.42 1 1
ariadne/internal/processor/processor.go:80.2,81.32 2 1
ariadne/internal/processor/processor.go:81.32,88.17 5 1
ariadne/internal/processor/processor.go:88.17,90.4 1 0
ariadne/internal/processor/processor.go:91.3,91.45 1 1
ariadne/internal/processor/processor.go:94.2,94.71 1 0
ariadne/internal/processor/processor.go:98.81,104.16 4 1
ariadne/internal/processor/processor.go:104.16,106.3 1 0
ariadne/internal/processor/processor.go:109.2,110.35 2 1
ariadne/internal/processor/processor.go:110.35,112.3 1 1
ariadne/internal/processor/processor.go:115.2,122.45 2 1
ariadne/internal/processor/processor.go:122.45,124.3 1 1
ariadne/internal/processor/processor.go:127.2,131.30 3 1
ariadne/internal/processor/processor.go:131.30,133.17 2 1
ariadne/internal/processor/processor.go:133.17,135.4 1 0
ariadne/internal/processor/processor.go:136.3,136.21 1 1
ariadne/internal/processor/processor.go:140.2,141.16 2 0
ariadne/internal/processor/processor.go:141.16,143.3 1 0
ariadne/internal/processor/processor.go:145.2,145.20 1 0
ariadne/internal/processor/processor.go:149.87,151.16 2 1
ariadne/internal/processor/processor.go:151.16,153.3 1 0
ariadne/internal/processor/processor.go:155.2,156.16 2 1
ariadne/internal/processor/processor.go:156.16,158.3 1 0
ariadne/internal/processor/processor.go:161.2,161.61 1 1
ariadne/internal/processor/processor.go:161.61,163.14 2 1
ariadne/internal/processor/processor.go:163.14,165.4 1 0
ariadne/internal/processor/processor.go:168.3,168.108 1 1
ariadne/internal/processor/processor.go:168.108,170.4 1 1
ariadne/internal/processor/processor.go:172.3,173.17 2 1
ariadne/internal/processor/processor.go:173.17,175.4 1 0
ariadne/internal/processor/processor.go:177.3,177.42 1 1
ariadne/internal/processor/processor.go:181.2,181.62 1 1
ariadne/internal/processor/processor.go:181.62,183.14 2 1
ariadne/internal/processor/processor.go:183.14,185.4 1 0
ariadne/internal/processor/processor.go:187.3,187.72 1 1
ariadne/internal/processor/processor.go:187.72,189.4 1 1
ariadne/internal/processor/processor.go:191.3,192.17 2 1
ariadne/internal/processor/processor.go:192.17,194.4 1 0
ariadne/internal/processor/processor.go:196.3,196.41 1 1
ariadne/internal/processor/processor.go:199.2,200.16 2 1
ariadne/internal/processor/processor.go:200.16,202.3 1 0
ariadne/internal/processor/processor.go:204.2,204.20 1 1
ariadne/internal/processor/processor.go:208.92,210.16 2 1
ariadne/internal/processor/processor.go:210.16,212.3 1 0
ariadne/internal/processor/processor.go:214.2,218.17 3 1
ariadne/internal/processor/processor.go:218.17,220.3 1 1
ariadne/internal/processor/processor.go:221.2,225.23 3 1
ariadne/internal/processor/processor.go:225.23,227.3 1 1
ariadne/internal/processor/processor.go:228.2,232.20 3 1
ariadne/internal/processor/processor.go:232.20,234.39 2 1
ariadne/internal/processor/processor.go:234.39,236.4 1 1
ariadne/internal/processor/processor.go:237.3,237.30 1 1
ariadne/internal/processor/processor.go:241.2,259.25 9 1
ariadne/internal/processor/processor.go:263.83,265.16 2 1
ariadne/internal/processor/processor.go:265.16,267.3 1 0
ariadne/internal/processor/processor.go:269.2,270.16 2 1
ariadne/internal/processor/processor.go:270.16,272.3 1 0
ariadne/internal/processor/processor.go:274.2,275.62 2 1
ariadne/internal/processor/processor.go:275.62,277.27 2 1
ariadne/internal/processor/processor.go:277.27,279.4 1 0
ariadne/internal/processor/processor.go:282.3,283.68 1 1
ariadne/internal/processor/processor.go:283.68,285.4 1 0
ariadne/internal/processor/processor.go:288.3,288.38 1 1
ariadne/internal/processor/processor.go:288.38,290.18 2 0
ariadne/internal/processor/processor.go:290.18,292.5 1 0
ariadne/internal/processor/processor.go:293.4,293.30 1 0
ariadne/internal/processor/processor.go:296.3,296.31 1 1
ariadne/internal/processor/processor.go:299.2,299.20 1 1
ariadne/internal/processor/processor.go:303.82,304.17 1 1
ariadne/internal/processor/processor.go:304.17,306.3 1 0
ariadne/internal/processor/processor.go:308.2,308.43 1 1
ariadne/internal/processor/processor.go:308.43,310.3 1 0
ariadne/internal/processor/processor.go:313.2,313.62 1 1
ariadne/internal/processor/processor.go:313.62,315.3 1 1
ariadne/internal/processor/processor.go:318.2,319.16 2 1
ariadne/internal/processor/processor.go:319.16,321.3 1 0
ariadne/internal/processor/processor.go:324.2,325.16 2 1
ariadne/internal/processor/processor.go:325.16,327.3 1 0
ariadne/internal/processor/processor.go:330.2,336.16 3 1
ariadne/internal/processor/processor.go:336.16,339.3 1 0
ariadne/internal/processor/processor.go:342.2,344.16 3 1
ariadne/internal/processor/processor.go:344.16,346.3 1 0
ariadne/internal/processor/processor.go:349.2,350.16 2 1
ariadne/internal/processor/processor.go:350.16,354.3 2 0
ariadne/internal/processor/processor.go:357.2,358.16 2 1
ariadne/internal/processor/processor.go:358.16,361.3 1 0
ariadne/internal/processor/processor.go:364.2,376.12 10 1
ariadne/internal/processor/processor.go:405.49,407.2 1 1
ariadne/internal/processor/processor.go:410.60,412.2 1 1
ariadne/internal/processor/processor.go:415.46,417.2 1 1
ariadne/internal/processor/processor.go:420.41,422.2 1 1
ariadne/internal/processor/processor.go:425.31,427.2 0 1
ariadne/internal/processor/processor.go:430.101,434.12 2 1
ariadne/internal/processor/processor.go:434.12,437.30 2 1
ariadne/internal/processor/processor.go:437.30,442.38 4 1
ariadne/internal/processor/processor.go:442.38,444.5 1 0
ariadne/internal/processor/processor.go:445.4,452.18 2 1
ariadne/internal/processor/processor.go:452.18,454.5 1 1
ariadne/internal/processor/processor.go:456.4,456.21 1 1
ariadne/internal/processor/processor.go:460.2,460.16 1 1
ariadne/internal/processor/processor.go:464.72,465.35 1 1
ariadne/internal/processor/processor.go:465.35,467.3 1 0
ariadne/internal/processor/processor.go:470.2,480.16 3 1
ariadne/internal/processor/processor.go:480.16,482.3 1 0
ariadne/internal/processor/processor.go:485.2,487.21 2 1
ariadne/internal/processor/processor.go:491.44,506.29 8 1
ariadne/internal/processor/processor.go:506.29,508.88 1 1
ariadne/internal/processor/processor.go:508.88,511.31 2 1
ariadne/internal/processor/processor.go:511.31,513.5 1 1
ariadne/internal/processor/processor.go:515.4,515.69 1 1
ariadne/internal/processor/processor.go:515.69,518.39 2 1
ariadne/internal/processor/processor.go:518.39,520.6 1 1
ariadne/internal/processor/processor.go:521.5,521.61 1 1
ariadne/internal/processor/processor.go:523.9,526.4 1 1
ariadne/internal/processor/processor.go:529.2,529.53 1 1
ariadne/internal/processor/processor.go:533.82,540.17 2 1
ariadne/internal/processor/processor.go:540.17,545.3 4 0
ariadne/internal/processor/processor.go:548.2,549.19 2 1
ariadne/internal/processor/processor.go:549.19,555.3 5 0
ariadne/internal/processor/processor.go:557.2,561.20 3 1
ariadne/internal/processor/processor.go:561.20,564.30 3 0
ariadne/internal/processor/processor.go:564.30,566.37 1 0
ariadne/internal/processor/processor.go:566.37,568.5 1 0
ariadne/internal/processor/processor.go:571.2,584.39 6 1
ariadne/internal/processor/processor.go:584.39,586.23 2 1
ariadne/internal/processor/processor.go:586.23,589.4 2 1
ariadne/internal/processor/processor.go:593.2,593.18 1 1
ariadne/internal/processor/processor.go:593.18,596.3 2 1
ariadne/internal/processor/processor.go:596.8,596.26 1 1
ariadne/internal/processor/processor.go:596.26,599.3 2 1
ariadne/internal/processor/processor.go:601.2,601.21 1 1
ariadne/internal/processor/processor.go:601.21,604.3 2 1
ariadne/internal/processor/processor.go:604.8,604.30 1 1
ariadne/internal/processor/processor.go:604.30,607.3 2 1
ariadne/internal/processor/processor.go:610.2,610.95 1 1
ariadne/internal/processor/processor.go:610.95,613.30 2 1
ariadne/internal/processor/processor.go:613.30,616.4 2 0
ariadne/internal/processor/processor.go:617.8,619.3 1 1
ariadne/internal/processor/processor.go:622.2,622.22 1 1
ariadne/internal/processor/processor.go:622.22,624.3 1 0
ariadne/internal/processor/processor.go:626.2,626.50 1 1
ariadne/internal/processor/processor.go:626.50,628.3 1 1
ariadne/internal/processor/processor.go:630.2,630.15 1 1
ariadne/packages/engine/output/html/template.go:55.53,65.2 1 1
ariadne/packages/engine/output/html/template.go:68.54,70.2 1 1
ariadne/packages/engine/output/html/template.go:73.89,81.2 1 1
ariadne/packages/engine/output/html/template.go:84.60,88.2 3 1
ariadne/packages/engine/output/html/template.go:91.72,97.42 4 1
ariadne/packages/engine/output/html/template.go:97.42,114.3 3 1
ariadne/packages/engine/output/html/template.go:114.8,116.3 1 1
ariadne/packages/engine/output/html/template.go:118.2,118.12 1 1
ariadne/packages/engine/output/html/template.go:122.55,130.2 5 1
ariadne/packages/engine/output/html/template.go:133.72,137.40 3 1
ariadne/packages/engine/output/html/template.go:137.40,139.3 1 1
ariadne/packages/engine/output/html/template.go:141.2,141.14 1 1
ariadne/packages/engine/output/html/template.go:145.60,150.2 3 1
ariadne/packages/engine/output/html/template.go:153.68,154.23 1 1
ariadne/packages/engine/output/html/template.go:154.23,156.3 1 0
ariadne/packages/engine/output/html/template.go:159.2,169.35 3 1
ariadne/packages/engine/output/html/template.go:169.35,171.3 1 1
ariadne/packages/engine/output/html/template.go:174.2,179.38 5 1
ariadne/packages/engine/output/html/template.go:179.38,181.3 1 1
ariadne/packages/engine/output/html/template.go:183.2,186.21 3 1
ariadne/packages/engine/output/html/template.go:190.93,192.24 2 1
ariadne/packages/engine/output/html/template.go:192.24,194.3 1 1
ariadne/packages/engine/output/html/template.go:196.2,200.33 3 1
ariadne/packages/engine/output/html/template.go:200.33,201.24 1 1
ariadne/packages/engine/output/html/template.go:201.24,203.4 1 1
ariadne/packages/engine/output/html/template.go:204.3,208.42 3 1
ariadne/packages/engine/output/html/template.go:208.42,209.44 1 1
ariadne/packages/engine/output/html/template.go:209.44,211.10 2 1
ariadne/packages/engine/output/html/template.go:215.3,215.19 1 1
ariadne/packages/engine/output/html/template.go:215.19,218.49 2 1
ariadne/packages/engine/output/html/template.go:218.49,221.5 1 1
ariadne/packages/engine/output/html/template.go:223.4,229.54 2 1
ariadne/packages/engine/output/html/template.go:232.3,232.18 1 1
ariadne/packages/engine/output/html/template.go:237.109,242.47 3 1
ariadne/packages/engine/output/html/template.go:242.47,247.3 2 1
ariadne/packages/engine/output/html/template.go:247.8,251.3 1 1
ariadne/packages/engine/output/html/template.go:253.2,253.28 1 1
ariadne/packages/engine/output/html/template.go:253.28,255.39 2 1
ariadne/packages/engine/output/html/template.go:255.39,257.4 1 1
ariadne/packages/engine/output/html/template.go:258.3,258.57 1 1
ariadne/packages/engine/output/html/template.go:261.2,261.54 1 1
ariadne/packages/engine/output/html/template.go:265.65,272.2 5 1
ariadne/packages/engine/output/html/template.go:275.54,294.30 12 1
ariadne/packages/engine/output/html/template.go:294.30,297.3 2 0
ariadne/packages/engine/output/html/template.go:299.2,312.32 8 1
ariadne/packages/engine/output/html/template.go:312.32,316.3 3 1
ariadne/packages/engine/output/html/template.go:319.2,323.35 3 1
ariadne/packages/engine/output/html/template.go:323.35,325.3 1 1
ariadne/packages/engine/output/html/template.go:327.2,337.29 6 1
ariadne/packages/engine/output/html/template.go:337.29,341.3 3 0
ariadne/packages/engine/output/html/template.go:343.2,346.22 3 1
ariadne/packages/engine/output/html/template.go:350.73,362.25 7 1
ariadne/packages/engine/output/html/template.go:362.25,364.3 1 0
ariadne/packages/engine/output/html/template.go:366.2,371.26 5 1
ariadne/packages/engine/output/html/template.go:375.60,464.2 1 1
ariadne/packages/engine/output/html/template.go:467.58,471.2 3 1
ariadne/packages/engine/output/html/template.go:474.59,478.2 3 1
ariadne/packages/engine/output/html/template.go:481.46,492.22 6 1
ariadne/packages/engine/output/html/template.go:492.22,493.54 1 1
ariadne/packages/engine/output/html/template.go:493.54,495.4 1 0
ariadne/packages/engine/output/html/template.go:499.2,499.78 1 1
ariadne/packages/engine/output/html/template.go:499.78,501.3 1 0
ariadne/packages/engine/output/html/template.go:503.2,504.12 2 1
ariadne/packages/engine/output/html/template.go:508.62,524.30 10 1
ariadne/packages/engine/output/html/template.go:524.30,527.3 2 0
ariadne/packages/engine/output/html/template.go:529.2,542.32 8 1
ariadne/packages/engine/output/html/template.go:542.32,546.3 3 1
ariadne/packages/engine/output/html/template.go:549.2,553.35 3 1
ariadne/packages/engine/output/html/template.go:553.35,555.3 1 1
ariadne/packages/engine/output/html/template.go:557.2,567.29 6 1
ariadne/packages/engine/output/html/template.go:567.29,571.3 3 0
ariadne/packages/engine/output/html/template.go:573.2,576.22 3 1
ariadne/packages/engine/output/html/template.go:580.46,583.2 1 1
ariadne/packages/engine/output/html/template.go:586.46,588.2 1 1
ariadne/packages/engine/config.go:44.82,57.108 2 1
ariadne/packages/engine/config.go:57.108,59.3 1 0
ariadne/packages/engine/config.go:60.2,60.11 1 1
ariadne/packages/engine/config.go:64.24,103.2 1 1
ariadne/packages/engine/engine.go:63.55,64.25 1 1
ariadne/packages/engine/engine.go:64.25,65.15 1 0
ariadne/packages/engine/engine.go:65.15,67.4 1 0
ariadne/packages/engine/engine.go:71.2,72.108 2 1
ariadne/packages/engine/engine.go:72.108,74.17 2 1
ariadne/packages/engine/engine.go:74.17,76.4 1 0
ariadne/packages/engine/engine.go:77.3,77.15 1 1
ariadne/packages/engine/engine.go:81.2,82.27 2 1
ariadne/packages/engine/engine.go:82.27,84.3 1 1
ariadne/packages/engine/engine.go:87.2,87.30 1 1
ariadne/packages/engine/engine.go:87.30,89.3 1 1
ariadne/packages/engine/engine.go:91.2,103.15 5 1
ariadne/packages/engine/engine.go:107.100,108.23 1 1
ariadne/packages/engine/engine.go:108.23,110.3 1 0
ariadne/packages/engine/engine.go:111.2,112.58 2 1
ariadne/packages/engine/engine.go:112.58,114.3 1 1
ariadne/packages/engine/engine.go:115.2,116.21 2 1
ariadne/packages/engine/engine.go:119.55,123.16 4 1
ariadne/packages/engine/engine.go:123.16,125.3 1 0
ariadne/packages/engine/engine.go:126.2,129.21 4 1
ariadne/packages/engine/engine.go:129.21,131.3 1 1
ariadne/packages/engine/engine.go:132.2,132.38 1 1
ariadne/packages/engine/engine.go:132.38,134.3 1 0
ariadne/packages/engine/engine.go:135.2,136.26 2 1
ariadne/packages/engine/engine.go:136.26,137.27 1 1
ariadne/packages/engine/engine.go:137.27,139.12 2 1
ariadne/packages/engine/engine.go:141.3,141.23 1 1
ariadne/packages/engine/engine.go:143.2,143.12 1 1
ariadne/packages/engine/engine.go:147.31,148.17 1 1
ariadne/packages/engine/engine.go:148.17,150.3 1 1
ariadne/packages/engine/engine.go:151.2,151.57 1 1
ariadne/packages/engine/engine.go:151.57,153.3 1 1
ariadne/packages/engine/engine.go:154.2,154.17 1 1
ariadne/packages/engine/engine.go:154.17,156.3 1 1
ariadne/packages/engine/engine.go:157.2,157.12 1 1
ariadne/packages/engine/engine.go:161.38,163.26 2 1
ariadne/packages/engine/engine.go:163.26,165.3 1 0
ariadne/packages/engine/engine.go:166.2,167.17 2 1
ariadne/packages/engine/engine.go:167.17,169.3 1 1
ariadne/packages/engine/engine.go:170.2,170.22 1 1
ariadne/packages/engine/engine.go:170.22,173.3 2 1
ariadne/packages/engine/engine.go:174.2,174.17 1 1
ariadne/packages/engine/engine.go:174.17,182.3 2 1
ariadne/packages/engine/engine.go:183.2,183.18 1 1
ariadne/packages/engine/engine.go:183.18,185.3 1 1
ariadne/packages/engine/engine.go:186.2,186.13 1 1
ariadne/packages/engine/engine.go:199.98,202.16 2 0
ariadne/packages/engine/engine.go:202.16,204.3 1 0
ariadne/packages/engine/engine.go:207.2,208.20 2 0
ariadne/packages/engine/output/enhancement/enhancer.go:133.65,141.2 1 1
ariadne/packages/engine/output/enhancement/enhancer.go:144.43,154.2 1 1
ariadne/packages/engine/output/enhancement/enhancer.go:157.44,159.2 1 1
ariadne/packages/engine/output/enhancement/enhancer.go:162.85,174.2 1 1
ariadne/packages/engine/output/enhancement/enhancer.go:177.61,181.2 3 1
ariadne/packages/engine/output/enhancement/enhancer.go:184.70,188.2 3 1
ariadne/packages/engine/output/enhancement/enhancer.go:191.66,195.2 3 1
ariadne/packages/engine/output/enhancement/enhancer.go:198.41,200.2 1 1
ariadne/packages/engine/output/enhancement/enhancer.go:203.54,222.2 4 1
ariadne/packages/engine/output/enhancement/enhancer.go:225.95,229.47 3 1
ariadne/packages/engine/output/enhancement/enhancer.go:229.47,231.3 1 0
ariadne/packages/engine/output/enhancement/enhancer.go:233.2,240.43 2 1
ariadne/packages/engine/output/enhancement/enhancer.go:240.43,242.3 1 1
ariadne/packages/engine/output/enhancement/enhancer.go:245.2,248.12 3 1
ariadne/packages/engine/output/enhancement/enhancer.go:252.119,253.34 1 1
ariadne/packages/engine/output/enhancement/enhancer.go:253.34,255.3 1 0
ariadne/packages/engine/output/enhancement/enhancer.go:258.2,268.20 2 1
ariadne/packages/engine/output/enhancement/enhancer.go:268.20,270.18 2 1
ariadne/packages/engine/output/enhancement/enhancer.go:270.18,273.4 2 1
ariadne/packages/engine/output/enhancement/enhancer.go:277.2,277.38 1 1
ariadne/packages/engine/output/enhancement/enhancer.go:277.38,288.22 2 1
ariadne/packages/engine/output/enhancement/enhancer.go:288.22,290.19 2 1
ariadne/packages/engine/output/enhancement/enhancer.go:290.19,293.5 2 1
ariadne/packages/engine/output/enhancement/enhancer.go:297.3,297.45 1 1
ariadne/packages/engine/output/enhancement/enhancer.go:297.45,301.4 3 0
ariadne/packages/engine/output/enhancement/enhancer.go:303.3,303.66 1 1
ariadne/packages/engine/output/enhancement/enhancer.go:306.2,306.46 1 1
ariadne/packages/engine/output/enhancement/enhancer.go:310.99,314.25 3 1
ariadne/packages/engine/output/enhancement/enhancer.go:314.25,316.3 1 0
ariadne/packages/engine/output/enhancement/enhancer.go:319.2,322.32 3 1
ariadne/packages/engine/output/enhancement/enhancer.go:322.32,323.21 1 1
ariadne/packages/engine/output/enhancement/enhancer.go:323.21,324.12 1 0
ariadne/packages/engine/output/enhancement/enhancer.go:327.3,328.35 2 1
ariadne/packages/engine/output/enhancement/enhancer.go:328.35,329.12 1 1
ariadne/packages/engine/output/enhancement/enhancer.go:332.3,343.39 3 1
ariadne/packages/engine/output/enhancement/enhancer.go:346.2,346.17 1 1
ariadne/packages/engine/output/enhancement/enhancer.go:350.69,355.39 3 1
ariadne/packages/engine/output/enhancement/enhancer.go:355.39,357.3 1 1
ariadne/packages/engine/output/enhancement/enhancer.go:361.129,363.36 1 1
ariadne/packages/engine/output/enhancement/enhancer.go:363.36,365.3 1 1
ariadne/packages/engine/output/enhancement/enhancer.go:366.2,372.36 4 1
ariadne/packages/engine/output/enhancement/enhancer.go:372.36,373.36 1 1
ariadne/packages/engine/output/enhancement/enhancer.go:373.36,374.9 1 0
ariadne/packages/engine/output/enhancement/enhancer.go:377.3,377.39 1 1
ariadne/packages/engine/output/enhancement/enhancer.go:377.39,386.4 3 1
ariadne/packages/engine/output/enhancement/enhancer.go:390.2,390.49 1 1
ariadne/packages/engine/output/enhancement/enhancer.go:390.49,392.3 1 1
ariadne/packages/engine/output/enhancement/enhancer.go:396.57,400.29 3 1
ariadne/packages/engine/output/enhancement/enhancer.go:400.29,407.3 1 0
ariadne/packages/engine/output/enhancement/enhancer.go:409.2,417.31 2 1
ariadne/packages/engine/output/enhancement/enhancer.go:417.31,426.3 2 1
ariadne/packages/engine/output/enhancement/enhancer.go:429.2,429.31 1 1
ariadne/packages/engine/output/enhancement/enhancer.go:429.31,431.36 2 1
ariadne/packages/engine/output/enhancement/enhancer.go:431.36,440.4 2 1
ariadne/packages/engine/output/enhancement/enhancer.go:444.2,450.14 4 1
ariadne/packages/engine/output/enhancement/enhancer.go:454.74,460.45 4 1
ariadne/packages/engine/output/enhancement/enhancer.go:460.45,462.3 1 1
ariadne/packages/engine/output/enhancement/enhancer.go:465.2,466.35 2 1
ariadne/packages/engine/output/enhancement/enhancer.go:466.35,467.24 1 1
ariadne/packages/engine/output/enhancement/enhancer.go:467.24,468.12 1 0
ariadne/packages/engine/output/enhancement/enhancer.go:471.3,472.47 2 1
ariadne/packages/engine/output/enhancement/enhancer.go:472.47,474.4 1 1
ariadne/packages/engine/output/enhancement/enhancer.go:474.9,476.4 1 0
ariadne/packages/engine/output/enhancement/enhancer.go:480.2,480.45 1 1
ariadne/packages/engine/output/enhancement/enhancer.go:480.45,482.57 2 1
ariadne/packages/engine/output/enhancement/enhancer.go:482.57,488.4 2 1
ariadne/packages/engine/output/enhancement/enhancer.go:492.2,492.50 1 1
ariadne/packages/engine/output/enhancement/enhancer.go:492.50,498.3 2 0
ariadne/packages/engine/output/enhancement/enhancer.go:502.67,506.42 2 1
ariadne/packages/engine/output/enhancement/enhancer.go:506.42,508.32 2 1
ariadne/packages/engine/output/enhancement/enhancer.go:508.32,510.4 1 1
ariadne/packages/engine/output/enhancement/enhancer.go:514.2,514.42 1 1
ariadne/packages/engine/output/enhancement/enhancer.go:514.42,520.3 2 1
ariadne/packages/engine/output/enhancement/enhancer.go:523.2,523.54 1 1
ariadne/packages/engine/output/enhancement/enhancer.go:523.54,525.3 1 1
ariadne/packages/engine/output/enhancement/enhancer.go:529.62,533.28 3 1
ariadne/packages/engine/output/enhancement/enhancer.go:533.28,535.3 1 0
ariadne/packages/engine/output/enhancement/enhancer.go:537.2,539.31 2 1
ariadne/packages/engine/output/enhancement/enhancer.go:539.31,548.3 2 1
ariadne/packages/engine/output/enhancement/enhancer.go:550.2,552.20 3 1
ariadne/packages/engine/output/enhancement/enhancer.go:556.64,560.69 3 1
ariadne/packages/engine/output/enhancement/enhancer.go:560.69,562.3 1 0
ariadne/packages/engine/output/enhancement/enhancer.go:564.2,569.46 4 1
ariadne/packages/engine/output/enhancement/enhancer.go:569.46,571.16 2 1
ariadne/packages/engine/output/enhancement/enhancer.go:571.16,579.4 2 1
ariadne/packages/engine/output/enhancement/enhancer.go:583.2,583.42 1 1
ariadne/packages/engine/output/enhancement/enhancer.go:583.42,585.3 1 1
ariadne/packages/engine/output/enhancement/enhancer.go:587.2,587.16 1 1
ariadne/packages/engine/output/enhancement/enhancer.go:591.61,595.28 3 1
ariadne/packages/engine/output/enhancement/enhancer.go:595.28,597.3 1 0
ariadne/packages/engine/output/enhancement/enhancer.go:599.2,603.46 3 1
ariadne/packages/engine/output/enhancement/enhancer.go:603.46,604.12 1 1
ariadne/packages/engine/output/enhancement/enhancer.go:604.12,606.4 1 1
ariadne/packages/engine/output/enhancement/enhancer.go:607.3,608.95 1 1
ariadne/packages/engine/output/enhancement/enhancer.go:610.2,678.20 3 1
ariadne/packages/engine/output/enhancement/enhancer.go:682.54,822.35 5 1
ariadne/packages/engine/output/enhancement/enhancer.go:822.35,841.3 1 1
ariadne/packages/engine/output/enhancement/enhancer.go:844.2,844.35 1 1
ariadne/packages/engine/output/enhancement/enhancer.go:844.35,861.3 1 1
ariadne/packages/engine/output/enhancement/enhancer.go:864.2,894.34 2 1
ariadne/packages/engine/output/enhancement/enhancer.go:894.34,924.3 1 1
ariadne/packages/engine/output/enhancement/enhancer.go:926.2,926.21 1 1
ariadne/packages/engine/output/enhancement/enhancer.go:930.101,949.2 6 1
ariadne/packages/engine/output/enhancement/enhancer.go:952.59,956.2 3 1
ariadne/packages/engine/output/enhancement/enhancer.go:959.60,965.2 4 1
ariadne/packages/engine/output/enhancement/enhancer.go:967.66,968.31 1 1
ariadne/packages/engine/output/enhancement/enhancer.go:968.31,969.31 1 1
ariadne/packages/engine/output/enhancement/enhancer.go:969.31,971.4 1 1
ariadne/packages/engine/output/enhancement/enhancer.go:973.2,973.12 1 0
ariadne/packages/engine/output/enhancement/enhancer.go:976.73,983.31 4 1
ariadne/packages/engine/output/enhancement/enhancer.go:983.31,984.33 1 1
ariadne/packages/engine/output/enhancement/enhancer.go:984.33,985.9 1 0
ariadne/packages/engine/output/enhancement/enhancer.go:989.3,989.48 1 1
ariadne/packages/engine/output/enhancement/enhancer.go:989.48,990.12 1 1
ariadne/packages/engine/output/enhancement/enhancer.go:994.3,1000.48 4 1
ariadne/packages/engine/output/enhancement/enhancer.go:1000.48,1002.4 1 1
ariadne/packages/engine/output/enhancement/enhancer.go:1008.3,1009.35 2 1
ariadne/packages/engine/output/enhancement/enhancer.go:1009.35,1010.99 1 1
ariadne/packages/engine/output/enhancement/enhancer.go:1010.99,1012.10 2 1
ariadne/packages/engine/output/enhancement/enhancer.go:1017.3,1017.59 1 1
ariadne/packages/engine/output/enhancement/enhancer.go:1017.59,1020.4 1 1
ariadne/packages/engine/output/enhancement/enhancer.go:1022.3,1022.16 1 1
ariadne/packages/engine/output/enhancement/enhancer.go:1022.16,1024.4 1 1
ariadne/packages/engine/output/enhancement/enhancer.go:1027.2,1027.16 1 1
ariadne/packages/engine/output/enhancement/enhancer.go:1030.75,1034.29 3 1
ariadne/packages/engine/output/enhancement/enhancer.go:1034.29,1035.20 1 1
ariadne/packages/engine/output/enhancement/enhancer.go:1035.20,1037.4 1 1
ariadne/packages/engine/output/enhancement/enhancer.go:1040.2,1040.17 1 1
ariadne/packages/engine/output/enhancement/enhancer.go:1043.69,1048.22 3 1
ariadne/packages/engine/output/enhancement/enhancer.go:1048.22,1050.3 1 1
ariadne/packages/engine/output/enhancement/enhancer.go:1052.2,1055.33 3 1
ariadne/packages/engine/output/enhancement/enhancer.go:1055.33,1056.49 1 1
ariadne/packages/engine/output/enhancement/enhancer.go:1056.49,1058.21 1 1
ariadne/packages/engine/output/enhancement/enhancer.go:1058.21,1061.5 2 1
ariadne/packages/engine/output/enhancement/enhancer.go:1065.2,1065.22 1 1
ariadne/packages/engine/output/enhancement/enhancer.go:1065.22,1067.3 1 0
ariadne/packages/engine/output/enhancement/enhancer.go:1069.2,1069.15 1 1
ariadne/packages/engine/output/enhancement/enhancer.go:1072.74,1074.28 2 1
ariadne/packages/engine/output/enhancement/enhancer.go:1074.28,1076.3 1 0
ariadne/packages/engine/output/enhancement/enhancer.go:1079.2,1083.23 3 1
ariadne/packages/engine/output/enhancement/enhancer.go:1083.23,1085.3 1 0
ariadne/packages/engine/output/enhancement/enhancer.go:1087.2,1087.14 1 1
ariadne/packages/engine/output/enhancement/enhancer.go:1090.77,1098.33 4 1
ariadne/packages/engine/output/enhancement/enhancer.go:1098.33,1099.34 1 1
ariadne/packages/engine/output/enhancement/enhancer.go:1099.34,1101.4 1 1
ariadne/packages/engine/output/enhancement/enhancer.go:1105.2,1106.34 2 1
ariadne/packages/engine/output/enhancement/enhancer.go:1106.34,1107.20 1 1
ariadne/packages/engine/output/enhancement/enhancer.go:1107.20,1109.4 1 1
ariadne/packages/engine/output/enhancement/enhancer.go:1112.2,1112.39 1 1
ariadne/packages/engine/output/enhancement/enhancer.go:1115.76,1120.20 3 1
ariadne/packages/engine/output/enhancement/enhancer.go:1120.20,1122.3 1 1
ariadne/packages/engine/output/enhancement/enhancer.go:1125.2,1126.61 1 1
ariadne/packages/engine/output/enhancement/enhancer.go:1126.61,1128.3 1 1
ariadne/packages/engine/output/enhancement/enhancer.go:1131.2,1132.26 2 1
ariadne/packages/engine/output/enhancement/enhancer.go:1132.26,1134.3 1 0
ariadne/packages/engine/output/enhancement/enhancer.go:1136.2,1136.15 1 1
ariadne/packages/engine/output/enhancement/enhancer.go:1139.97,1143.34 3 1
ariadne/packages/engine/output/enhancement/enhancer.go:1143.34,1145.59 1 1
ariadne/packages/engine/output/enhancement/enhancer.go:1145.59,1147.4 1 1
ariadne/packages/engine/output/enhancement/enhancer.go:1150.3,1150.38 1 1
ariadne/packages/engine/output/enhancement/enhancer.go:1150.38,1152.4 1 1
ariadne/packages/engine/output/enhancement/enhancer.go:1155.3,1155.42 1 1
ariadne/packages/engine/output/enhancement/enhancer.go:1155.42,1156.56 1 1
ariadne/packages/engine/output/enhancement/enhancer.go:1156.56,1158.5 1 1
ariadne/packages/engine/output/enhancement/enhancer.go:1163.2,1165.14 2 1
ariadne/packages/engine/output/enhancement/enhancer.go:1168.97,1173.34 3 1
ariadne/packages/engine/output/enhancement/enhancer.go:1173.34,1175.17 2 1
ariadne/packages/engine/output/enhancement/enhancer.go:1175.17,1177.18 2 1
ariadne/packages/engine/output/enhancement/enhancer.go:1177.18,1179.5 1 1
ariadne/packages/engine/output/enhancement/enhancer.go:1181.4,1182.38 2 1
ariadne/packages/engine/output/enhancement/enhancer.go:1182.38,1184.5 1 0
ariadne/packages/engine/output/enhancement/enhancer.go:1186.4,1187.17 2 1
ariadne/packages/engine/output/enhancement/enhancer.go:1187.17,1189.5 1 1
ariadne/packages/engine/output/enhancement/enhancer.go:1190.4,1190.26 1 1
ariadne/packages/engine/output/enhancement/enhancer.go:1190.26,1192.5 1 0
ariadne/packages/engine/output/enhancement/enhancer.go:1194.4,1194.18 1 1
ariadne/packages/engine/output/enhancement/enhancer.go:1199.2,1199.31 1 0
ariadne/packages/engine/output/enhancement/enhancer.go:1199.31,1201.3 1 0
ariadne/packages/engine/output/enhancement/enhancer.go:1203.2,1203.36 1 0
ariadne/packages/engine/output/enhancement/enhancer.go:1206.64,1208.31 2 1
ariadne/packages/engine/output/enhancement/enhancer.go:1208.31,1210.3 1 1
ariadne/packages/engine/output/enhancement/enhancer.go:1211.2,1211.28 1 0
ariadne/packages/engine/output/enhancement/enhancer.go:1214.71,1218.29 3 1
ariadne/packages/engine/output/enhancement/enhancer.go:1218.29,1219.32 1 1
ariadne/packages/engine/output/enhancement/enhancer.go:1219.32,1222.4 2 1
ariadne/packages/engine/output/enhancement/enhancer.go:1225.2,1225.15 1 1
ariadne/internal/test/httpmock/server.go:34.48,38.24 3 1
ariadne/internal/test/httpmock/server.go:38.24,41.20 2 1
ariadne/internal/test/httpmock/server.go:41.20,43.4 1 1
ariadne/internal/test/httpmock/server.go:44.3,44.38 1 1
ariadne/internal/test/httpmock/server.go:47.2,47.51 1 1
ariadne/internal/test/httpmock/server.go:47.51,49.3 1 1
ariadne/internal/test/httpmock/server.go:51.2,53.11 3 1
ariadne/internal/test/httpmock/server.go:57.35,57.58 1 1
ariadne/internal/test/httpmock/server.go:60.30,60.50 1 1
ariadne/internal/test/httpmock/server.go:63.69,67.33 4 1
ariadne/internal/test/httpmock/server.go:67.33,68.17 1 1
ariadne/internal/test/httpmock/server.go:68.17,70.16 2 1
ariadne/internal/test/httpmock/server.go:70.16,71.13 1 1
ariadne/internal/test/httpmock/server.go:73.9,73.30 1 1
ariadne/internal/test/httpmock/server.go:73.30,74.46 1 0
ariadne/internal/test/httpmock/server.go:74.46,75.13 1 0
ariadne/internal/test/httpmock/server.go:77.9,78.45 1 1
ariadne/internal/test/httpmock/server.go:78.45,79.13 1 1
ariadne/internal/test/httpmock/server.go:83.3,83.21 1 1
ariadne/internal/test/httpmock/server.go:83.21,84.11 1 1
ariadne/internal/test/httpmock/server.go:85.30,86.11 1 1
ariadne/internal/test/httpmock/server.go:87.34,87.34 0 1
ariadne/internal/test/httpmock/server.go:90.3,90.34 1 1
ariadne/internal/test/httpmock/server.go:90.34,92.4 1 0
ariadne/internal/test/httpmock/server.go:93.3,95.9 3 1
ariadne/internal/test/httpmock/server.go:97.2,99.37 3 1
ariadne/internal/test/httpmock/server.go:103.88,106.2 2 1
ariadne/packages/engine/output/composite_sink.go:18.67,23.2 1 1
ariadne/packages/engine/output/composite_sink.go:26.65,33.31 5 1
ariadne/packages/engine/output/composite_sink.go:33.31,35.17 2 1
ariadne/packages/engine/output/composite_sink.go:35.17,36.25 1 0
ariadne/packages/engine/output/composite_sink.go:36.25,38.5 1 0
ariadne/packages/engine/output/composite_sink.go:39.4,39.25 1 0
ariadne/packages/engine/output/composite_sink.go:40.9,42.4 1 1
ariadne/packages/engine/output/composite_sink.go:45.2,48.43 2 1
ariadne/packages/engine/output/composite_sink.go:48.43,50.3 1 0
ariadne/packages/engine/output/composite_sink.go:52.2,52.12 1 1
ariadne/packages/engine/output/composite_sink.go:56.39,62.31 4 0
ariadne/packages/engine/output/composite_sink.go:62.31,64.38 2 0
ariadne/packages/engine/output/composite_sink.go:64.38,66.4 1 0
ariadne/packages/engine/output/composite_sink.go:69.2,70.19 2 0
ariadne/packages/engine/output/composite_sink.go:74.39,80.31 4 0
ariadne/packages/engine/output/composite_sink.go:80.31,82.38 2 0
ariadne/packages/engine/output/composite_sink.go:82.38,84.4 1 0
ariadne/packages/engine/output/composite_sink.go:87.2,88.19 2 0
ariadne/packages/engine/output/composite_sink.go:92.39,94.2 1 0
ariadne/packages/engine/output/composite_sink.go:97.60,101.31 3 0
ariadne/packages/engine/output/composite_sink.go:101.31,103.17 2 0
ariadne/packages/engine/output/composite_sink.go:103.17,105.4 1 0
ariadne/packages/engine/output/composite_sink.go:108.2,108.12 1 0
ariadne/packages/engine/output/composite_sink.go:112.43,119.31 4 0
ariadne/packages/engine/output/composite_sink.go:119.31,125.3 5 0
ariadne/packages/engine/output/composite_sink.go:127.2,127.19 1 0
ariadne/packages/engine/output/composite_sink.go:131.42,135.31 3 0
ariadne/packages/engine/output/composite_sink.go:135.31,136.24 1 0
ariadne/packages/engine/output/composite_sink.go:136.24,138.4 1 0
ariadne/packages/engine/output/composite_sink.go:141.2,141.13 1 0
ariadne/packages/engine/output/composite_sink.go:145.100,149.31 3 0
ariadne/packages/engine/output/composite_sink.go:149.31,151.3 1 0
ariadne/packages/engine/output/composite_sink.go:155.78,159.31 3 0
ariadne/packages/engine/output/composite_sink.go:159.31,161.3 1 0
ariadne/packages/engine/output/composite_sink.go:177.36,182.2 1 1
ariadne/packages/engine/output/composite_sink.go:185.85,193.2 3 1
ariadne/packages/engine/output/composite_sink.go:196.63,200.19 3 1
ariadne/packages/engine/output/composite_sink.go:200.19,202.3 1 0
ariadne/packages/engine/output/composite_sink.go:204.2,207.33 3 1
ariadne/packages/engine/output/composite_sink.go:207.33,208.30 1 1
ariadne/packages/engine/output/composite_sink.go:208.30,210.18 2 1
ariadne/packages/engine/output/composite_sink.go:210.18,211.26 1 0
ariadne/packages/engine/output/composite_sink.go:211.26,213.6 1 0
ariadne/packages/engine/output/composite_sink.go:214.5,214.26 1 0
ariadne/packages/engine/output/composite_sink.go:216.4,216.17 1 1
ariadne/packages/engine/output/composite_sink.go:220.2,222.13 2 1
ariadne/packages/engine/output/composite_sink.go:222.13,225.3 2 0
ariadne/packages/engine/output/composite_sink.go:227.2,227.19 1 1
ariadne/packages/engine/output/composite_sink.go:231.37,237.33 4 0
ariadne/packages/engine/output/composite_sink.go:237.33,239.38 2 0
ariadne/packages/engine/output/composite_sink.go:239.38,241.4 1 0
ariadne/packages/engine/output/composite_sink.go:244.2,245.19 2 0
ariadne/packages/engine/output/composite_sink.go:249.37,255.33 4 0
ariadne/packages/engine/output/composite_sink.go:255.33,257.38 2 0
ariadne/packages/engine/output/composite_sink.go:257.38,259.4 1 0
ariadne/packages/engine/output/composite_sink.go:262.2,263.19 2 0
ariadne/packages/engine/output/composite_sink.go:267.37,269.2 1 0
ariadne/packages/engine/output/composite_sink.go:272.58,276.33 3 0
ariadne/packages/engine/output/composite_sink.go:276.33,278.17 2 0
ariadne/packages/engine/output/composite_sink.go:278.17,280.4 1 0
ariadne/packages/engine/output/composite_sink.go:283.2,283.12 1 0
ariadne/packages/engine/output/composite_sink.go:287.41,292.2 3 0
ariadne/packages/engine/output/composite_sink.go:295.40,300.2 3 0
ariadne/packages/engine/output/composite_sink.go:303.98,307.33 3 0
ariadne/packages/engine/output/composite_sink.go:307.33,309.3 1 0
ariadne/packages/engine/output/composite_sink.go:313.76,317.33 3 0
ariadne/packages/engine/output/composite_sink.go:317.33,319.3 1 0
ariadne/packages/engine/output/enhanced_sink.go:63.37,75.2 1 1
ariadne/packages/engine/output/enhanced_sink_impl.go:23.38,30.2 1 1
ariadne/packages/engine/output/enhanced_sink_impl.go:33.64,39.19 4 1
ariadne/packages/engine/output/enhanced_sink_impl.go:39.19,41.3 1 0
ariadne/packages/engine/output/enhanced_sink_impl.go:44.2,45.27 2 1
ariadne/packages/engine/output/enhanced_sink_impl.go:45.27,48.17 3 1
ariadne/packages/engine/output/enhanced_sink_impl.go:48.17,51.4 2 0
ariadne/packages/engine/output/enhanced_sink_impl.go:55.2,63.28 5 1
ariadne/packages/engine/output/enhanced_sink_impl.go:63.28,65.17 2 1
ariadne/packages/engine/output/enhanced_sink_impl.go:65.17,68.4 2 0
ariadne/packages/engine/output/enhanced_sink_impl.go:72.2,75.12 3 1
ariadne/packages/engine/output/enhanced_sink_impl.go:79.38,87.34 5 0
ariadne/packages/engine/output/enhanced_sink_impl.go:87.34,88.20 1 0
ariadne/packages/engine/output/enhanced_sink_impl.go:88.20,90.4 1 0
ariadne/packages/engine/output/enhanced_sink_impl.go:94.2,97.12 3 0
ariadne/packages/engine/output/enhanced_sink_impl.go:101.38,106.34 3 0
ariadne/packages/engine/output/enhanced_sink_impl.go:106.34,109.3 2 0
ariadne/packages/engine/output/enhanced_sink_impl.go:111.2,112.12 2 0
ariadne/packages/engine/output/enhanced_sink_impl.go:116.38,118.2 1 0
ariadne/packages/engine/output/enhanced_sink_impl.go:121.59,126.27 3 1
ariadne/packages/engine/output/enhanced_sink_impl.go:126.27,128.3 1 0
ariadne/packages/engine/output/enhanced_sink_impl.go:129.2,129.28 1 1
ariadne/packages/engine/output/enhanced_sink_impl.go:129.28,131.3 1 0
ariadne/packages/engine/output/enhanced_sink_impl.go:133.2,136.40 2 1
ariadne/packages/engine/output/enhanced_sink_impl.go:136.40,140.3 3 1
ariadne/packages/engine/output/enhanced_sink_impl.go:142.2,142.12 1 1
ariadne/packages/engine/output/enhanced_sink_impl.go:146.42,151.2 3 1
ariadne/packages/engine/output/enhanced_sink_impl.go:154.41,159.2 3 1
ariadne/packages/engine/output/enhanced_sink_impl.go:162.99,167.2 3 1
ariadne/packages/engine/output/enhanced_sink_impl.go:170.77,175.2 3 1
ariadne/packages/engine/output/enhanced_sink_impl.go:178.68,179.29 1 1
ariadne/packages/engine/output/enhanced_sink_impl.go:179.29,181.3 1 1
ariadne/packages/engine/output/enhanced_sink_impl.go:181.8,184.3 1 0
ariadne/packages/engine/crawler/colly_fetcher.go:33.65,34.52 1 1
ariadne/packages/engine/crawler/colly_fetcher.go:34.52,36.3 1 1
ariadne/packages/engine/crawler/colly_fetcher.go:38.2,43.24 2 1
ariadne/packages/engine/crawler/colly_fetcher.go:43.24,45.3 1 1
ariadne/packages/engine/crawler/colly_fetcher.go:47.2,47.28 1 1
ariadne/packages/engine/crawler/colly_fetcher.go:47.28,49.3 1 1
ariadne/packages/engine/crawler/colly_fetcher.go:52.2,56.17 1 1
ariadne/packages/engine/crawler/colly_fetcher.go:56.17,58.3 1 0
ariadne/packages/engine/crawler/colly_fetcher.go:60.2,68.21 3 1
ariadne/packages/engine/crawler/colly_fetcher.go:72.52,73.25 1 1
ariadne/packages/engine/crawler/colly_fetcher.go:73.25,75.3 1 1
ariadne/packages/engine/crawler/colly_fetcher.go:77.2,77.27 1 1
ariadne/packages/engine/crawler/colly_fetcher.go:77.27,79.3 1 0
ariadne/packages/engine/crawler/colly_fetcher.go:81.2,81.29 1 1
ariadne/packages/engine/crawler/colly_fetcher.go:81.29,83.3 1 0
ariadne/packages/engine/crawler/colly_fetcher.go:85.2,85.12 1 1
ariadne/packages/engine/crawler/colly_fetcher.go:89.41,90.47 1 1
ariadne/packages/engine/crawler/colly_fetcher.go:90.47,93.3 1 1
ariadne/packages/engine/crawler/colly_fetcher.go:95.2,95.49 1 1
ariadne/packages/engine/crawler/colly_fetcher.go:95.49,100.66 3 0
ariadne/packages/engine/crawler/colly_fetcher.go:100.66,103.4 2 0
ariadne/packages/engine/crawler/colly_fetcher.go:106.2,106.57 1 1
ariadne/packages/engine/crawler/colly_fetcher.go:106.57,108.3 1 1
ariadne/packages/engine/crawler/colly_fetcher.go:112.88,115.16 2 1
ariadne/packages/engine/crawler/colly_fetcher.go:115.16,117.3 1 0
ariadne/packages/engine/crawler/colly_fetcher.go:120.2,120.24 1 1
ariadne/packages/engine/crawler/colly_fetcher.go:120.24,122.3 1 0
ariadne/packages/engine/crawler/colly_fetcher.go:124.2,131.56 2 1
ariadne/packages/engine/crawler/colly_fetcher.go:131.56,136.32 3 0
ariadne/packages/engine/crawler/colly_fetcher.go:136.32,137.49 1 0
ariadne/packages/engine/crawler/colly_fetcher.go:137.49,138.24 1 0
ariadne/packages/engine/crawler/colly_fetcher.go:138.24,140.6 1 0
ariadne/packages/engine/crawler/colly_fetcher.go:145.3,145.49 1 0
ariadne/packages/engine/crawler/colly_fetcher.go:145.49,147.4 1 0
ariadne/packages/engine/crawler/colly_fetcher.go:150.3,150.78 1 0
ariadne/packages/engine/crawler/colly_fetcher.go:150.78,151.48 1 0
ariadne/packages/engine/crawler/colly_fetcher.go:151.48,153.5 1 0
ariadne/packages/engine/crawler/colly_fetcher.go:157.3,158.17 2 0
ariadne/packages/engine/crawler/colly_fetcher.go:158.17,160.4 1 0
ariadne/packages/engine/crawler/colly_fetcher.go:164.2,165.16 2 1
ariadne/packages/engine/crawler/colly_fetcher.go:165.16,167.3 1 1
ariadne/packages/engine/crawler/colly_fetcher.go:169.2,169.20 1 0
ariadne/packages/engine/crawler/colly_fetcher.go:173.108,174.23 1 1
ariadne/packages/engine/crawler/colly_fetcher.go:174.23,176.3 1 0
ariadne/packages/engine/crawler/colly_fetcher.go:179.2,180.16 2 1
ariadne/packages/engine/crawler/colly_fetcher.go:180.16,182.3 1 0
ariadne/packages/engine/crawler/colly_fetcher.go:184.2,187.61 2 1
ariadne/packages/engine/crawler/colly_fetcher.go:187.61,189.28 2 1
ariadne/packages/engine/crawler/colly_fetcher.go:189.28,191.4 1 0
ariadne/packages/engine/crawler/colly_fetcher.go:194.3,196.36 1 1
ariadne/packages/engine/crawler/colly_fetcher.go:196.36,198.4 1 1
ariadne/packages/engine/crawler/colly_fetcher.go:201.3,202.17 2 1
ariadne/packages/engine/crawler/colly_fetcher.go:202.17,204.4 1 0
ariadne/packages/engine/crawler/colly_fetcher.go:207.3,207.23 1 1
ariadne/packages/engine/crawler/colly_fetcher.go:207.23,209.4 1 1
ariadne/packages/engine/crawler/colly_fetcher.go:212.3,212.30 1 1
ariadne/packages/engine/crawler/colly_fetcher.go:212.30,215.4 2 1
ariadne/packages/engine/crawler/colly_fetcher.go:218.2,218.19 1 1
ariadne/packages/engine/crawler/colly_fetcher.go:222.60,223.52 1 1
ariadne/packages/engine/crawler/colly_fetcher.go:223.52,225.3 1 0
ariadne/packages/engine/crawler/colly_fetcher.go:227.2,230.24 2 1
ariadne/packages/engine/crawler/colly_fetcher.go:230.24,232.3 1 1
ariadne/packages/engine/crawler/colly_fetcher.go:234.2,234.28 1 1
ariadne/packages/engine/crawler/colly_fetcher.go:234.28,236.3 1 1
ariadne/packages/engine/crawler/colly_fetcher.go:239.2,243.17 1 1
ariadne/packages/engine/crawler/colly_fetcher.go:243.17,245.3 1 0
ariadne/packages/engine/crawler/colly_fetcher.go:247.2,247.12 1 1
ariadne/packages/engine/crawler/colly_fetcher.go:251.45,259.19 7 1
ariadne/packages/engine/crawler/colly_fetcher.go:259.19,261.3 1 0
ariadne/packages/engine/crawler/colly_fetcher.go:263.2,269.3 1 1
ariadne/packages/engine/crawler/colly_fetcher.go:273.54,274.39 1 1
ariadne/packages/engine/crawler/colly_fetcher.go:274.39,276.3 1 1
ariadne/packages/engine/crawler/colly_fetcher.go:278.2,279.50 2 0
ariadne/packages/engine/crawler/colly_fetcher.go:279.50,280.70 1 0
ariadne/packages/engine/crawler/colly_fetcher.go:280.70,282.4 1 0
ariadne/packages/engine/crawler/colly_fetcher.go:285.2,285.14 1 0
ariadne/internal/ratelimit/clock.go:13.34,15.2 1 0
ariadne/internal/ratelimit/clock.go:17.41,19.2 1 0
ariadne/internal/ratelimit/domain_state.go:42.77,45.19 3 1
ariadne/internal/ratelimit/domain_state.go:45.19,47.3 1 0
ariadne/internal/ratelimit/domain_state.go:49.2,51.20 3 1
ariadne/internal/ratelimit/domain_state.go:51.20,53.3 1 0
ariadne/internal/ratelimit/domain_state.go:54.2,55.20 2 1
ariadne/internal/ratelimit/domain_state.go:55.20,57.3 1 0
ariadne/internal/ratelimit/domain_state.go:58.2,71.14 3 1
ariadne/internal/ratelimit/domain_state.go:74.94,83.19 6 1
ariadne/internal/ratelimit/domain_state.go:83.19,85.3 1 0
ariadne/internal/ratelimit/domain_state.go:87.2,90.21 3 1
ariadne/internal/ratelimit/domain_state.go:90.21,92.28 2 1
ariadne/internal/ratelimit/domain_state.go:92.28,94.4 1 0
ariadne/internal/ratelimit/domain_state.go:95.3,95.35 1 1
ariadne/internal/ratelimit/domain_state.go:95.35,97.4 1 1
ariadne/internal/ratelimit/domain_state.go:100.2,100.20 1 1
ariadne/internal/ratelimit/domain_state.go:100.20,102.3 1 1
ariadne/internal/ratelimit/domain_state.go:102.8,102.46 1 1
ariadne/internal/ratelimit/domain_state.go:102.46,104.3 1 1
ariadne/internal/ratelimit/domain_state.go:106.2,109.22 3 1
ariadne/internal/ratelimit/domain_state.go:109.22,111.3 1 1
ariadne/internal/ratelimit/domain_state.go:113.2,113.13 1 1
ariadne/internal/ratelimit/domain_state.go:113.13,115.3 1 1
ariadne/internal/ratelimit/domain_state.go:115.8,115.46 1 1
ariadne/internal/ratelimit/domain_state.go:115.46,117.3 1 1
ariadne/internal/ratelimit/domain_state.go:119.2,119.23 1 1
ariadne/internal/ratelimit/domain_state.go:119.23,121.37 2 0
ariadne/internal/ratelimit/domain_state.go:121.37,123.4 1 0
ariadne/internal/ratelimit/domain_state.go:126.2,128.22 3 1
ariadne/internal/ratelimit/domain_state.go:128.22,131.3 2 1
ariadne/internal/ratelimit/domain_state.go:133.2,133.103 1 1
ariadne/internal/ratelimit/domain_state.go:136.91,139.26 2 1
ariadne/internal/ratelimit/domain_state.go:140.21,141.14 1 0
ariadne/internal/ratelimit/domain_state.go:142.19,143.83 1 1
ariadne/internal/ratelimit/domain_state.go:143.83,147.4 3 1
ariadne/internal/ratelimit/domain_state.go:148.3,148.15 1 1
ariadne/internal/ratelimit/domain_state.go:149.23,150.14 1 0
ariadne/internal/ratelimit/domain_state.go:151.10,152.14 1 0
ariadne/internal/ratelimit/domain_state.go:156.85,160.2 3 1
ariadne/internal/ratelimit/domain_state.go:162.102,166.38 3 0
ariadne/internal/ratelimit/domain_state.go:166.38,168.3 1 0
ariadne/internal/ratelimit/domain_state.go:170.2,170.32 1 0
ariadne/internal/ratelimit/domain_state.go:170.32,172.3 1 0
ariadne/internal/ratelimit/domain_state.go:174.2,175.8 2 0
ariadne/internal/ratelimit/domain_state.go:175.8,177.3 1 0
ariadne/internal/ratelimit/domain_state.go:178.2,178.18 1 0
ariadne/internal/ratelimit/domain_state.go:181.152,182.26 1 1
ariadne/internal/ratelimit/domain_state.go:183.21,185.22 2 1
ariadne/internal/ratelimit/domain_state.go:185.22,187.4 1 0
ariadne/internal/ratelimit/domain_state.go:188.3,189.102 1 1
ariadne/internal/ratelimit/domain_state.go:189.102,191.4 1 1
ariadne/internal/ratelimit/domain_state.go:192.19,193.83 1 0
ariadne/internal/ratelimit/domain_state.go:193.83,196.4 2 0
ariadne/internal/ratelimit/domain_state.go:197.23,198.14 1 1
ariadne/internal/ratelimit/domain_state.go:198.14,201.4 2 0
ariadne/internal/ratelimit/domain_state.go:202.3,202.14 1 1
ariadne/internal/ratelimit/domain_state.go:202.14,204.19 2 1
ariadne/internal/ratelimit/domain_state.go:204.19,206.5 1 0
ariadne/internal/ratelimit/domain_state.go:207.4,208.46 2 1
ariadne/internal/ratelimit/domain_state.go:208.46,212.5 3 1
ariadne/internal/ratelimit/domain_state.go:217.51,221.2 3 1
ariadne/internal/ratelimit/domain_state.go:223.59,224.12 1 1
ariadne/internal/ratelimit/domain_state.go:224.12,226.3 1 0
ariadne/internal/ratelimit/domain_state.go:227.2,227.10 1 1
ariadne/internal/ratelimit/domain_state.go:230.50,231.28 1 1
ariadne/internal/ratelimit/domain_state.go:231.28,233.3 1 0
ariadne/internal/ratelimit/domain_state.go:234.2,234.28 1 1
ariadne/internal/ratelimit/domain_state.go:234.28,236.3 1 0
ariadne/internal/ratelimit/domain_state.go:237.2,237.28 1 1
ariadne/internal/ratelimit/domain_state.go:237.28,239.3 1 0
ariadne/internal/ratelimit/domain_state.go:240.2,240.14 1 1
ariadne/internal/ratelimit/domain_state.go:243.40,245.2 1 1
ariadne/internal/ratelimit/domain_state.go:247.38,249.2 1 1
ariadne/internal/ratelimit/domain_state.go:251.41,253.2 1 1
ariadne/internal/ratelimit/domain_state.go:255.40,256.19 1 1
ariadne/internal/ratelimit/domain_state.go:256.19,258.3 1 0
ariadne/internal/ratelimit/domain_state.go:259.2,259.75 1 1
ariadne/internal/ratelimit/domain_state.go:259.75,261.3 1 1
ariadne/internal/ratelimit/domain_state.go:262.2,262.14 1 1
ariadne/internal/ratelimit/domain_state.go:265.28,266.7 1 1
ariadne/internal/ratelimit/domain_state.go:266.7,268.3 1 1
ariadne/internal/ratelimit/domain_state.go:269.2,269.10 1 1
ariadne/internal/ratelimit/limiter.go:22.84,22.131 1 1
ariadne/internal/ratelimit/normalize.go:13.52,15.16 2 1
ariadne/internal/ratelimit/normalize.go:15.16,17.3 1 1
ariadne/internal/ratelimit/normalize.go:19.2,21.35 2 1
ariadne/internal/ratelimit/normalize.go:21.35,23.33 2 0
ariadne/internal/ratelimit/normalize.go:23.33,25.4 1 0
ariadne/internal/ratelimit/normalize.go:26.3,26.33 1 0
ariadne/internal/ratelimit/normalize.go:29.2,29.66 1 1
ariadne/internal/ratelimit/normalize.go:29.66,31.3 1 0
ariadne/internal/ratelimit/normalize.go:33.2,35.37 3 1
ariadne/internal/ratelimit/normalize.go:35.37,37.17 2 1
ariadne/internal/ratelimit/normalize.go:37.17,39.4 1 1
ariadne/internal/ratelimit/normalize.go:40.3,41.11 2 1
ariadne/internal/ratelimit/normalize.go:44.2,44.16 1 1
ariadne/internal/ratelimit/normalize.go:44.16,46.3 1 1
ariadne/internal/ratelimit/normalize.go:48.2,48.66 1 1
ariadne/internal/ratelimit/normalize.go:48.66,50.3 1 1
ariadne/internal/ratelimit/normalize.go:52.2,52.14 1 1
ariadne/internal/ratelimit/normalize.go:53.15,54.19 1 1
ariadne/internal/ratelimit/normalize.go:55.12,56.49 1 1
ariadne/internal/ratelimit/normalize.go:56.49,58.4 1 1
ariadne/internal/ratelimit/normalize.go:59.13,60.19 1 1
ariadne/internal/ratelimit/normalize.go:63.2,63.16 1 1
ariadne/internal/ratelimit/normalize.go:63.16,65.3 1 1
ariadne/internal/ratelimit/normalize.go:67.2,67.18 1 0
ariadne/internal/ratelimit/sliding_window.go:16.68,17.17 1 1
ariadne/internal/ratelimit/sliding_window.go:17.17,19.3 1 0
ariadne/internal/ratelimit/sliding_window.go:20.2,20.21 1 1
ariadne/internal/ratelimit/sliding_window.go:20.21,22.3 1 0
ariadne/internal/ratelimit/sliding_window.go:23.2,27.3 1 1
ariadne/internal/ratelimit/sliding_window.go:30.67,31.31 1 1
ariadne/internal/ratelimit/sliding_window.go:31.31,33.3 1 0
ariadne/internal/ratelimit/sliding_window.go:34.2,37.39 3 1
ariadne/internal/ratelimit/sliding_window.go:37.39,40.3 2 1
ariadne/internal/ratelimit/sliding_window.go:40.8,42.3 1 1
ariadne/internal/ratelimit/sliding_window.go:44.2,44.15 1 1
ariadne/internal/ratelimit/sliding_window.go:47.61,54.38 5 1
ariadne/internal/ratelimit/sliding_window.go:54.38,56.27 2 1
ariadne/internal/ratelimit/sliding_window.go:56.27,57.12 1 0
ariadne/internal/ratelimit/sliding_window.go:59.3,60.26 2 1
ariadne/internal/ratelimit/sliding_window.go:63.2,63.22 1 1
ariadne/internal/ratelimit/sliding_window.go:66.59,68.16 2 1
ariadne/internal/ratelimit/sliding_window.go:68.16,70.3 1 0
ariadne/internal/ratelimit/sliding_window.go:71.2,71.41 1 1
ariadne/internal/ratelimit/sliding_window.go:74.47,76.30 2 1
ariadne/internal/ratelimit/sliding_window.go:76.30,78.27 2 1
ariadne/internal/ratelimit/sliding_window.go:78.27,80.4 1 1
ariadne/internal/ratelimit/token_bucket.go:15.77,16.19 1 1
ariadne/internal/ratelimit/token_bucket.go:16.19,18.3 1 0
ariadne/internal/ratelimit/token_bucket.go:19.2,19.19 1 1
ariadne/internal/ratelimit/token_bucket.go:19.19,21.3 1 0
ariadne/internal/ratelimit/token_bucket.go:23.2,28.3 1 1
ariadne/internal/ratelimit/token_bucket.go:31.46,32.31 1 1
ariadne/internal/ratelimit/token_bucket.go:32.31,34.3 1 0
ariadne/internal/ratelimit/token_bucket.go:36.2,37.18 2 1
ariadne/internal/ratelimit/token_bucket.go:37.18,39.3 1 1
ariadne/internal/ratelimit/token_bucket.go:41.2,42.23 2 1
ariadne/internal/ratelimit/token_bucket.go:42.23,44.3 1 0
ariadne/internal/ratelimit/token_bucket.go:46.2,47.21 2 1
ariadne/internal/ratelimit/token_bucket.go:50.85,51.17 1 1
ariadne/internal/ratelimit/token_bucket.go:51.17,53.3 1 0
ariadne/internal/ratelimit/token_bucket.go:55.2,57.25 2 1
ariadne/internal/ratelimit/token_bucket.go:57.25,60.3 2 1
ariadne/internal/ratelimit/token_bucket.go:62.2,63.22 2 1
ariadne/internal/ratelimit/token_bucket.go:63.22,65.3 1 0
ariadne/internal/ratelimit/token_bucket.go:67.2,68.21 2 1
ariadne/internal/ratelimit/token_bucket.go:68.21,70.3 1 0
ariadne/internal/ratelimit/token_bucket.go:72.2,72.65 1 1
ariadne/internal/ratelimit/token_bucket.go:75.50,76.15 1 1
ariadne/internal/ratelimit/token_bucket.go:76.15,78.3 1 0
ariadne/internal/ratelimit/token_bucket.go:79.2,79.20 1 1
ariadne/packages/engine/output/assembly/assembler.go:80.61,88.2 1 1
ariadne/packages/engine/output/assembly/assembler.go:91.48,93.2 1 1
ariadne/packages/engine/output/assembly/assembler.go:96.87,105.2 1 1
ariadne/packages/engine/output/assembly/assembler.go:108.61,112.2 3 1
ariadne/packages/engine/output/assembly/assembler.go:115.43,117.2 1 1
ariadne/packages/engine/output/assembly/assembler.go:120.66,124.2 3 1
ariadne/packages/engine/output/assembly/assembler.go:127.67,134.2 5 1
ariadne/packages/engine/output/assembly/assembler.go:137.69,143.42 4 1
ariadne/packages/engine/output/assembly/assembler.go:143.42,160.3 3 1
ariadne/packages/engine/output/assembly/assembler.go:163.2,163.31 1 1
ariadne/packages/engine/output/assembly/assembler.go:163.31,164.44 1 1
ariadne/packages/engine/output/assembly/assembler.go:164.44,166.4 1 0
ariadne/packages/engine/output/assembly/assembler.go:169.2,169.12 1 1
ariadne/packages/engine/output/assembly/assembler.go:173.64,178.2 3 1
ariadne/packages/engine/output/assembly/assembler.go:181.72,182.52 1 1
ariadne/packages/engine/output/assembly/assembler.go:182.52,188.3 1 0
ariadne/packages/engine/output/assembly/assembler.go:191.2,202.46 4 1
ariadne/packages/engine/output/assembly/assembler.go:202.46,204.3 1 1
ariadne/packages/engine/output/assembly/assembler.go:207.2,207.35 1 1
ariadne/packages/engine/output/assembly/assembler.go:207.35,209.3 1 1
ariadne/packages/engine/output/assembly/assembler.go:211.2,211.13 1 1
ariadne/packages/engine/output/assembly/assembler.go:215.88,222.33 4 1
ariadne/packages/engine/output/assembly/assembler.go:222.33,227.42 3 1
ariadne/packages/engine/output/assembly/assembler.go:227.42,228.44 1 1
ariadne/packages/engine/output/assembly/assembler.go:228.44,230.10 2 1
ariadne/packages/engine/output/assembly/assembler.go:234.3,234.19 1 1
ariadne/packages/engine/output/assembly/assembler.go:234.19,241.29 4 1
ariadne/packages/engine/output/assembly/assembler.go:241.29,242.25 1 1
ariadne/packages/engine/output/assembly/assembler.go:242.25,244.6 1 1
ariadne/packages/engine/output/assembly/assembler.go:245.5,246.20 2 1
ariadne/packages/engine/output/assembly/assembler.go:247.10,247.43 1 1
ariadne/packages/engine/output/assembly/assembler.go:247.43,249.5 1 0
ariadne/packages/engine/output/assembly/assembler.go:251.4,259.54 2 1
ariadne/packages/engine/output/assembly/assembler.go:262.3,262.18 1 1
ariadne/packages/engine/output/assembly/assembler.go:267.68,271.16 2 1
ariadne/packages/engine/output/assembly/assembler.go:271.16,273.3 1 1
ariadne/packages/engine/output/assembly/assembler.go:275.2,279.29 3 1
ariadne/packages/engine/output/assembly/assembler.go:279.29,280.17 1 1
ariadne/packages/engine/output/assembly/assembler.go:280.17,282.35 1 1
ariadne/packages/engine/output/assembly/assembler.go:282.35,286.5 3 0
ariadne/packages/engine/output/assembly/assembler.go:287.4,287.18 1 1
ariadne/packages/engine/output/assembly/assembler.go:287.18,289.5 1 1
ariadne/packages/engine/output/assembly/assembler.go:293.2,293.17 1 1
ariadne/packages/engine/output/assembly/assembler.go:297.83,302.2 3 1
ariadne/packages/engine/output/assembly/assembler.go:305.91,308.57 2 1
ariadne/packages/engine/output/assembly/assembler.go:308.57,310.3 1 0
ariadne/packages/engine/output/assembly/assembler.go:313.2,314.31 2 1
ariadne/packages/engine/output/assembly/assembler.go:314.31,316.3 1 1
ariadne/packages/engine/output/assembly/assembler.go:319.2,319.37 1 1
ariadne/packages/engine/output/assembly/assembler.go:319.37,326.38 4 1
ariadne/packages/engine/output/assembly/assembler.go:326.38,327.58 1 1
ariadne/packages/engine/output/assembly/assembler.go:327.58,328.13 1 1
ariadne/packages/engine/output/assembly/assembler.go:331.4,334.61 2 1
ariadne/packages/engine/output/assembly/assembler.go:334.61,342.13 2 0
ariadne/packages/engine/output/assembly/assembler.go:346.4,346.94 1 1
ariadne/packages/engine/output/assembly/assembler.go:346.94,354.13 2 1
ariadne/packages/engine/output/assembly/assembler.go:358.4,358.49 1 1
ariadne/packages/engine/output/assembly/assembler.go:358.49,366.5 1 1
ariadne/packages/engine/output/assembly/assembler.go:369.3,369.20 1 1
ariadne/packages/engine/output/assembly/assembler.go:369.20,372.4 2 1
ariadne/packages/engine/output/assembly/assembler.go:375.2,375.18 1 1
ariadne/packages/engine/output/assembly/assembler.go:379.77,386.32 4 1
ariadne/packages/engine/output/assembly/assembler.go:386.32,387.33 1 1
ariadne/packages/engine/output/assembly/assembler.go:387.33,388.18 1 1
ariadne/packages/engine/output/assembly/assembler.go:388.18,390.10 2 1
ariadne/packages/engine/output/assembly/assembler.go:396.2,396.25 1 1
ariadne/packages/engine/output/assembly/assembler.go:400.73,417.35 7 1
ariadne/packages/engine/output/assembly/assembler.go:417.35,418.38 1 1
ariadne/packages/engine/output/assembly/assembler.go:418.38,420.4 1 1
ariadne/packages/engine/output/assembly/assembler.go:423.2,423.39 1 1
ariadne/packages/engine/output/assembly/assembler.go:427.71,432.2 3 1
ariadne/packages/engine/output/assembly/assembler.go:435.79,436.55 1 1
ariadne/packages/engine/output/assembly/assembler.go:436.55,438.3 1 0
ariadne/packages/engine/output/assembly/assembler.go:440.2,444.32 3 1
ariadne/packages/engine/output/assembly/assembler.go:444.32,446.22 2 1
ariadne/packages/engine/output/assembly/assembler.go:446.22,447.12 1 1
ariadne/packages/engine/output/assembly/assembler.go:450.3,457.41 2 1
ariadne/packages/engine/output/assembly/assembler.go:457.41,461.23 3 1
ariadne/packages/engine/output/assembly/assembler.go:461.23,462.13 1 0
ariadne/packages/engine/output/assembly/assembler.go:465.4,466.50 2 1
ariadne/packages/engine/output/assembly/assembler.go:466.50,468.43 2 1
ariadne/packages/engine/output/assembly/assembler.go:468.43,471.6 2 1
ariadne/packages/engine/output/assembly/assembler.go:472.5,472.27 1 1
ariadne/packages/engine/output/assembly/assembler.go:477.3,477.27 1 1
ariadne/packages/engine/output/assembly/assembler.go:477.27,480.4 2 1
ariadne/packages/engine/output/assembly/assembler.go:482.3,482.25 1 1
ariadne/packages/engine/output/assembly/assembler.go:485.2,485.24 1 1
ariadne/packages/engine/output/assembly/assembler.go:489.91,494.42 3 1
ariadne/packages/engine/output/assembly/assembler.go:494.42,496.3 1 0
ariadne/packages/engine/output/assembly/assembler.go:499.2,501.30 3 1
ariadne/packages/engine/output/assembly/assembler.go:501.30,503.3 1 1
ariadne/packages/engine/output/assembly/assembler.go:505.2,505.30 1 1
ariadne/packages/engine/output/assembly/assembler.go:505.30,506.21 1 1
ariadne/packages/engine/output/assembly/assembler.go:506.21,508.4 1 1
ariadne/packages/engine/output/assembly/assembler.go:512.2,513.16 2 1
ariadne/packages/engine/output/assembly/assembler.go:513.16,515.3 1 0
ariadne/packages/engine/output/assembly/assembler.go:517.2,517.41 1 1
ariadne/packages/engine/output/assembly/assembler.go:521.67,530.29 5 1
ariadne/packages/engine/output/assembly/assembler.go:530.29,532.43 1 1
ariadne/packages/engine/output/assembly/assembler.go:532.43,534.4 1 1
ariadne/packages/engine/output/assembly/assembler.go:537.2,537.17 1 1
ariadne/packages/engine/output/assembly/assembler.go:541.84,551.31 6 1
ariadne/packages/engine/output/assembly/assembler.go:551.31,553.22 2 1
ariadne/packages/engine/output/assembly/assembler.go:553.22,554.33 1 1
ariadne/packages/engine/output/assembly/assembler.go:554.33,555.42 1 1
ariadne/packages/engine/output/assembly/assembler.go:555.42,557.11 2 1
ariadne/packages/engine/output/assembly/assembler.go:563.2,563.35 1 1
ariadne/packages/engine/output/assembly/assembler.go:567.58,579.2 2 1
ariadne/packages/engine/output/assembly/assembler.go:582.62,587.2 3 1
ariadne/packages/engine/output/assembly/assembler.go:590.70,591.31 1 1
ariadne/packages/engine/output/assembly/assembler.go:591.31,593.3 1 0
ariadne/packages/engine/output/assembly/assembler.go:595.2,597.31 2 1
ariadne/packages/engine/output/assembly/assembler.go:597.31,616.33 7 1
ariadne/packages/engine/output/assembly/assembler.go:616.33,618.4 1 1
ariadne/packages/engine/output/assembly/assembler.go:619.3,619.38 1 1
ariadne/packages/engine/output/assembly/assembler.go:619.38,621.4 1 1
ariadne/packages/engine/output/assembly/assembler.go:622.3,622.34 1 1
ariadne/packages/engine/output/assembly/assembler.go:622.34,624.4 1 1
ariadne/packages/engine/output/assembly/assembler.go:626.3,626.44 1 1
ariadne/packages/engine/output/assembly/assembler.go:629.2,629.17 1 1
ariadne/packages/engine/output/assembly/assembler.go:633.76,636.70 2 1
ariadne/packages/engine/output/assembly/assembler.go:636.70,638.3 1 1
ariadne/packages/engine/output/assembly/assembler.go:639.2,639.70 1 1
ariadne/packages/engine/output/assembly/assembler.go:639.70,641.3 1 1
ariadne/packages/engine/output/assembly/assembler.go:642.2,642.35 1 1
ariadne/packages/engine/output/assembly/assembler.go:642.35,644.3 1 1
ariadne/packages/engine/output/assembly/assembler.go:645.2,645.77 1 1
ariadne/packages/engine/output/assembly/assembler.go:645.77,647.3 1 0
ariadne/packages/engine/output/assembly/assembler.go:648.2,648.31 1 1
ariadne/packages/engine/output/assembly/assembler.go:648.31,650.3 1 1
ariadne/packages/engine/output/assembly/assembler.go:652.2,652.18 1 0
ariadne/packages/engine/output/assembly/assembler.go:656.75,660.84 3 1
ariadne/packages/engine/output/assembly/assembler.go:660.84,662.3 1 1
ariadne/packages/engine/output/assembly/assembler.go:663.2,663.76 1 1
ariadne/packages/engine/output/assembly/assembler.go:663.76,665.3 1 1
ariadne/packages/engine/output/assembly/assembler.go:666.2,666.82 1 1
ariadne/packages/engine/output/assembly/assembler.go:666.82,668.3 1 0
ariadne/packages/engine/output/assembly/assembler.go:669.2,669.80 1 1
ariadne/packages/engine/output/assembly/assembler.go:669.80,671.3 1 0
ariadne/packages/engine/output/assembly/assembler.go:672.2,672.77 1 1
ariadne/packages/engine/output/assembly/assembler.go:672.77,674.3 1 0
ariadne/packages/engine/output/assembly/assembler.go:676.2,676.18 1 1
ariadne/packages/engine/output/assembly/assembler.go:680.73,684.29 3 1
ariadne/packages/engine/output/assembly/assembler.go:684.29,685.32 1 1
ariadne/packages/engine/output/assembly/assembler.go:685.32,688.4 2 1
ariadne/packages/engine/output/assembly/assembler.go:691.2,691.15 1 1
ariadne/packages/engine/output/assembly/assembler.go:695.59,699.2 3 1
ariadne/packages/engine/output/assembly/assembler.go:702.43,709.31 4 1
ariadne/packages/engine/output/assembly/assembler.go:709.31,710.38 1 1
ariadne/packages/engine/output/assembly/assembler.go:710.38,712.4 1 0
ariadne/packages/engine/output/assembly/assembler.go:715.2,716.12 2 1
ariadne/packages/engine/output/assembly/assembler.go:720.43,725.31 3 1
ariadne/packages/engine/output/assembly/assembler.go:725.31,726.38 1 1
ariadne/packages/engine/output/assembly/assembler.go:726.38,728.4 1 0
ariadne/packages/engine/output/assembly/assembler.go:731.2,731.12 1 1
ariadne/internal/pipeline/pipeline.go:118.52,121.32 2 1
ariadne/internal/pipeline/pipeline.go:121.32,123.3 1 1
ariadne/internal/pipeline/pipeline.go:124.2,124.31 1 1
ariadne/internal/pipeline/pipeline.go:124.31,126.3 1 1
ariadne/internal/pipeline/pipeline.go:127.2,127.34 1 1
ariadne/internal/pipeline/pipeline.go:127.34,129.3 1 1
ariadne/internal/pipeline/pipeline.go:131.2,163.17 7 1
ariadne/internal/pipeline/pipeline.go:168.45,170.2 1 1
ariadne/internal/pipeline/pipeline.go:174.63,178.56 3 1
ariadne/internal/pipeline/pipeline.go:178.56,180.3 1 1
ariadne/internal/pipeline/pipeline.go:182.2,182.53 1 0
ariadne/internal/pipeline/pipeline.go:187.95,194.12 4 1
ariadne/internal/pipeline/pipeline.go:194.12,199.28 3 1
ariadne/internal/pipeline/pipeline.go:199.28,200.11 1 1
ariadne/internal/pipeline/pipeline.go:201.27,201.27 0 1
ariadne/internal/pipeline/pipeline.go:202.29,203.11 1 0
ariadne/internal/pipeline/pipeline.go:204.24,205.11 1 0
ariadne/internal/pipeline/pipeline.go:211.2,211.18 1 1
ariadne/internal/pipeline/pipeline.go:216.47,225.2 5 1
ariadne/internal/pipeline/pipeline.go:229.27,236.35 5 1
ariadne/internal/pipeline/pipeline.go:236.35,238.3 1 1
ariadne/internal/pipeline/pipeline.go:239.2,242.64 3 1
ariadne/internal/pipeline/pipeline.go:242.64,244.3 1 0
ariadne/internal/pipeline/pipeline.go:250.34,253.49 2 1
ariadne/internal/pipeline/pipeline.go:253.49,256.3 2 1
ariadne/internal/pipeline/pipeline.go:257.2,257.12 1 1
ariadne/internal/pipeline/pipeline.go:257.12,262.3 4 1
ariadne/internal/pipeline/pipeline.go:265.2,266.50 2 1
ariadne/internal/pipeline/pipeline.go:266.50,269.3 2 1
ariadne/internal/pipeline/pipeline.go:270.2,270.12 1 1
ariadne/internal/pipeline/pipeline.go:270.12,273.3 2 1
ariadne/internal/pipeline/pipeline.go:276.2,277.50 2 1
ariadne/internal/pipeline/pipeline.go:277.50,280.3 2 1
ariadne/internal/pipeline/pipeline.go:281.2,281.12 1 1
ariadne/internal/pipeline/pipeline.go:281.12,284.3 2 1
ariadne/internal/pipeline/pipeline.go:287.2,288.46 2 1
ariadne/internal/pipeline/pipeline.go:288.46,291.3 2 1
ariadne/internal/pipeline/pipeline.go:292.2,292.12 1 1
ariadne/internal/pipeline/pipeline.go:292.12,295.3 2 1
ariadne/internal/pipeline/pipeline.go:298.44,301.2 2 1
ariadne/internal/pipeline/pipeline.go:303.37,306.6 2 1
ariadne/internal/pipeline/pipeline.go:306.6,307.10 1 1
ariadne/internal/pipeline/pipeline.go:308.23,311.10 3 1
ariadne/internal/pipeline/pipeline.go:312.42,313.11 1 1
ariadne/internal/pipeline/pipeline.go:313.11,316.5 2 0
ariadne/internal/pipeline/pipeline.go:318.4,318.32 1 1
ariadne/internal/pipeline/pipeline.go:318.32,322.5 3 0
ariadne/internal/pipeline/pipeline.go:324.4,327.44 3 1
ariadne/internal/pipeline/pipeline.go:327.44,332.5 4 1
ariadne/internal/pipeline/pipeline.go:337.67,338.9 1 1
ariadne/internal/pipeline/pipeline.go:339.22,340.15 1 0
ariadne/internal/pipeline/pipeline.go:341.27,342.14 1 1
ariadne/internal/pipeline/pipeline.go:346.35,347.31 1 1
ariadne/internal/pipeline/pipeline.go:347.31,349.3 1 1
ariadne/internal/pipeline/pipeline.go:352.43,353.6 1 1
ariadne/internal/pipeline/pipeline.go:353.6,354.10 1 1
ariadne/internal/pipeline/pipeline.go:355.37,356.11 1 0
ariadne/internal/pipeline/pipeline.go:356.11,358.5 1 0
ariadne/internal/pipeline/pipeline.go:359.4,359.12 1 0
ariadne/internal/pipeline/pipeline.go:360.11,361.10 1 1
ariadne/internal/pipeline/pipeline.go:366.67,367.9 1 1
ariadne/internal/pipeline/pipeline.go:368.22,369.15 1 0
ariadne/internal/pipeline/pipeline.go:370.35,371.48 1 1
ariadne/internal/pipeline/pipeline.go:371.48,373.75 2 1
ariadne/internal/pipeline/pipeline.go:373.75,375.5 1 0
ariadne/internal/pipeline/pipeline.go:376.4,376.27 1 1
ariadne/internal/pipeline/pipeline.go:376.27,378.5 1 1
ariadne/internal/pipeline/pipeline.go:380.3,380.14 1 1
ariadne/internal/pipeline/pipeline.go:384.80,385.17 1 1
ariadne/internal/pipeline/pipeline.go:385.17,387.3 1 0
ariadne/internal/pipeline/pipeline.go:389.2,389.9 1 1
[...]
ariadne/packages/engine/ratelimit/normalize.go:23.61,23.108 1 0
ariadne/packages/engine/ratelimit/normalize.go:23.108,23.128 1 0
ariadne/packages/engine/ratelimit/normalize.go:23.141,23.158 1 0
ariadne/packages/engine/ratelimit/normalize.go:24.5,24.19 1 0
ariadne/packages/engine/ratelimit/normalize.go:24.19,24.67 1 0
ariadne/packages/engine/ratelimit/normalize.go:25.5,25.21 1 0
ariadne/packages/engine/ratelimit/sliding_window.go:9.68,9.85 1 0
ariadne/packages/engine/ratelimit/sliding_window.go:9.85,9.109 1 0
ariadne/packages/engine/ratelimit/sliding_window.go:9.111,9.130 1 0
ariadne/packages/engine/ratelimit/sliding_window.go:9.130,9.149 1 0
ariadne/packages/engine/ratelimit/sliding_window.go:9.151,9.249 1 0
ariadne/packages/engine/ratelimit/sliding_window.go:11.67,11.98 1 0
ariadne/packages/engine/ratelimit/sliding_window.go:11.98,11.108 1 0
ariadne/packages/engine/ratelimit/sliding_window.go:11.110,11.222 3 0
ariadne/packages/engine/ratelimit/sliding_window.go:11.222,11.272 2 0
ariadne/packages/engine/ratelimit/sliding_window.go:11.277,11.343 1 0
ariadne/packages/engine/ratelimit/sliding_window.go:11.345,11.358 1 0
ariadne/packages/engine/ratelimit/sliding_window.go:13.61,13.170 5 0
ariadne/packages/engine/ratelimit/sliding_window.go:13.170,13.224 2 0
ariadne/packages/engine/ratelimit/sliding_window.go:13.224,13.234 1 0
ariadne/packages/engine/ratelimit/sliding_window.go:13.238,13.284 2 0
ariadne/packages/engine/ratelimit/sliding_window.go:13.288,13.308 1 0
ariadne/packages/engine/ratelimit/sliding_window.go:15.59,15.110 2 0
ariadne/packages/engine/ratelimit/sliding_window.go:15.110,15.122 1 0
ariadne/packages/engine/ratelimit/sliding_window.go:15.124,15.161 1 0
ariadne/packages/engine/ratelimit/sliding_window.go:17.47,17.108 2 0
ariadne/packages/engine/ratelimit/sliding_window.go:17.108,17.162 2 0
ariadne/packages/engine/ratelimit/sliding_window.go:17.162,17.189 1 0
ariadne/packages/engine/ratelimit/token_bucket.go:10.77,10.96 1 0
ariadne/packages/engine/ratelimit/token_bucket.go:10.96,10.112 1 0
ariadne/packages/engine/ratelimit/token_bucket.go:10.114,10.131 1 0
ariadne/packages/engine/ratelimit/token_bucket.go:10.131,10.154 1 0
ariadne/packages/engine/ratelimit/token_bucket.go:10.156,10.250 1 0
ariadne/packages/engine/ratelimit/token_bucket.go:12.46,12.77 1 0
ariadne/packages/engine/ratelimit/token_bucket.go:12.77,12.87 1 0
ariadne/packages/engine/ratelimit/token_bucket.go:12.89,12.150 2 0
ariadne/packages/engine/ratelimit/token_bucket.go:12.150,12.160 1 0
ariadne/packages/engine/ratelimit/token_bucket.go:12.162,12.222 2 0
ariadne/packages/engine/ratelimit/token_bucket.go:12.222,12.232 1 0
ariadne/packages/engine/ratelimit/token_bucket.go:12.234,12.312 2 0
ariadne/packages/engine/ratelimit/token_bucket.go:14.85,14.102 1 0
ariadne/packages/engine/ratelimit/token_bucket.go:14.102,14.120 1 0
ariadne/packages/engine/ratelimit/token_bucket.go:14.122,14.161 2 0
ariadne/packages/engine/ratelimit/token_bucket.go:14.161,14.200 2 0
ariadne/packages/engine/ratelimit/token_bucket.go:14.202,14.253 2 0
ariadne/packages/engine/ratelimit/token_bucket.go:14.253,14.299 1 0
ariadne/packages/engine/ratelimit/token_bucket.go:14.301,14.358 2 0
ariadne/packages/engine/ratelimit/token_bucket.go:14.358,14.377 1 0
ariadne/packages/engine/ratelimit/token_bucket.go:14.379,14.442 1 0
ariadne/packages/engine/ratelimit/token_bucket.go:16.50,16.65 1 0
ariadne/packages/engine/ratelimit/token_bucket.go:16.65,16.75 1 0
ariadne/packages/engine/ratelimit/token_bucket.go:16.77,16.95 1 0
ariadne/packages/engine/processor/compatibility.go:22.54,28.2 1 1
ariadne/packages/engine/processor/compatibility.go:31.89,34.25 2 1
ariadne/packages/engine/processor/compatibility.go:34.25,36.3 1 1
ariadne/packages/engine/processor/compatibility.go:38.2,38.28 1 1
ariadne/packages/engine/processor/compatibility.go:38.28,40.3 1 0
ariadne/packages/engine/processor/compatibility.go:43.2,63.28 5 1
ariadne/packages/engine/processor/compatibility.go:63.28,65.3 1 1
ariadne/packages/engine/processor/compatibility.go:67.2,73.16 5 1
ariadne/packages/engine/processor/compatibility.go:73.16,82.3 2 0
ariadne/packages/engine/processor/compatibility.go:84.2,92.33 6 1
ariadne/packages/engine/processor/compatibility.go:92.33,94.3 1 1
ariadne/packages/engine/processor/compatibility.go:96.2,104.8 1 1
ariadne/packages/engine/processor/compatibility.go:108.71,110.56 1 1
ariadne/packages/engine/processor/compatibility.go:110.56,113.3 1 1
ariadne/packages/engine/processor/compatibility.go:115.2,115.101 1 1
ariadne/packages/engine/processor/compatibility.go:115.101,118.3 1 0
ariadne/packages/engine/processor/compatibility.go:120.2,121.12 2 1
ariadne/packages/engine/processor/compatibility.go:125.56,127.2 1 1
ariadne/packages/engine/processor/compatibility.go:130.88,135.34 2 1
ariadne/packages/engine/processor/compatibility.go:135.34,137.3 1 1
ariadne/packages/engine/processor/compatibility.go:138.2,138.37 1 1
ariadne/packages/engine/processor/compatibility.go:138.37,140.3 1 1
ariadne/packages/engine/processor/compatibility.go:141.2,141.35 1 1
ariadne/packages/engine/processor/compatibility.go:141.35,143.3 1 1
ariadne/packages/engine/processor/compatibility.go:144.2,144.33 1 1
ariadne/packages/engine/processor/compatibility.go:144.33,146.3 1 1
ariadne/packages/engine/processor/compatibility.go:147.2,147.45 1 1
ariadne/packages/engine/processor/compatibility.go:147.45,149.3 1 1
ariadne/packages/engine/processor/compatibility.go:150.2,150.44 1 1
ariadne/packages/engine/processor/compatibility.go:150.44,152.3 1 1
ariadne/packages/engine/processor/compatibility.go:154.2,154.15 1 1
ariadne/packages/engine/processor/compatibility.go:158.72,166.29 5 1
ariadne/packages/engine/processor/compatibility.go:166.29,167.36 1 1
ariadne/packages/engine/processor/compatibility.go:167.36,169.4 1 1
ariadne/packages/engine/processor/compatibility.go:172.2,172.14 1 1
ariadne/packages/engine/processor/processor.go:84.46,88.2 1 1
ariadne/packages/engine/processor/processor.go:91.85,93.2 1 1
ariadne/packages/engine/processor/processor.go:96.67,98.2 1 1
ariadne/packages/engine/processor/processor.go:101.52,103.2 1 1
ariadne/packages/engine/processor/processor.go:106.43,122.2 1 1
ariadne/pkg/models/config.go:48.37,99.2 1 1
ariadne/pkg/models/config.go:102.42,103.22 1 1
ariadne/pkg/models/config.go:103.22,105.3 1 1
ariadne/pkg/models/config.go:106.2,106.32 1 1
ariadne/pkg/models/config.go:106.32,108.3 1 1
ariadne/pkg/models/config.go:109.2,109.20 1 1
ariadne/pkg/models/config.go:109.20,111.3 1 1
ariadne/pkg/models/config.go:112.2,112.24 1 1
ariadne/pkg/models/config.go:112.24,114.3 1 1
ariadne/pkg/models/config.go:115.2,115.12 1 1
ariadne/packages/engine/pipeline/pipeline.go:88.52,90.32 2 1
ariadne/packages/engine/pipeline/pipeline.go:90.32,92.3 1 1
ariadne/packages/engine/pipeline/pipeline.go:93.2,93.31 1 1
ariadne/packages/engine/pipeline/pipeline.go:93.31,95.3 1 1
ariadne/packages/engine/pipeline/pipeline.go:96.2,96.34 1 1
ariadne/packages/engine/pipeline/pipeline.go:96.34,98.3 1 1
ariadne/packages/engine/pipeline/pipeline.go:99.2,123.10 7 1
ariadne/packages/engine/pipeline/pipeline.go:126.45,126.64 1 0
ariadne/packages/engine/pipeline/pipeline.go:127.63,130.56 3 0
ariadne/packages/engine/pipeline/pipeline.go:130.56,132.3 1 0
ariadne/packages/engine/pipeline/pipeline.go:133.2,133.53 1 0
ariadne/packages/engine/pipeline/pipeline.go:135.98,139.12 4 1
ariadne/packages/engine/pipeline/pipeline.go:139.12,142.26 3 1
ariadne/packages/engine/pipeline/pipeline.go:142.26,143.11 1 1
ariadne/packages/engine/pipeline/pipeline.go:144.25,144.25 0 1
ariadne/packages/engine/pipeline/pipeline.go:145.29,146.11 1 0
ariadne/packages/engine/pipeline/pipeline.go:147.24,148.11 1 0
ariadne/packages/engine/pipeline/pipeline.go:152.2,152.18 1 1
ariadne/packages/engine/pipeline/pipeline.go:154.47,160.2 5 1
ariadne/packages/engine/pipeline/pipeline.go:161.27,166.64 5 1
ariadne/packages/engine/pipeline/pipeline.go:166.64,168.3 1 0
ariadne/packages/engine/pipeline/pipeline.go:171.38,173.36 2 1
ariadne/packages/engine/pipeline/pipeline.go:173.36,175.3 1 1
ariadne/packages/engine/pipeline/pipeline.go:176.2,176.30 1 1
ariadne/packages/engine/pipeline/pipeline.go:176.30,178.3 1 1
ariadne/packages/engine/pipeline/pipeline.go:181.34,183.49 2 1
ariadne/packages/engine/pipeline/pipeline.go:183.49,186.3 2 1
ariadne/packages/engine/pipeline/pipeline.go:187.2,187.12 1 1
ariadne/packages/engine/pipeline/pipeline.go:187.12,187.96 4 1
ariadne/packages/engine/pipeline/pipeline.go:188.2,189.50 2 1
ariadne/packages/engine/pipeline/pipeline.go:189.50,192.3 2 1
ariadne/packages/engine/pipeline/pipeline.go:193.2,193.12 1 1
ariadne/packages/engine/pipeline/pipeline.go:193.12,193.63 2 1
ariadne/packages/engine/pipeline/pipeline.go:194.2,195.50 2 1
ariadne/packages/engine/pipeline/pipeline.go:195.50,198.3 2 1
ariadne/packages/engine/pipeline/pipeline.go:199.2,199.12 1 1
ariadne/packages/engine/pipeline/pipeline.go:199.12,199.59 2 1
ariadne/packages/engine/pipeline/pipeline.go:200.2,201.46 2 1
ariadne/packages/engine/pipeline/pipeline.go:201.46,204.3 2 1
ariadne/packages/engine/pipeline/pipeline.go:205.2,205.12 1 1
ariadne/packages/engine/pipeline/pipeline.go:205.12,205.59 2 1
ariadne/packages/engine/pipeline/pipeline.go:208.44,208.82 2 1
ariadne/packages/engine/pipeline/pipeline.go:209.37,211.6 2 1
ariadne/packages/engine/pipeline/pipeline.go:211.6,212.10 1 1
ariadne/packages/engine/pipeline/pipeline.go:213.23,216.10 3 1
ariadne/packages/engine/pipeline/pipeline.go:217.42,218.11 1 1
ariadne/packages/engine/pipeline/pipeline.go:218.11,221.5 2 0
ariadne/packages/engine/pipeline/pipeline.go:222.4,222.32 1 1
ariadne/packages/engine/pipeline/pipeline.go:222.32,226.5 3 0
ariadne/packages/engine/pipeline/pipeline.go:227.4,229.44 3 1
ariadne/packages/engine/pipeline/pipeline.go:229.44,234.5 4 1
ariadne/packages/engine/pipeline/pipeline.go:238.70,239.9 1 1
ariadne/packages/engine/pipeline/pipeline.go:240.22,241.15 1 0
ariadne/packages/engine/pipeline/pipeline.go:242.27,243.14 1 1
ariadne/packages/engine/pipeline/pipeline.go:246.35,246.66 1 1
ariadne/packages/engine/pipeline/pipeline.go:246.66,246.86 1 1
ariadne/packages/engine/pipeline/pipeline.go:247.43,248.6 1 1
ariadne/packages/engine/pipeline/pipeline.go:248.6,249.10 1 1
ariadne/packages/engine/pipeline/pipeline.go:250.37,251.11 1 0
ariadne/packages/engine/pipeline/pipeline.go:251.11,253.5 1 0
ariadne/packages/engine/pipeline/pipeline.go:254.4,254.12 1 0
ariadne/packages/engine/pipeline/pipeline.go:255.11,256.10 1 1
ariadne/packages/engine/pipeline/pipeline.go:260.70,261.9 1 1
ariadne/packages/engine/pipeline/pipeline.go:262.22,263.15 1 0
ariadne/packages/engine/pipeline/pipeline.go:264.35,265.48 1 1
ariadne/packages/engine/pipeline/pipeline.go:265.48,267.75 2 1
ariadne/packages/engine/pipeline/pipeline.go:267.75,269.5 1 0
ariadne/packages/engine/pipeline/pipeline.go:270.4,270.27 1 1
ariadne/packages/engine/pipeline/pipeline.go:270.27,272.5 1 1
ariadne/packages/engine/pipeline/pipeline.go:274.3,274.14 1 1
ariadne/packages/engine/pipeline/pipeline.go:277.83,278.17 1 1
ariadne/packages/engine/pipeline/pipeline.go:278.17,280.3 1 0
ariadne/packages/engine/pipeline/pipeline.go:281.2,281.9 1 1
ariadne/packages/engine/pipeline/pipeline.go:282.33,283.16 1 1
ariadne/packages/engine/pipeline/pipeline.go:283.16,285.4 1 1
ariadne/packages/engine/pipeline/pipeline.go:285.9,287.4 1 1
ariadne/packages/engine/pipeline/pipeline.go:288.3,288.14 1 1
ariadne/packages/engine/pipeline/pipeline.go:289.22,290.15 1 0
ariadne/packages/engine/pipeline/pipeline.go:293.68,296.15 3 1
ariadne/packages/engine/pipeline/pipeline.go:296.15,297.31 1 1
ariadne/packages/engine/pipeline/pipeline.go:297.31,299.4 1 0
ariadne/packages/engine/pipeline/pipeline.go:301.2,301.9 1 1
ariadne/packages/engine/pipeline/pipeline.go:302.22,303.15 1 0
ariadne/packages/engine/pipeline/pipeline.go:304.33,305.14 1 1
ariadne/packages/engine/pipeline/pipeline.go:307.2,307.13 1 1
ariadne/packages/engine/pipeline/pipeline.go:309.80,310.75 1 1
ariadne/packages/engine/pipeline/pipeline.go:310.75,312.3 1 0
ariadne/packages/engine/pipeline/pipeline.go:313.2,313.36 1 1
ariadne/packages/engine/pipeline/pipeline.go:313.36,315.3 1 0
ariadne/packages/engine/pipeline/pipeline.go:316.2,317.12 2 1
ariadne/packages/engine/pipeline/pipeline.go:317.12,319.16 2 1
ariadne/packages/engine/pipeline/pipeline.go:319.16,322.11 3 1
ariadne/packages/engine/pipeline/pipeline.go:323.24,324.11 1 0
ariadne/packages/engine/pipeline/pipeline.go:325.19,325.19 0 1
ariadne/packages/engine/pipeline/pipeline.go:327.9,328.11 1 0
ariadne/packages/engine/pipeline/pipeline.go:329.24,330.11 1 0
ariadne/packages/engine/pipeline/pipeline.go:331.12,331.12 0 0
ariadne/packages/engine/pipeline/pipeline.go:334.3,334.37 1 1
ariadne/packages/engine/pipeline/pipeline.go:334.37,336.4 1 0
ariadne/packages/engine/pipeline/pipeline.go:337.3,337.36 1 1
ariadne/packages/engine/pipeline/pipeline.go:340.58,341.36 1 1
ariadne/packages/engine/pipeline/pipeline.go:341.36,343.3 1 0
ariadne/packages/engine/pipeline/pipeline.go:344.2,344.51 1 1
ariadne/packages/engine/pipeline/pipeline.go:346.60,349.15 3 1
ariadne/packages/engine/pipeline/pipeline.go:349.15,351.3 1 0
ariadne/packages/engine/pipeline/pipeline.go:352.2,352.14 1 1
ariadne/packages/engine/pipeline/pipeline.go:352.14,354.3 1 0
ariadne/packages/engine/pipeline/pipeline.go:355.2,356.17 2 1
ariadne/packages/engine/pipeline/pipeline.go:356.17,358.3 1 0
ariadne/packages/engine/pipeline/pipeline.go:359.2,360.17 2 1
ariadne/packages/engine/pipeline/pipeline.go:360.17,362.3 1 0
ariadne/packages/engine/pipeline/pipeline.go:363.2,363.15 1 1
ariadne/packages/engine/pipeline/pipeline.go:365.69,366.14 1 1
ariadne/packages/engine/pipeline/pipeline.go:366.14,368.3 1 0
ariadne/packages/engine/pipeline/pipeline.go:369.2,371.55 3 1
ariadne/packages/engine/pipeline/pipeline.go:373.99,374.38 1 1
ariadne/packages/engine/pipeline/pipeline.go:374.38,376.3 1 1
ariadne/packages/engine/pipeline/pipeline.go:377.2,378.16 2 1
ariadne/packages/engine/pipeline/pipeline.go:378.16,380.3 1 1
ariadne/packages/engine/pipeline/pipeline.go:381.2,381.20 1 1
ariadne/packages/engine/pipeline/pipeline.go:383.39,385.16 2 1
ariadne/packages/engine/pipeline/pipeline.go:385.16,387.3 1 0
ariadne/packages/engine/pipeline/pipeline.go:388.2,388.32 1 1
ariadne/packages/engine/pipeline/pipeline.go:390.38,393.6 3 1
ariadne/packages/engine/pipeline/pipeline.go:393.6,394.10 1 1
ariadne/packages/engine/pipeline/pipeline.go:395.30,396.11 1 1
ariadne/packages/engine/pipeline/pipeline.go:396.11,398.5 1 1
ariadne/packages/engine/pipeline/pipeline.go:399.4,399.23 1 1
ariadne/packages/engine/pipeline/pipeline.go:399.23,400.34 1 1
ariadne/packages/engine/pipeline/pipeline.go:400.34,402.6 1 1
ariadne/packages/engine/pipeline/pipeline.go:402.11,404.6 1 0
ariadne/packages/engine/pipeline/pipeline.go:405.10,408.5 2 0
ariadne/packages/engine/pipeline/pipeline.go:409.23,410.10 1 1
ariadne/packages/engine/pipeline/pipeline.go:414.39,417.6 3 1
ariadne/packages/engine/pipeline/pipeline.go:417.6,418.10 1 1
ariadne/packages/engine/pipeline/pipeline.go:419.40,420.11 1 1
ariadne/packages/engine/pipeline/pipeline.go:420.11,422.5 1 0
ariadne/packages/engine/pipeline/pipeline.go:423.4,425.22 3 1
ariadne/packages/engine/pipeline/pipeline.go:425.22,427.19 2 1
ariadne/packages/engine/pipeline/pipeline.go:427.19,430.14 3 0
ariadne/packages/engine/pipeline/pipeline.go:432.5,432.33 1 1
ariadne/packages/engine/pipeline/pipeline.go:432.33,433.50 1 1
ariadne/packages/engine/pipeline/pipeline.go:433.50,435.7 1 0
ariadne/packages/engine/pipeline/pipeline.go:436.6,436.14 1 1
ariadne/packages/engine/pipeline/pipeline.go:439.4,440.18 2 1
ariadne/packages/engine/pipeline/pipeline.go:440.18,441.41 1 1
ariadne/packages/engine/pipeline/pipeline.go:441.41,443.6 1 0
ariadne/packages/engine/pipeline/pipeline.go:444.5,445.75 2 1
ariadne/packages/engine/pipeline/pipeline.go:445.75,448.14 3 1
ariadne/packages/engine/pipeline/pipeline.go:450.5,451.13 2 0
ariadne/packages/engine/pipeline/pipeline.go:453.4,454.22 2 1
ariadne/packages/engine/pipeline/pipeline.go:454.22,455.64 1 1
ariadne/packages/engine/pipeline/pipeline.go:455.64,456.23 1 0
ariadne/packages/engine/pipeline/pipeline.go:456.23,458.7 1 0
ariadne/packages/engine/pipeline/pipeline.go:459.6,459.49 1 0
ariadne/packages/engine/pipeline/pipeline.go:459.49,461.7 1 0
ariadne/packages/engine/pipeline/pipeline.go:462.6,464.14 3 0
ariadne/packages/engine/pipeline/pipeline.go:466.5,466.24 1 1
ariadne/packages/engine/pipeline/pipeline.go:468.4,471.21 4 1
ariadne/packages/engine/pipeline/pipeline.go:471.21,473.5 1 1
ariadne/packages/engine/pipeline/pipeline.go:474.4,474.26 1 1
ariadne/packages/engine/pipeline/pipeline.go:474.26,475.39 1 1
ariadne/packages/engine/pipeline/pipeline.go:475.39,478.6 2 1
ariadne/packages/engine/pipeline/pipeline.go:480.4,480.19 1 1
ariadne/packages/engine/pipeline/pipeline.go:480.19,481.23 1 1
ariadne/packages/engine/pipeline/pipeline.go:481.23,482.62 1 1
ariadne/packages/engine/pipeline/pipeline.go:482.62,486.15 4 0
ariadne/packages/engine/pipeline/pipeline.go:489.5,490.41 2 1
ariadne/packages/engine/pipeline/pipeline.go:490.41,492.6 1 1
ariadne/packages/engine/pipeline/pipeline.go:493.5,493.44 1 1
ariadne/packages/engine/pipeline/pipeline.go:493.44,495.6 1 0
ariadne/packages/engine/pipeline/pipeline.go:496.10,498.41 2 1
ariadne/packages/engine/pipeline/pipeline.go:498.41,500.6 1 0
ariadne/packages/engine/pipeline/pipeline.go:501.5,502.28 2 1
ariadne/packages/engine/pipeline/pipeline.go:502.28,505.14 3 1
ariadne/packages/engine/pipeline/pipeline.go:507.5,507.110 1 1
ariadne/packages/engine/pipeline/pipeline.go:509.23,510.10 1 1
ariadne/packages/engine/pipeline/pipeline.go:514.39,517.6 3 1
ariadne/packages/engine/pipeline/pipeline.go:517.6,518.10 1 1
ariadne/packages/engine/pipeline/pipeline.go:519.40,520.11 1 1
ariadne/packages/engine/pipeline/pipeline.go:520.11,522.5 1 0
ariadne/packages/engine/pipeline/pipeline.go:523.4,524.11 2 1
ariadne/packages/engine/pipeline/pipeline.go:525.33,526.55 1 1
ariadne/packages/engine/pipeline/pipeline.go:527.24,528.11 1 0
ariadne/packages/engine/pipeline/pipeline.go:530.23,531.10 1 1
ariadne/packages/engine/pipeline/pipeline.go:535.35,538.6 3 1
ariadne/packages/engine/pipeline/pipeline.go:538.6,539.10 1 1
ariadne/packages/engine/pipeline/pipeline.go:540.38,541.11 1 1
ariadne/packages/engine/pipeline/pipeline.go:541.11,543.5 1 0
ariadne/packages/engine/pipeline/pipeline.go:544.4,545.32 2 1
ariadne/packages/engine/pipeline/pipeline.go:545.32,547.5 1 0
ariadne/packages/engine/pipeline/pipeline.go:548.4,548.50 1 1
ariadne/packages/engine/pipeline/pipeline.go:549.23,550.10 1 1
ariadne/packages/engine/pipeline/pipeline.go:554.46,554.86 1 1
ariadne/packages/engine/pipeline/pipeline.go:555.66,556.49 1 1
ariadne/packages/engine/pipeline/pipeline.go:556.49,559.3 2 1
ariadne/packages/engine/pipeline/pipeline.go:560.2,560.38 1 1
ariadne/packages/engine/pipeline/pipeline.go:560.38,562.3 1 0
ariadne/packages/engine/pipeline/pipeline.go:562.8,564.3 1 1
ariadne/packages/engine/pipeline/pipeline.go:565.2,566.50 2 1
ariadne/packages/engine/pipeline/pipeline.go:566.50,568.3 1 1
ariadne/packages/engine/pipeline/pipeline.go:569.2,570.13 2 1
ariadne/packages/engine/pipeline/pipeline.go:572.80,575.17 3 1
ariadne/packages/engine/pipeline/pipeline.go:575.17,578.3 2 1
ariadne/packages/engine/pipeline/pipeline.go:579.2,580.54 2 1
ariadne/packages/engine/pipeline/pipeline.go:580.54,582.3 1 1
ariadne/packages/engine/pipeline/pipeline.go:583.2,583.104 1 1
ariadne/packages/engine/pipeline/pipeline.go:585.74,588.2 2 1
ariadne/packages/engine/pipeline/pipeline.go:589.67,593.13 4 1
ariadne/packages/engine/pipeline/pipeline.go:593.13,595.23 2 1
ariadne/packages/engine/pipeline/pipeline.go:595.23,597.4 1 1
ariadne/packages/engine/pipeline/pipeline.go:598.8,600.23 2 1
ariadne/packages/engine/pipeline/pipeline.go:600.23,602.4 1 1
ariadne/packages/engine/pipeline/pipeline.go:604.2,604.41 1 1
