mode: atomic
github.com/99souls/ariadne/engine/internal/runtime/runtime.go:119.80,123.2 3 0
github.com/99souls/ariadne/engine/internal/runtime/runtime.go:125.74,129.2 3 0
github.com/99souls/ariadne/engine/internal/runtime/runtime.go:131.60,134.59 3 0
github.com/99souls/ariadne/engine/internal/runtime/runtime.go:134.59,137.3 2 0
github.com/99souls/ariadne/engine/internal/runtime/runtime.go:138.2,139.16 2 0
github.com/99souls/ariadne/engine/internal/runtime/runtime.go:139.16,141.3 1 0
github.com/99souls/ariadne/engine/internal/runtime/runtime.go:142.2,143.51 2 0
github.com/99souls/ariadne/engine/internal/runtime/runtime.go:143.51,145.3 1 0
github.com/99souls/ariadne/engine/internal/runtime/runtime.go:146.2,147.12 2 0
github.com/99souls/ariadne/engine/internal/runtime/runtime.go:150.88,153.55 3 0
github.com/99souls/ariadne/engine/internal/runtime/runtime.go:153.55,155.3 1 0
github.com/99souls/ariadne/engine/internal/runtime/runtime.go:156.2,159.41 4 0
github.com/99souls/ariadne/engine/internal/runtime/runtime.go:162.76,167.2 4 0
github.com/99souls/ariadne/engine/internal/runtime/runtime.go:168.90,172.2 3 0
github.com/99souls/ariadne/engine/internal/runtime/runtime.go:173.90,174.35 1 0
github.com/99souls/ariadne/engine/internal/runtime/runtime.go:174.35,175.41 1 0
github.com/99souls/ariadne/engine/internal/runtime/runtime.go:175.41,177.4 1 0
github.com/99souls/ariadne/engine/internal/runtime/runtime.go:179.2,179.12 1 0
github.com/99souls/ariadne/engine/internal/runtime/runtime.go:182.92,184.16 2 0
github.com/99souls/ariadne/engine/internal/runtime/runtime.go:184.16,186.3 1 0
github.com/99souls/ariadne/engine/internal/runtime/runtime.go:187.2,187.73 1 0
github.com/99souls/ariadne/engine/internal/runtime/runtime.go:187.73,189.3 1 0
github.com/99souls/ariadne/engine/internal/runtime/runtime.go:190.2,190.49 1 0
github.com/99souls/ariadne/engine/internal/runtime/runtime.go:193.87,199.2 5 0
github.com/99souls/ariadne/engine/internal/runtime/runtime.go:201.70,203.16 2 0
github.com/99souls/ariadne/engine/internal/runtime/runtime.go:203.16,205.3 1 0
github.com/99souls/ariadne/engine/internal/runtime/runtime.go:206.2,206.72 1 0
github.com/99souls/ariadne/engine/internal/runtime/runtime.go:209.106,213.20 4 0
github.com/99souls/ariadne/engine/internal/runtime/runtime.go:213.20,218.3 4 0
github.com/99souls/ariadne/engine/internal/runtime/runtime.go:219.2,220.51 2 0
github.com/99souls/ariadne/engine/internal/runtime/runtime.go:220.51,226.3 5 0
github.com/99souls/ariadne/engine/internal/runtime/runtime.go:227.2,230.12 3 0
github.com/99souls/ariadne/engine/internal/runtime/runtime.go:230.12,234.7 4 0
github.com/99souls/ariadne/engine/internal/runtime/runtime.go:234.7,235.11 1 0
github.com/99souls/ariadne/engine/internal/runtime/runtime.go:236.39,237.12 1 0
github.com/99souls/ariadne/engine/internal/runtime/runtime.go:237.12,239.6 1 0
github.com/99souls/ariadne/engine/internal/runtime/runtime.go:240.5,240.33 1 0
github.com/99souls/ariadne/engine/internal/runtime/runtime.go:240.33,241.14 1 0
github.com/99souls/ariadne/engine/internal/runtime/runtime.go:243.5,243.46 1 0
github.com/99souls/ariadne/engine/internal/runtime/runtime.go:243.46,245.20 2 0
github.com/99souls/ariadne/engine/internal/runtime/runtime.go:245.20,247.15 2 0
github.com/99souls/ariadne/engine/internal/runtime/runtime.go:249.6,249.37 1 0
github.com/99souls/ariadne/engine/internal/runtime/runtime.go:249.37,251.22 2 0
github.com/99souls/ariadne/engine/internal/runtime/runtime.go:251.22,253.8 1 0
github.com/99souls/ariadne/engine/internal/runtime/runtime.go:254.7,255.16 2 0
github.com/99souls/ariadne/engine/internal/runtime/runtime.go:258.41,259.12 1 0
github.com/99souls/ariadne/engine/internal/runtime/runtime.go:259.12,261.6 1 0
github.com/99souls/ariadne/engine/internal/runtime/runtime.go:262.5,262.16 1 0
github.com/99souls/ariadne/engine/internal/runtime/runtime.go:263.22,264.11 1 0
github.com/99souls/ariadne/engine/internal/runtime/runtime.go:268.2,268.22 1 0
github.com/99souls/ariadne/engine/internal/runtime/runtime.go:271.50,274.20 3 0
github.com/99souls/ariadne/engine/internal/runtime/runtime.go:274.20,277.3 2 0
github.com/99souls/ariadne/engine/internal/runtime/runtime.go:278.2,278.12 1 0
github.com/99souls/ariadne/engine/internal/runtime/runtime.go:280.83,281.32 1 0
github.com/99souls/ariadne/engine/internal/runtime/runtime.go:281.32,283.3 1 0
github.com/99souls/ariadne/engine/internal/runtime/runtime.go:284.2,284.32 1 0
github.com/99souls/ariadne/engine/internal/runtime/runtime.go:284.32,286.3 1 0
github.com/99souls/ariadne/engine/internal/runtime/runtime.go:287.2,287.48 1 0
github.com/99souls/ariadne/engine/internal/runtime/runtime.go:287.48,289.3 1 0
github.com/99souls/ariadne/engine/internal/runtime/runtime.go:290.2,292.33 3 0
github.com/99souls/ariadne/engine/internal/runtime/runtime.go:294.82,295.59 1 0
github.com/99souls/ariadne/engine/internal/runtime/runtime.go:295.59,297.3 1 0
github.com/99souls/ariadne/engine/internal/runtime/runtime.go:298.2,299.16 2 0
github.com/99souls/ariadne/engine/internal/runtime/runtime.go:299.16,301.3 1 0
github.com/99souls/ariadne/engine/internal/runtime/runtime.go:302.2,303.51 2 0
github.com/99souls/ariadne/engine/internal/runtime/runtime.go:303.51,305.3 1 0
github.com/99souls/ariadne/engine/internal/runtime/runtime.go:306.2,306.18 1 0
github.com/99souls/ariadne/engine/internal/runtime/runtime.go:309.73,310.48 1 0
github.com/99souls/ariadne/engine/internal/runtime/runtime.go:310.48,312.3 1 0
github.com/99souls/ariadne/engine/internal/runtime/runtime.go:313.2,313.53 1 0
github.com/99souls/ariadne/engine/internal/runtime/runtime.go:315.127,322.16 7 0
github.com/99souls/ariadne/engine/internal/runtime/runtime.go:322.16,324.3 1 0
github.com/99souls/ariadne/engine/internal/runtime/runtime.go:325.2,325.37 1 0
github.com/99souls/ariadne/engine/internal/runtime/runtime.go:327.80,331.16 4 0
github.com/99souls/ariadne/engine/internal/runtime/runtime.go:331.16,333.3 1 0
github.com/99souls/ariadne/engine/internal/runtime/runtime.go:334.2,335.26 2 0
github.com/99souls/ariadne/engine/internal/runtime/runtime.go:335.26,336.53 1 0
github.com/99souls/ariadne/engine/internal/runtime/runtime.go:336.53,337.12 1 0
github.com/99souls/ariadne/engine/internal/runtime/runtime.go:339.3,341.17 3 0
github.com/99souls/ariadne/engine/internal/runtime/runtime.go:341.17,342.12 1 0
github.com/99souls/ariadne/engine/internal/runtime/runtime.go:344.3,345.50 2 0
github.com/99souls/ariadne/engine/internal/runtime/runtime.go:345.50,346.12 1 0
github.com/99souls/ariadne/engine/internal/runtime/runtime.go:348.3,348.34 1 0
github.com/99souls/ariadne/engine/internal/runtime/runtime.go:350.2,350.22 1 0
github.com/99souls/ariadne/engine/internal/runtime/runtime.go:352.94,356.47 4 0
github.com/99souls/ariadne/engine/internal/runtime/runtime.go:356.47,358.3 1 0
github.com/99souls/ariadne/engine/internal/runtime/runtime.go:359.2,360.16 2 0
github.com/99souls/ariadne/engine/internal/runtime/runtime.go:360.16,362.3 1 0
github.com/99souls/ariadne/engine/internal/runtime/runtime.go:363.2,364.51 2 0
github.com/99souls/ariadne/engine/internal/runtime/runtime.go:364.51,366.3 1 0
github.com/99souls/ariadne/engine/internal/runtime/runtime.go:367.2,367.24 1 0
github.com/99souls/ariadne/engine/internal/runtime/runtime.go:370.69,371.48 1 0
github.com/99souls/ariadne/engine/internal/runtime/runtime.go:371.48,373.3 1 0
github.com/99souls/ariadne/engine/internal/runtime/runtime.go:374.2,374.48 1 0
github.com/99souls/ariadne/engine/internal/runtime/runtime.go:376.133,383.16 7 0
github.com/99souls/ariadne/engine/internal/runtime/runtime.go:383.16,385.3 1 0
github.com/99souls/ariadne/engine/internal/runtime/runtime.go:386.2,386.53 1 0
github.com/99souls/ariadne/engine/internal/runtime/runtime.go:386.53,388.3 1 0
github.com/99souls/ariadne/engine/internal/runtime/runtime.go:389.2,389.16 1 0
github.com/99souls/ariadne/engine/internal/runtime/runtime.go:391.95,395.17 4 0
github.com/99souls/ariadne/engine/internal/runtime/runtime.go:395.17,397.3 1 0
github.com/99souls/ariadne/engine/internal/runtime/runtime.go:398.2,401.28 4 0
github.com/99souls/ariadne/engine/internal/runtime/runtime.go:401.28,403.3 1 0
github.com/99souls/ariadne/engine/internal/runtime/runtime.go:404.2,404.27 1 0
github.com/99souls/ariadne/engine/internal/runtime/runtime.go:406.123,412.46 6 0
github.com/99souls/ariadne/engine/internal/runtime/runtime.go:412.46,414.3 1 0
github.com/99souls/ariadne/engine/internal/runtime/runtime.go:415.2,417.16 3 0
github.com/99souls/ariadne/engine/internal/runtime/runtime.go:417.16,419.3 1 0
github.com/99souls/ariadne/engine/internal/runtime/runtime.go:420.2,420.37 1 0
github.com/99souls/ariadne/engine/internal/runtime/runtime.go:422.89,427.16 5 0
github.com/99souls/ariadne/engine/internal/runtime/runtime.go:427.16,429.3 1 0
github.com/99souls/ariadne/engine/internal/runtime/runtime.go:430.2,431.52 2 0
github.com/99souls/ariadne/engine/internal/runtime/runtime.go:431.52,433.3 1 0
github.com/99souls/ariadne/engine/internal/runtime/runtime.go:434.2,435.25 2 0
github.com/99souls/ariadne/engine/internal/runtime/runtime.go:435.25,436.34 1 0
github.com/99souls/ariadne/engine/internal/runtime/runtime.go:436.34,438.4 1 0
github.com/99souls/ariadne/engine/internal/runtime/runtime.go:439.3,442.16 4 0
github.com/99souls/ariadne/engine/internal/runtime/runtime.go:442.16,444.4 1 0
github.com/99souls/ariadne/engine/internal/runtime/runtime.go:446.2,447.30 2 0
github.com/99souls/ariadne/engine/internal/runtime/runtime.go:447.30,450.3 2 0
github.com/99souls/ariadne/engine/internal/runtime/runtime.go:451.2,451.178 1 0
github.com/99souls/ariadne/engine/internal/runtime/runtime.go:453.64,456.16 3 0
github.com/99souls/ariadne/engine/internal/runtime/runtime.go:456.16,458.3 1 0
github.com/99souls/ariadne/engine/internal/runtime/runtime.go:459.2,460.49 2 0
github.com/99souls/ariadne/engine/internal/runtime/runtime.go:460.49,462.3 1 0
github.com/99souls/ariadne/engine/internal/runtime/runtime.go:463.2,463.11 1 0
github.com/99souls/ariadne/engine/internal/runtime/runtime.go:465.97,466.22 1 0
github.com/99souls/ariadne/engine/internal/runtime/runtime.go:466.22,468.3 1 0
github.com/99souls/ariadne/engine/internal/runtime/runtime.go:469.2,471.28 3 0
github.com/99souls/ariadne/engine/internal/runtime/runtime.go:471.28,472.31 1 0
github.com/99souls/ariadne/engine/internal/runtime/runtime.go:472.31,475.4 2 0
github.com/99souls/ariadne/engine/internal/runtime/runtime.go:477.2,477.97 1 0
github.com/99souls/ariadne/engine/internal/runtime/runtime.go:486.140,488.2 1 0
github.com/99souls/ariadne/engine/internal/runtime/runtime.go:489.117,492.31 3 0
github.com/99souls/ariadne/engine/internal/runtime/runtime.go:492.31,493.86 1 0
github.com/99souls/ariadne/engine/internal/runtime/runtime.go:493.86,495.4 1 0
github.com/99souls/ariadne/engine/internal/runtime/runtime.go:497.2,497.67 1 0
github.com/99souls/ariadne/engine/internal/runtime/runtime.go:497.67,499.3 1 0
github.com/99souls/ariadne/engine/internal/runtime/runtime.go:500.2,500.12 1 0
github.com/99souls/ariadne/engine/internal/runtime/runtime.go:502.86,506.2 3 0
github.com/99souls/ariadne/engine/internal/runtime/runtime.go:507.71,510.31 3 0
github.com/99souls/ariadne/engine/internal/runtime/runtime.go:510.31,512.3 1 0
github.com/99souls/ariadne/engine/internal/runtime/runtime.go:513.2,514.16 2 0
github.com/99souls/ariadne/engine/internal/runtime/runtime.go:514.16,516.3 1 0
github.com/99souls/ariadne/engine/internal/runtime/runtime.go:517.2,517.70 1 0
github.com/99souls/ariadne/engine/internal/runtime/runtime.go:517.70,519.3 1 0
github.com/99souls/ariadne/engine/internal/runtime/runtime.go:520.2,520.12 1 0
github.com/99souls/ariadne/engine/internal/runtime/runtime.go:525.79,526.77 1 0
github.com/99souls/ariadne/engine/internal/runtime/runtime.go:526.77,528.28 2 0
github.com/99souls/ariadne/engine/internal/runtime/runtime.go:528.28,530.4 1 0
github.com/99souls/ariadne/engine/internal/runtime/runtime.go:531.3,531.21 1 0
github.com/99souls/ariadne/engine/internal/runtime/runtime.go:531.21,533.4 1 0
github.com/99souls/ariadne/engine/internal/runtime/runtime.go:535.2,535.12 1 0
github.com/99souls/ariadne/engine/adapters/telemetryhttp/handlers.go:44.99,46.17 2 3
github.com/99souls/ariadne/engine/adapters/telemetryhttp/handlers.go:46.17,48.3 1 2
github.com/99souls/ariadne/engine/adapters/telemetryhttp/handlers.go:49.2,49.17 1 3
github.com/99souls/ariadne/engine/adapters/telemetryhttp/handlers.go:49.17,54.3 4 3
github.com/99souls/ariadne/engine/adapters/telemetryhttp/handlers.go:55.2,56.17 2 0
github.com/99souls/ariadne/engine/adapters/telemetryhttp/handlers.go:56.17,59.3 2 0
github.com/99souls/ariadne/engine/adapters/telemetryhttp/handlers.go:60.2,60.24 1 0
github.com/99souls/ariadne/engine/adapters/telemetryhttp/handlers.go:65.63,66.23 1 1
github.com/99souls/ariadne/engine/adapters/telemetryhttp/handlers.go:66.23,68.3 1 1
github.com/99souls/ariadne/engine/adapters/telemetryhttp/handlers.go:69.2,69.71 1 1
github.com/99souls/ariadne/engine/adapters/telemetryhttp/handlers.go:69.71,70.25 1 1
github.com/99souls/ariadne/engine/adapters/telemetryhttp/handlers.go:70.25,74.4 3 0
github.com/99souls/ariadne/engine/adapters/telemetryhttp/handlers.go:75.3,78.25 4 1
github.com/99souls/ariadne/engine/adapters/telemetryhttp/handlers.go:78.25,80.4 1 1
github.com/99souls/ariadne/engine/adapters/telemetryhttp/handlers.go:81.3,81.49 1 1
github.com/99souls/ariadne/engine/adapters/telemetryhttp/handlers.go:81.49,83.4 1 0
github.com/99souls/ariadne/engine/adapters/telemetryhttp/handlers.go:84.3,84.23 1 1
github.com/99souls/ariadne/engine/adapters/telemetryhttp/handlers.go:84.23,86.4 1 1
github.com/99souls/ariadne/engine/adapters/telemetryhttp/handlers.go:87.3,89.38 3 1
github.com/99souls/ariadne/engine/adapters/telemetryhttp/handlers.go:93.66,94.23 1 1
github.com/99souls/ariadne/engine/adapters/telemetryhttp/handlers.go:94.23,96.3 1 1
github.com/99souls/ariadne/engine/adapters/telemetryhttp/handlers.go:97.2,97.71 1 1
github.com/99souls/ariadne/engine/adapters/telemetryhttp/handlers.go:97.71,98.25 1 2
github.com/99souls/ariadne/engine/adapters/telemetryhttp/handlers.go:98.25,102.4 3 0
github.com/99souls/ariadne/engine/adapters/telemetryhttp/handlers.go:103.3,107.25 5 2
github.com/99souls/ariadne/engine/adapters/telemetryhttp/handlers.go:107.25,109.4 1 0
github.com/99souls/ariadne/engine/adapters/telemetryhttp/handlers.go:110.3,110.49 1 2
github.com/99souls/ariadne/engine/adapters/telemetryhttp/handlers.go:110.49,112.4 1 2
github.com/99souls/ariadne/engine/adapters/telemetryhttp/handlers.go:113.3,113.23 1 2
github.com/99souls/ariadne/engine/adapters/telemetryhttp/handlers.go:113.23,115.4 1 2
github.com/99souls/ariadne/engine/adapters/telemetryhttp/handlers.go:116.3,117.62 2 2
github.com/99souls/ariadne/engine/adapters/telemetryhttp/handlers.go:117.62,119.4 1 1
github.com/99souls/ariadne/engine/adapters/telemetryhttp/handlers.go:119.9,121.4 1 1
github.com/99souls/ariadne/engine/adapters/telemetryhttp/handlers.go:122.3,122.38 1 2
github.com/99souls/ariadne/engine/adapters/telemetryhttp/handlers.go:126.66,127.14 1 0
github.com/99souls/ariadne/engine/adapters/telemetryhttp/handlers.go:127.14,128.72 1 0
github.com/99souls/ariadne/engine/adapters/telemetryhttp/handlers.go:128.72,128.95 1 0
github.com/99souls/ariadne/engine/adapters/telemetryhttp/handlers.go:130.2,130.69 1 0
github.com/99souls/ariadne/engine/adapters/telemetryhttp/handlers.go:130.69,132.3 1 0
github.com/99souls/ariadne/engine/adapters/telemetryhttp/handlers.go:133.2,133.71 1 0
github.com/99souls/ariadne/engine/adapters/telemetryhttp/handlers.go:133.71,135.3 1 0
github.com/99souls/ariadne/engine/business/crawler/decisions.go:38.86,42.2 1 4
github.com/99souls/ariadne/engine/business/crawler/decisions.go:45.121,53.35 2 6
github.com/99souls/ariadne/engine/business/crawler/decisions.go:53.35,57.3 3 2
github.com/99souls/ariadne/engine/business/crawler/decisions.go:60.2,60.53 1 4
github.com/99souls/ariadne/engine/business/crawler/decisions.go:60.53,64.3 3 1
github.com/99souls/ariadne/engine/business/crawler/decisions.go:67.2,71.22 4 3
github.com/99souls/ariadne/engine/business/crawler/decisions.go:75.140,83.62 2 2
github.com/99souls/ariadne/engine/business/crawler/decisions.go:83.62,87.3 3 0
github.com/99souls/ariadne/engine/business/crawler/decisions.go:90.2,93.65 2 2
github.com/99souls/ariadne/engine/business/crawler/decisions.go:93.65,97.3 3 1
github.com/99souls/ariadne/engine/business/crawler/decisions.go:100.2,100.41 1 1
github.com/99souls/ariadne/engine/business/crawler/decisions.go:100.41,104.3 3 0
github.com/99souls/ariadne/engine/business/crawler/decisions.go:106.2,107.22 2 1
github.com/99souls/ariadne/engine/business/crawler/decisions.go:111.131,114.30 2 1
github.com/99souls/ariadne/engine/business/crawler/decisions.go:114.30,116.17 2 3
github.com/99souls/ariadne/engine/business/crawler/decisions.go:116.17,123.12 3 0
github.com/99souls/ariadne/engine/business/crawler/decisions.go:126.3,127.17 2 3
github.com/99souls/ariadne/engine/business/crawler/decisions.go:127.17,133.4 1 0
github.com/99souls/ariadne/engine/business/crawler/decisions.go:134.3,134.42 1 3
github.com/99souls/ariadne/engine/business/crawler/decisions.go:137.2,137.23 1 1
github.com/99souls/ariadne/engine/business/crawler/decisions.go:141.108,145.2 3 1
github.com/99souls/ariadne/engine/business/crawler/policies.go:47.90,51.2 1 9
github.com/99souls/ariadne/engine/business/crawler/policies.go:54.65,55.31 1 12
github.com/99souls/ariadne/engine/business/crawler/policies.go:55.31,57.3 1 0
github.com/99souls/ariadne/engine/business/crawler/policies.go:59.2,62.62 2 12
github.com/99souls/ariadne/engine/business/crawler/policies.go:62.62,64.3 1 8
github.com/99souls/ariadne/engine/business/crawler/policies.go:67.2,67.57 1 4
github.com/99souls/ariadne/engine/business/crawler/policies.go:67.57,68.48 1 4
github.com/99souls/ariadne/engine/business/crawler/policies.go:68.48,70.4 1 1
github.com/99souls/ariadne/engine/business/crawler/policies.go:74.2,74.14 1 3
github.com/99souls/ariadne/engine/business/crawler/policies.go:78.87,79.31 1 10
github.com/99souls/ariadne/engine/business/crawler/policies.go:79.31,81.3 1 0
github.com/99souls/ariadne/engine/business/crawler/policies.go:84.2,84.49 1 10
github.com/99souls/ariadne/engine/business/crawler/policies.go:84.49,86.3 1 3
github.com/99souls/ariadne/engine/business/crawler/policies.go:90.2,91.31 2 7
github.com/99souls/ariadne/engine/business/crawler/policies.go:91.31,93.54 2 7
github.com/99souls/ariadne/engine/business/crawler/policies.go:93.54,95.4 1 5
github.com/99souls/ariadne/engine/business/crawler/policies.go:95.9,97.47 1 2
github.com/99souls/ariadne/engine/business/crawler/policies.go:97.47,98.50 1 2
github.com/99souls/ariadne/engine/business/crawler/policies.go:98.50,100.11 2 0
github.com/99souls/ariadne/engine/business/crawler/policies.go:107.2,107.54 1 7
github.com/99souls/ariadne/engine/business/crawler/policies.go:107.54,109.3 1 1
github.com/99souls/ariadne/engine/business/crawler/policies.go:111.2,111.13 1 6
github.com/99souls/ariadne/engine/business/crawler/policies.go:115.76,116.34 1 6
github.com/99souls/ariadne/engine/business/crawler/policies.go:116.34,118.3 1 2
github.com/99souls/ariadne/engine/business/crawler/policies.go:120.2,123.78 2 4
github.com/99souls/ariadne/engine/business/crawler/policies.go:123.78,125.3 1 3
github.com/99souls/ariadne/engine/business/crawler/policies.go:128.2,128.47 1 1
github.com/99souls/ariadne/engine/business/crawler/policies.go:132.80,133.31 1 6
github.com/99souls/ariadne/engine/business/crawler/policies.go:133.31,135.3 1 2
github.com/99souls/ariadne/engine/business/crawler/policies.go:138.2,138.68 1 4
github.com/99souls/ariadne/engine/business/crawler/policies.go:138.68,140.3 1 3
github.com/99souls/ariadne/engine/business/crawler/policies.go:143.2,143.40 1 1
github.com/99souls/ariadne/engine/business/crawler/sites.go:37.48,41.2 1 7
github.com/99souls/ariadne/engine/business/crawler/sites.go:44.94,50.2 4 8
github.com/99souls/ariadne/engine/business/crawler/sites.go:53.97,59.2 4 1
github.com/99souls/ariadne/engine/business/crawler/sites.go:62.63,67.2 3 1
github.com/99souls/ariadne/engine/business/crawler/sites.go:70.80,75.2 3 14
github.com/99souls/ariadne/engine/business/crawler/sites.go:78.54,83.35 4 1
github.com/99souls/ariadne/engine/business/crawler/sites.go:83.35,85.3 1 0
github.com/99souls/ariadne/engine/business/crawler/sites.go:86.2,86.16 1 1
github.com/99souls/ariadne/engine/business/crawler/sites.go:95.74,99.2 1 3
github.com/99souls/ariadne/engine/business/crawler/sites.go:102.83,106.64 2 7
github.com/99souls/ariadne/engine/business/crawler/sites.go:106.64,108.3 1 4
github.com/99souls/ariadne/engine/business/crawler/sites.go:111.2,112.34 2 3
github.com/99souls/ariadne/engine/business/crawler/sites.go:112.34,114.71 2 3
github.com/99souls/ariadne/engine/business/crawler/sites.go:114.71,116.4 1 1
github.com/99souls/ariadne/engine/business/crawler/sites.go:119.2,119.12 1 2
github.com/99souls/ariadne/engine/business/crawler/sites.go:123.92,125.19 2 2
github.com/99souls/ariadne/engine/business/crawler/sites.go:125.19,127.3 1 1
github.com/99souls/ariadne/engine/business/crawler/sites.go:130.2,130.33 1 1
github.com/99souls/ariadne/engine/business/crawler/sites.go:134.80,136.19 2 1
github.com/99souls/ariadne/engine/business/crawler/sites.go:136.19,138.3 1 1
github.com/99souls/ariadne/engine/business/crawler/sites.go:141.2,141.29 1 0
github.com/99souls/ariadne/engine/crawler/colly_fetcher.go:33.65,34.52 1 6
github.com/99souls/ariadne/engine/crawler/colly_fetcher.go:34.52,36.3 1 1
github.com/99souls/ariadne/engine/crawler/colly_fetcher.go:38.2,43.24 2 5
github.com/99souls/ariadne/engine/crawler/colly_fetcher.go:43.24,45.3 1 5
github.com/99souls/ariadne/engine/crawler/colly_fetcher.go:47.2,47.28 1 5
github.com/99souls/ariadne/engine/crawler/colly_fetcher.go:47.28,49.3 1 5
github.com/99souls/ariadne/engine/crawler/colly_fetcher.go:52.2,56.17 1 5
github.com/99souls/ariadne/engine/crawler/colly_fetcher.go:56.17,58.3 1 0
github.com/99souls/ariadne/engine/crawler/colly_fetcher.go:60.2,68.21 3 5
github.com/99souls/ariadne/engine/crawler/colly_fetcher.go:72.52,73.25 1 7
github.com/99souls/ariadne/engine/crawler/colly_fetcher.go:73.25,75.3 1 1
github.com/99souls/ariadne/engine/crawler/colly_fetcher.go:77.2,77.27 1 6
github.com/99souls/ariadne/engine/crawler/colly_fetcher.go:77.27,79.3 1 0
github.com/99souls/ariadne/engine/crawler/colly_fetcher.go:81.2,81.29 1 6
github.com/99souls/ariadne/engine/crawler/colly_fetcher.go:81.29,83.3 1 0
github.com/99souls/ariadne/engine/crawler/colly_fetcher.go:85.2,85.12 1 6
github.com/99souls/ariadne/engine/crawler/colly_fetcher.go:89.41,90.47 1 5
github.com/99souls/ariadne/engine/crawler/colly_fetcher.go:90.47,93.3 1 1
github.com/99souls/ariadne/engine/crawler/colly_fetcher.go:95.2,95.49 1 5
github.com/99souls/ariadne/engine/crawler/colly_fetcher.go:95.49,100.66 3 0
github.com/99souls/ariadne/engine/crawler/colly_fetcher.go:100.66,103.4 2 0
github.com/99souls/ariadne/engine/crawler/colly_fetcher.go:106.2,106.57 1 5
github.com/99souls/ariadne/engine/crawler/colly_fetcher.go:106.57,108.3 1 1
github.com/99souls/ariadne/engine/crawler/colly_fetcher.go:112.88,115.16 2 1
github.com/99souls/ariadne/engine/crawler/colly_fetcher.go:115.16,117.3 1 0
github.com/99souls/ariadne/engine/crawler/colly_fetcher.go:120.2,120.24 1 1
github.com/99souls/ariadne/engine/crawler/colly_fetcher.go:120.24,122.3 1 0
github.com/99souls/ariadne/engine/crawler/colly_fetcher.go:124.2,131.56 2 1
github.com/99souls/ariadne/engine/crawler/colly_fetcher.go:131.56,136.32 3 0
github.com/99souls/ariadne/engine/crawler/colly_fetcher.go:136.32,137.49 1 0
github.com/99souls/ariadne/engine/crawler/colly_fetcher.go:137.49,138.24 1 0
github.com/99souls/ariadne/engine/crawler/colly_fetcher.go:138.24,140.6 1 0
github.com/99souls/ariadne/engine/crawler/colly_fetcher.go:145.3,145.49 1 0
github.com/99souls/ariadne/engine/crawler/colly_fetcher.go:145.49,147.4 1 0
github.com/99souls/ariadne/engine/crawler/colly_fetcher.go:150.3,150.78 1 0
github.com/99souls/ariadne/engine/crawler/colly_fetcher.go:150.78,151.48 1 0
github.com/99souls/ariadne/engine/crawler/colly_fetcher.go:151.48,153.5 1 0
github.com/99souls/ariadne/engine/crawler/colly_fetcher.go:157.3,158.17 2 0
github.com/99souls/ariadne/engine/crawler/colly_fetcher.go:158.17,160.4 1 0
github.com/99souls/ariadne/engine/crawler/colly_fetcher.go:164.2,165.16 2 1
github.com/99souls/ariadne/engine/crawler/colly_fetcher.go:165.16,167.3 1 1
github.com/99souls/ariadne/engine/crawler/colly_fetcher.go:169.2,169.20 1 0
github.com/99souls/ariadne/engine/crawler/colly_fetcher.go:173.108,174.23 1 1
github.com/99souls/ariadne/engine/crawler/colly_fetcher.go:174.23,176.3 1 0
github.com/99souls/ariadne/engine/crawler/colly_fetcher.go:179.2,180.16 2 1
github.com/99souls/ariadne/engine/crawler/colly_fetcher.go:180.16,182.3 1 0
github.com/99souls/ariadne/engine/crawler/colly_fetcher.go:184.2,187.61 2 1
github.com/99souls/ariadne/engine/crawler/colly_fetcher.go:187.61,189.28 2 4
github.com/99souls/ariadne/engine/crawler/colly_fetcher.go:189.28,191.4 1 0
github.com/99souls/ariadne/engine/crawler/colly_fetcher.go:194.3,196.36 1 4
github.com/99souls/ariadne/engine/crawler/colly_fetcher.go:196.36,198.4 1 2
github.com/99souls/ariadne/engine/crawler/colly_fetcher.go:201.3,202.17 2 2
github.com/99souls/ariadne/engine/crawler/colly_fetcher.go:202.17,204.4 1 0
github.com/99souls/ariadne/engine/crawler/colly_fetcher.go:207.3,207.23 1 2
github.com/99souls/ariadne/engine/crawler/colly_fetcher.go:207.23,209.4 1 1
github.com/99souls/ariadne/engine/crawler/colly_fetcher.go:212.3,212.30 1 2
github.com/99souls/ariadne/engine/crawler/colly_fetcher.go:212.30,215.4 2 2
github.com/99souls/ariadne/engine/crawler/colly_fetcher.go:218.2,218.19 1 1
github.com/99souls/ariadne/engine/crawler/colly_fetcher.go:222.60,223.52 1 1
github.com/99souls/ariadne/engine/crawler/colly_fetcher.go:223.52,225.3 1 0
github.com/99souls/ariadne/engine/crawler/colly_fetcher.go:227.2,230.24 2 1
github.com/99souls/ariadne/engine/crawler/colly_fetcher.go:230.24,232.3 1 1
github.com/99souls/ariadne/engine/crawler/colly_fetcher.go:234.2,234.28 1 1
github.com/99souls/ariadne/engine/crawler/colly_fetcher.go:234.28,236.3 1 1
github.com/99souls/ariadne/engine/crawler/colly_fetcher.go:239.2,243.17 1 1
github.com/99souls/ariadne/engine/crawler/colly_fetcher.go:243.17,245.3 1 0
github.com/99souls/ariadne/engine/crawler/colly_fetcher.go:247.2,247.12 1 1
github.com/99souls/ariadne/engine/crawler/colly_fetcher.go:251.45,259.19 7 1
github.com/99souls/ariadne/engine/crawler/colly_fetcher.go:259.19,261.3 1 0
github.com/99souls/ariadne/engine/crawler/colly_fetcher.go:263.2,269.3 1 1
github.com/99souls/ariadne/engine/crawler/colly_fetcher.go:273.54,274.39 1 3
github.com/99souls/ariadne/engine/crawler/colly_fetcher.go:274.39,276.3 1 3
github.com/99souls/ariadne/engine/crawler/colly_fetcher.go:278.2,279.50 2 0
github.com/99souls/ariadne/engine/crawler/colly_fetcher.go:279.50,280.70 1 0
github.com/99souls/ariadne/engine/crawler/colly_fetcher.go:280.70,282.4 1 0
github.com/99souls/ariadne/engine/crawler/colly_fetcher.go:285.2,285.14 1 0
github.com/99souls/ariadne/engine/business/output/output.go:115.76,117.2 1 2
github.com/99souls/ariadne/engine/business/output/output.go:120.70,122.2 1 2
github.com/99souls/ariadne/engine/business/output/output.go:125.52,130.2 1 1
github.com/99souls/ariadne/engine/business/output/output.go:133.66,135.2 1 1
github.com/99souls/ariadne/engine/business/output/output.go:140.111,143.2 1 5
github.com/99souls/ariadne/engine/business/output/output.go:146.109,148.2 1 2
github.com/99souls/ariadne/engine/business/output/output.go:151.115,153.2 1 3
github.com/99souls/ariadne/engine/business/output/output.go:156.113,158.2 1 3
github.com/99souls/ariadne/engine/business/output/output.go:161.109,163.2 1 3
github.com/99souls/ariadne/engine/business/output/output.go:166.118,168.2 1 2
github.com/99souls/ariadne/engine/business/output/output.go:173.105,175.2 1 3
github.com/99souls/ariadne/engine/business/output/output.go:178.116,180.2 1 3
github.com/99souls/ariadne/engine/business/output/output.go:183.104,184.54 1 4
github.com/99souls/ariadne/engine/business/output/output.go:184.54,185.30 1 7
github.com/99souls/ariadne/engine/business/output/output.go:185.30,187.4 1 2
github.com/99souls/ariadne/engine/business/output/output.go:189.2,189.14 1 2
github.com/99souls/ariadne/engine/business/output/output.go:193.117,194.29 1 4
github.com/99souls/ariadne/engine/business/output/output.go:194.29,196.3 1 2
github.com/99souls/ariadne/engine/business/output/output.go:197.2,197.20 1 2
github.com/99souls/ariadne/engine/business/output/output.go:203.107,212.2 2 4
github.com/99souls/ariadne/engine/business/output/output.go:215.123,224.2 1 1
github.com/99souls/ariadne/engine/business/output/output.go:227.106,234.2 1 1
github.com/99souls/ariadne/engine/business/output/output.go:237.111,240.27 2 1
github.com/99souls/ariadne/engine/business/output/output.go:240.27,242.3 1 3
github.com/99souls/ariadne/engine/business/output/output.go:244.2,244.18 1 1
github.com/99souls/ariadne/engine/business/output/output.go:250.116,252.35 1 4
github.com/99souls/ariadne/engine/business/output/output.go:252.35,253.44 1 7
github.com/99souls/ariadne/engine/business/output/output.go:253.44,258.4 1 2
github.com/99souls/ariadne/engine/business/output/output.go:262.2,265.3 1 2
github.com/99souls/ariadne/engine/business/output/output.go:269.119,279.2 2 1
github.com/99souls/ariadne/engine/business/output/output.go:282.81,283.20 1 7
github.com/99souls/ariadne/engine/business/output/output.go:283.20,285.3 1 0
github.com/99souls/ariadne/engine/business/output/output.go:288.2,288.38 1 7
github.com/99souls/ariadne/engine/business/output/output.go:288.38,291.3 2 7
github.com/99souls/ariadne/engine/business/output/output.go:294.2,294.25 1 0
github.com/99souls/ariadne/engine/internal/processor/processor.go:25.46,25.76 1 1
github.com/99souls/ariadne/engine/internal/processor/processor.go:28.93,30.19 2 1
github.com/99souls/ariadne/engine/internal/processor/processor.go:30.19,30.37 1 0
github.com/99souls/ariadne/engine/internal/processor/processor.go:31.5,31.40 1 1
github.com/99souls/ariadne/engine/internal/processor/processor.go:31.40,33.35 2 7
github.com/99souls/ariadne/engine/internal/processor/processor.go:33.35,34.61 2 0
github.com/99souls/ariadne/engine/internal/processor/processor.go:34.61,34.71 1 0
github.com/99souls/ariadne/engine/internal/processor/processor.go:35.13,35.51 1 0
github.com/99souls/ariadne/engine/internal/processor/processor.go:38.5,39.35 2 1
github.com/99souls/ariadne/engine/internal/processor/processor.go:39.35,43.65 5 1
github.com/99souls/ariadne/engine/internal/processor/processor.go:43.65,43.132 1 0
github.com/99souls/ariadne/engine/internal/processor/processor.go:44.9,44.51 1 1
github.com/99souls/ariadne/engine/internal/processor/processor.go:46.5,46.74 1 0
github.com/99souls/ariadne/engine/internal/processor/processor.go:49.81,52.87 4 1
github.com/99souls/ariadne/engine/internal/processor/processor.go:52.87,52.105 1 0
github.com/99souls/ariadne/engine/internal/processor/processor.go:53.5,54.38 2 1
github.com/99souls/ariadne/engine/internal/processor/processor.go:54.38,54.64 1 6
github.com/99souls/ariadne/engine/internal/processor/processor.go:55.5,56.48 2 1
github.com/99souls/ariadne/engine/internal/processor/processor.go:56.48,56.79 1 10
github.com/99souls/ariadne/engine/internal/processor/processor.go:57.5,59.33 3 1
github.com/99souls/ariadne/engine/internal/processor/processor.go:59.33,59.84 2 1
github.com/99souls/ariadne/engine/internal/processor/processor.go:59.84,59.102 1 0
github.com/99souls/ariadne/engine/internal/processor/processor.go:59.104,59.122 1 1
github.com/99souls/ariadne/engine/internal/processor/processor.go:60.5,60.46 2 0
github.com/99souls/ariadne/engine/internal/processor/processor.go:60.46,60.64 1 0
github.com/99souls/ariadne/engine/internal/processor/processor.go:60.66,60.84 1 0
github.com/99souls/ariadne/engine/internal/processor/processor.go:63.87,64.87 2 1
github.com/99souls/ariadne/engine/internal/processor/processor.go:64.87,64.105 1 0
github.com/99souls/ariadne/engine/internal/processor/processor.go:65.5,65.52 2 1
github.com/99souls/ariadne/engine/internal/processor/processor.go:65.52,65.106 1 0
github.com/99souls/ariadne/engine/internal/processor/processor.go:66.5,66.64 1 1
github.com/99souls/ariadne/engine/internal/processor/processor.go:66.64,67.52 2 0
github.com/99souls/ariadne/engine/internal/processor/processor.go:67.52,67.62 1 0
github.com/99souls/ariadne/engine/internal/processor/processor.go:68.9,68.114 1 0
github.com/99souls/ariadne/engine/internal/processor/processor.go:68.114,68.124 1 0
github.com/99souls/ariadne/engine/internal/processor/processor.go:69.9,69.61 2 0
github.com/99souls/ariadne/engine/internal/processor/processor.go:69.61,69.71 1 0
github.com/99souls/ariadne/engine/internal/processor/processor.go:70.9,70.48 1 0
github.com/99souls/ariadne/engine/internal/processor/processor.go:72.5,72.65 1 1
github.com/99souls/ariadne/engine/internal/processor/processor.go:72.65,73.50 2 1
github.com/99souls/ariadne/engine/internal/processor/processor.go:73.50,73.60 1 0
github.com/99souls/ariadne/engine/internal/processor/processor.go:74.9,74.78 1 1
github.com/99souls/ariadne/engine/internal/processor/processor.go:74.78,74.88 1 0
github.com/99souls/ariadne/engine/internal/processor/processor.go:75.9,75.60 2 1
github.com/99souls/ariadne/engine/internal/processor/processor.go:75.60,75.70 1 0
github.com/99souls/ariadne/engine/internal/processor/processor.go:76.9,76.47 1 1
github.com/99souls/ariadne/engine/internal/processor/processor.go:78.5,78.46 2 1
github.com/99souls/ariadne/engine/internal/processor/processor.go:78.46,78.64 1 0
github.com/99souls/ariadne/engine/internal/processor/processor.go:79.5,79.23 1 1
github.com/99souls/ariadne/engine/internal/processor/processor.go:82.92,83.87 2 1
github.com/99souls/ariadne/engine/internal/processor/processor.go:83.87,83.110 1 0
github.com/99souls/ariadne/engine/internal/processor/processor.go:84.5,86.20 3 1
github.com/99souls/ariadne/engine/internal/processor/processor.go:86.20,86.80 1 0
github.com/99souls/ariadne/engine/internal/processor/processor.go:87.5,88.26 2 1
github.com/99souls/ariadne/engine/internal/processor/processor.go:88.26,88.106 1 0
github.com/99souls/ariadne/engine/internal/processor/processor.go:89.5,91.23 3 1
github.com/99souls/ariadne/engine/internal/processor/processor.go:91.23,91.100 2 0
github.com/99souls/ariadne/engine/internal/processor/processor.go:91.100,91.141 1 0
github.com/99souls/ariadne/engine/internal/processor/processor.go:91.143,91.170 1 0
github.com/99souls/ariadne/engine/internal/processor/processor.go:92.5,99.28 9 1
github.com/99souls/ariadne/engine/internal/processor/processor.go:102.83,103.87 2 1
github.com/99souls/ariadne/engine/internal/processor/processor.go:103.87,103.106 1 0
github.com/99souls/ariadne/engine/internal/processor/processor.go:104.5,104.52 2 1
github.com/99souls/ariadne/engine/internal/processor/processor.go:104.52,104.107 1 0
github.com/99souls/ariadne/engine/internal/processor/processor.go:105.5,106.65 2 1
github.com/99souls/ariadne/engine/internal/processor/processor.go:106.65,107.63 2 1
github.com/99souls/ariadne/engine/internal/processor/processor.go:107.63,107.73 1 0
github.com/99souls/ariadne/engine/internal/processor/processor.go:108.9,108.111 1 1
github.com/99souls/ariadne/engine/internal/processor/processor.go:108.111,108.121 1 0
github.com/99souls/ariadne/engine/internal/processor/processor.go:109.9,109.44 1 1
github.com/99souls/ariadne/engine/internal/processor/processor.go:109.44,109.97 2 0
github.com/99souls/ariadne/engine/internal/processor/processor.go:109.97,109.107 1 0
github.com/99souls/ariadne/engine/internal/processor/processor.go:109.109,109.135 1 0
github.com/99souls/ariadne/engine/internal/processor/processor.go:110.9,110.37 1 1
github.com/99souls/ariadne/engine/internal/processor/processor.go:112.5,112.23 1 1
github.com/99souls/ariadne/engine/internal/processor/processor.go:115.82,116.20 1 1
github.com/99souls/ariadne/engine/internal/processor/processor.go:116.20,116.63 1 0
github.com/99souls/ariadne/engine/internal/processor/processor.go:117.5,117.46 1 1
github.com/99souls/ariadne/engine/internal/processor/processor.go:117.46,117.92 1 0
github.com/99souls/ariadne/engine/internal/processor/processor.go:118.5,118.65 1 1
github.com/99souls/ariadne/engine/internal/processor/processor.go:118.65,118.126 1 0
github.com/99souls/ariadne/engine/internal/processor/processor.go:119.5,119.76 2 1
github.com/99souls/ariadne/engine/internal/processor/processor.go:119.76,119.133 1 0
github.com/99souls/ariadne/engine/internal/processor/processor.go:120.5,120.82 2 1
github.com/99souls/ariadne/engine/internal/processor/processor.go:120.82,120.138 1 0
github.com/99souls/ariadne/engine/internal/processor/processor.go:121.5,122.81 3 1
github.com/99souls/ariadne/engine/internal/processor/processor.go:122.81,122.109 1 0
github.com/99souls/ariadne/engine/internal/processor/processor.go:123.5,123.109 3 1
github.com/99souls/ariadne/engine/internal/processor/processor.go:123.109,123.172 1 0
github.com/99souls/ariadne/engine/internal/processor/processor.go:124.5,124.73 2 1
github.com/99souls/ariadne/engine/internal/processor/processor.go:124.73,124.114 2 0
github.com/99souls/ariadne/engine/internal/processor/processor.go:125.5,125.72 2 1
github.com/99souls/ariadne/engine/internal/processor/processor.go:125.72,125.95 1 0
github.com/99souls/ariadne/engine/internal/processor/processor.go:126.5,128.15 10 1
github.com/99souls/ariadne/engine/internal/processor/processor.go:136.49,136.97 1 0
github.com/99souls/ariadne/engine/internal/processor/processor.go:137.60,137.97 1 1
github.com/99souls/ariadne/engine/internal/processor/processor.go:138.46,138.76 1 0
github.com/99souls/ariadne/engine/internal/processor/processor.go:139.41,139.66 1 0
github.com/99souls/ariadne/engine/internal/processor/processor.go:140.42,140.43 0 0
github.com/99souls/ariadne/engine/internal/processor/processor.go:142.101,144.15 2 0
github.com/99souls/ariadne/engine/internal/processor/processor.go:144.15,146.36 2 0
github.com/99souls/ariadne/engine/internal/processor/processor.go:146.36,148.64 4 0
github.com/99souls/ariadne/engine/internal/processor/processor.go:148.64,148.97 1 0
github.com/99souls/ariadne/engine/internal/processor/processor.go:149.13,150.27 2 0
github.com/99souls/ariadne/engine/internal/processor/processor.go:150.27,150.46 1 0
github.com/99souls/ariadne/engine/internal/processor/processor.go:151.13,151.27 1 0
github.com/99souls/ariadne/engine/internal/processor/processor.go:154.5,154.19 1 0
github.com/99souls/ariadne/engine/internal/processor/processor.go:157.72,158.38 1 1
github.com/99souls/ariadne/engine/internal/processor/processor.go:158.38,158.88 1 0
github.com/99souls/ariadne/engine/internal/processor/processor.go:159.5,160.62 3 1
github.com/99souls/ariadne/engine/internal/processor/processor.go:160.62,160.117 1 0
github.com/99souls/ariadne/engine/internal/processor/processor.go:161.5,161.60 2 1
github.com/99souls/ariadne/engine/internal/processor/processor.go:164.44,170.32 8 1
github.com/99souls/ariadne/engine/internal/processor/processor.go:170.32,171.94 1 5
github.com/99souls/ariadne/engine/internal/processor/processor.go:171.94,173.40 2 0
github.com/99souls/ariadne/engine/internal/processor/processor.go:173.40,173.78 1 0
github.com/99souls/ariadne/engine/internal/processor/processor.go:174.13,174.78 1 0
github.com/99souls/ariadne/engine/internal/processor/processor.go:174.78,176.51 2 0
github.com/99souls/ariadne/engine/internal/processor/processor.go:176.51,176.96 1 0
github.com/99souls/ariadne/engine/internal/processor/processor.go:177.17,177.73 1 0
github.com/99souls/ariadne/engine/internal/processor/processor.go:179.15,179.59 1 5
github.com/99souls/ariadne/engine/internal/processor/processor.go:181.5,181.56 1 1
github.com/99souls/ariadne/engine/internal/processor/processor.go:184.82,186.20 2 0
github.com/99souls/ariadne/engine/internal/processor/processor.go:186.20,186.133 4 0
github.com/99souls/ariadne/engine/internal/processor/processor.go:187.5,187.66 2 0
github.com/99souls/ariadne/engine/internal/processor/processor.go:187.66,187.205 5 0
github.com/99souls/ariadne/engine/internal/processor/processor.go:188.5,190.23 3 0
github.com/99souls/ariadne/engine/internal/processor/processor.go:190.23,190.114 2 0
github.com/99souls/ariadne/engine/internal/processor/processor.go:190.114,190.146 1 0
github.com/99souls/ariadne/engine/internal/processor/processor.go:190.146,190.161 1 0
github.com/99souls/ariadne/engine/internal/processor/processor.go:191.5,195.42 6 0
github.com/99souls/ariadne/engine/internal/processor/processor.go:195.42,195.109 2 0
github.com/99souls/ariadne/engine/internal/processor/processor.go:195.109,195.213 2 0
github.com/99souls/ariadne/engine/internal/processor/processor.go:196.5,196.21 1 0
github.com/99souls/ariadne/engine/internal/processor/processor.go:196.21,196.100 2 0
github.com/99souls/ariadne/engine/internal/processor/processor.go:196.105,196.123 1 0
github.com/99souls/ariadne/engine/internal/processor/processor.go:196.123,196.204 2 0
github.com/99souls/ariadne/engine/internal/processor/processor.go:197.5,197.24 1 0
github.com/99souls/ariadne/engine/internal/processor/processor.go:197.24,197.107 2 0
github.com/99souls/ariadne/engine/internal/processor/processor.go:197.112,197.134 1 0
github.com/99souls/ariadne/engine/internal/processor/processor.go:197.134,197.219 2 0
github.com/99souls/ariadne/engine/internal/processor/processor.go:198.5,198.98 1 0
github.com/99souls/ariadne/engine/internal/processor/processor.go:198.98,198.155 2 0
github.com/99souls/ariadne/engine/internal/processor/processor.go:198.155,198.232 2 0
github.com/99souls/ariadne/engine/internal/processor/processor.go:198.239,198.333 1 0
github.com/99souls/ariadne/engine/internal/processor/processor.go:199.5,199.25 1 0
github.com/99souls/ariadne/engine/internal/processor/processor.go:199.25,199.45 1 0
github.com/99souls/ariadne/engine/internal/processor/processor.go:200.5,200.53 1 0
github.com/99souls/ariadne/engine/internal/processor/processor.go:200.53,200.79 1 0
github.com/99souls/ariadne/engine/internal/processor/processor.go:201.5,201.18 1 0
github.com/99souls/ariadne/engine/configx/apply.go:16.65,18.2 1 8
github.com/99souls/ariadne/engine/configx/apply.go:21.58,21.88 2 1
github.com/99souls/ariadne/engine/configx/apply.go:24.59,24.86 2 1
github.com/99souls/ariadne/engine/configx/apply.go:38.122,39.48 1 20
github.com/99souls/ariadne/engine/configx/apply.go:39.48,42.3 2 1
github.com/99souls/ariadne/engine/configx/apply.go:43.2,44.24 2 19
github.com/99souls/ariadne/engine/configx/apply.go:44.24,46.56 2 19
github.com/99souls/ariadne/engine/configx/apply.go:46.56,49.4 2 2
github.com/99souls/ariadne/engine/configx/apply.go:51.2,51.17 1 17
github.com/99souls/ariadne/engine/configx/apply.go:51.17,53.3 1 1
github.com/99souls/ariadne/engine/configx/apply.go:54.2,56.16 3 16
github.com/99souls/ariadne/engine/configx/apply.go:56.16,59.3 2 1
github.com/99souls/ariadne/engine/configx/apply.go:60.2,61.81 2 15
github.com/99souls/ariadne/engine/configx/apply.go:65.85,67.9 2 3
github.com/99souls/ariadne/engine/configx/apply.go:67.9,69.3 1 1
github.com/99souls/ariadne/engine/configx/apply.go:70.2,72.16 3 2
github.com/99souls/ariadne/engine/configx/apply.go:72.16,74.3 1 0
github.com/99souls/ariadne/engine/configx/apply.go:75.2,76.22 2 2
github.com/99souls/ariadne/engine/configx/apply.go:76.22,78.3 1 1
github.com/99souls/ariadne/engine/configx/apply.go:79.2,79.68 1 2
github.com/99souls/ariadne/engine/configx/apply.go:83.29,84.12 1 52
github.com/99souls/ariadne/engine/configx/apply.go:84.12,86.3 1 2
github.com/99souls/ariadne/engine/configx/apply.go:87.2,88.9 2 50
github.com/99souls/ariadne/engine/configx/apply.go:88.9,90.3 1 0
github.com/99souls/ariadne/engine/configx/apply.go:91.2,93.12 3 50
github.com/99souls/ariadne/engine/configx/apply.go:93.12,97.3 3 80
github.com/99souls/ariadne/engine/configx/apply.go:98.2,98.9 1 50
github.com/99souls/ariadne/engine/configx/apply.go:98.9,101.3 2 0
github.com/99souls/ariadne/engine/configx/apply.go:102.2,102.24 1 50
github.com/99souls/ariadne/engine/configx/apply.go:106.82,107.22 1 17
github.com/99souls/ariadne/engine/configx/apply.go:107.22,108.22 1 2
github.com/99souls/ariadne/engine/configx/apply.go:108.22,110.4 1 1
github.com/99souls/ariadne/engine/configx/apply.go:111.3,111.38 1 2
github.com/99souls/ariadne/engine/configx/apply.go:113.2,113.25 1 17
github.com/99souls/ariadne/engine/configx/apply.go:113.25,115.3 1 2
github.com/99souls/ariadne/engine/configx/apply.go:118.87,119.22 1 4
github.com/99souls/ariadne/engine/configx/apply.go:119.22,121.3 1 1
github.com/99souls/ariadne/engine/configx/apply.go:122.2,122.25 1 4
github.com/99souls/ariadne/engine/configx/apply.go:122.25,124.3 1 1
github.com/99souls/ariadne/engine/configx/events.go:27.34,27.58 1 1
github.com/99souls/ariadne/engine/configx/events.go:29.43,33.2 3 1
github.com/99souls/ariadne/engine/configx/events.go:35.42,39.23 4 3
github.com/99souls/ariadne/engine/configx/events.go:39.23,41.3 1 3
github.com/99souls/ariadne/engine/configx/events.go:50.52,54.2 3 3
github.com/99souls/ariadne/engine/configx/layers.go:21.34,22.39 1 6
github.com/99souls/ariadne/engine/configx/layers.go:22.39,24.3 1 5
github.com/99souls/ariadne/engine/configx/layers.go:25.2,25.18 1 1
github.com/99souls/ariadne/engine/configx/layers.go:29.35,31.2 1 4
github.com/99souls/ariadne/engine/configx/metrics.go:21.53,21.92 1 1
github.com/99souls/ariadne/engine/configx/metrics.go:22.53,22.92 1 1
github.com/99souls/ariadne/engine/configx/metrics.go:23.53,23.89 1 1
github.com/99souls/ariadne/engine/configx/metrics.go:24.53,24.91 1 2
github.com/99souls/ariadne/engine/configx/resolver.go:23.30,23.52 1 3
github.com/99souls/ariadne/engine/configx/resolver.go:27.84,29.47 2 3
github.com/99souls/ariadne/engine/configx/resolver.go:29.47,31.18 2 15
github.com/99souls/ariadne/engine/configx/resolver.go:31.18,32.12 1 8
github.com/99souls/ariadne/engine/configx/resolver.go:34.3,34.26 1 7
github.com/99souls/ariadne/engine/configx/resolver.go:36.2,36.14 1 3
github.com/99souls/ariadne/engine/configx/resolver.go:40.45,41.23 1 7
github.com/99souls/ariadne/engine/configx/resolver.go:41.23,42.24 1 3
github.com/99souls/ariadne/engine/configx/resolver.go:42.24,44.4 1 1
github.com/99souls/ariadne/engine/configx/resolver.go:45.3,45.38 1 3
github.com/99souls/ariadne/engine/configx/resolver.go:47.2,47.25 1 7
github.com/99souls/ariadne/engine/configx/resolver.go:47.25,48.26 1 4
github.com/99souls/ariadne/engine/configx/resolver.go:48.26,50.4 1 2
github.com/99souls/ariadne/engine/configx/resolver.go:51.3,51.44 1 4
github.com/99souls/ariadne/engine/configx/resolver.go:53.2,53.27 1 7
github.com/99souls/ariadne/engine/configx/resolver.go:53.27,54.28 1 2
github.com/99souls/ariadne/engine/configx/resolver.go:54.28,56.4 1 1
github.com/99souls/ariadne/engine/configx/resolver.go:57.3,57.50 1 2
github.com/99souls/ariadne/engine/configx/resolver.go:59.2,59.23 1 7
github.com/99souls/ariadne/engine/configx/resolver.go:59.23,60.24 1 0
github.com/99souls/ariadne/engine/configx/resolver.go:60.24,62.4 1 0
github.com/99souls/ariadne/engine/configx/resolver.go:63.3,63.38 1 0
github.com/99souls/ariadne/engine/configx/resolver.go:65.2,65.25 1 7
github.com/99souls/ariadne/engine/configx/resolver.go:65.25,66.26 1 0
github.com/99souls/ariadne/engine/configx/resolver.go:66.26,68.4 1 0
github.com/99souls/ariadne/engine/configx/resolver.go:69.3,69.44 1 0
github.com/99souls/ariadne/engine/configx/resolver.go:71.2,71.24 1 7
github.com/99souls/ariadne/engine/configx/resolver.go:71.24,74.3 1 0
github.com/99souls/ariadne/engine/configx/resolver.go:77.49,78.56 1 3
github.com/99souls/ariadne/engine/configx/resolver.go:78.56,80.3 1 2
github.com/99souls/ariadne/engine/configx/resolver.go:81.2,81.42 1 3
github.com/99souls/ariadne/engine/configx/resolver.go:81.42,83.3 1 3
github.com/99souls/ariadne/engine/configx/resolver.go:84.2,84.28 1 3
github.com/99souls/ariadne/engine/configx/resolver.go:84.28,86.3 1 2
github.com/99souls/ariadne/engine/configx/resolver.go:87.2,87.28 1 3
github.com/99souls/ariadne/engine/configx/resolver.go:87.28,88.29 1 0
github.com/99souls/ariadne/engine/configx/resolver.go:88.29,90.4 1 0
github.com/99souls/ariadne/engine/configx/resolver.go:91.3,93.64 3 0
github.com/99souls/ariadne/engine/configx/resolver.go:97.53,98.26 1 4
github.com/99souls/ariadne/engine/configx/resolver.go:98.26,99.27 1 2
github.com/99souls/ariadne/engine/configx/resolver.go:99.27,101.4 1 1
github.com/99souls/ariadne/engine/configx/resolver.go:102.3,102.35 1 2
github.com/99souls/ariadne/engine/configx/resolver.go:102.35,103.16 1 3
github.com/99souls/ariadne/engine/configx/resolver.go:103.16,104.13 1 0
github.com/99souls/ariadne/engine/configx/resolver.go:106.4,106.39 1 3
github.com/99souls/ariadne/engine/configx/resolver.go:109.2,109.26 1 4
github.com/99souls/ariadne/engine/configx/resolver.go:109.26,110.27 1 0
github.com/99souls/ariadne/engine/configx/resolver.go:110.27,112.4 1 0
github.com/99souls/ariadne/engine/configx/resolver.go:113.3,114.50 2 0
github.com/99souls/ariadne/engine/configx/resolver.go:116.2,116.26 1 4
github.com/99souls/ariadne/engine/configx/resolver.go:116.26,117.27 1 2
github.com/99souls/ariadne/engine/configx/resolver.go:117.27,119.4 1 1
github.com/99souls/ariadne/engine/configx/resolver.go:120.3,120.73 1 2
github.com/99souls/ariadne/engine/configx/resolver.go:120.73,122.4 1 2
github.com/99souls/ariadne/engine/configx/resolver.go:123.3,123.38 1 2
github.com/99souls/ariadne/engine/configx/resolver.go:123.38,124.39 1 0
github.com/99souls/ariadne/engine/configx/resolver.go:124.39,126.5 1 0
github.com/99souls/ariadne/engine/configx/resolver.go:127.4,127.47 1 0
github.com/99souls/ariadne/engine/configx/resolver.go:127.47,130.5 1 0
github.com/99souls/ariadne/engine/configx/resolver.go:135.57,136.34 1 2
github.com/99souls/ariadne/engine/configx/resolver.go:136.34,138.3 1 2
github.com/99souls/ariadne/engine/configx/resolver.go:139.2,139.60 1 2
github.com/99souls/ariadne/engine/configx/resolver.go:139.60,141.3 1 2
github.com/99souls/ariadne/engine/configx/resolver.go:142.2,142.34 1 2
github.com/99souls/ariadne/engine/configx/resolver.go:142.34,144.3 1 0
github.com/99souls/ariadne/engine/configx/resolver.go:145.2,145.35 1 2
github.com/99souls/ariadne/engine/configx/resolver.go:145.35,146.36 1 0
github.com/99souls/ariadne/engine/configx/resolver.go:146.36,148.4 1 0
github.com/99souls/ariadne/engine/configx/resolver.go:149.3,149.44 1 0
github.com/99souls/ariadne/engine/configx/resolver.go:149.44,151.4 1 0
github.com/99souls/ariadne/engine/configx/resolver.go:155.49,156.29 1 0
github.com/99souls/ariadne/engine/configx/resolver.go:156.29,158.3 1 0
github.com/99souls/ariadne/engine/configx/resolver.go:160.2,161.29 2 0
github.com/99souls/ariadne/engine/configx/resolver.go:161.29,162.30 1 0
github.com/99souls/ariadne/engine/configx/resolver.go:162.30,164.4 1 0
github.com/99souls/ariadne/engine/configx/resolver.go:165.3,165.38 1 0
github.com/99souls/ariadne/engine/configx/resolver.go:165.38,167.4 1 0
github.com/99souls/ariadne/engine/configx/resolver.go:169.2,169.31 1 0
github.com/99souls/ariadne/engine/configx/resolver.go:169.31,171.3 1 0
github.com/99souls/ariadne/engine/configx/resolver.go:174.53,175.30 1 0
github.com/99souls/ariadne/engine/configx/resolver.go:175.30,178.39 2 0
github.com/99souls/ariadne/engine/configx/resolver.go:178.39,179.16 1 0
github.com/99souls/ariadne/engine/configx/resolver.go:179.16,180.13 1 0
github.com/99souls/ariadne/engine/configx/resolver.go:182.4,183.32 2 0
github.com/99souls/ariadne/engine/configx/resolver.go:185.3,185.29 1 0
github.com/99souls/ariadne/engine/configx/resolver.go:187.2,187.29 1 0
github.com/99souls/ariadne/engine/configx/resolver.go:187.29,188.30 1 0
github.com/99souls/ariadne/engine/configx/resolver.go:188.30,190.4 1 0
github.com/99souls/ariadne/engine/configx/resolver.go:191.3,191.38 1 0
github.com/99souls/ariadne/engine/configx/resolver.go:191.38,193.4 1 0
github.com/99souls/ariadne/engine/configx/resolver.go:197.57,198.14 1 3
github.com/99souls/ariadne/engine/configx/resolver.go:198.14,200.3 1 0
github.com/99souls/ariadne/engine/configx/resolver.go:201.2,202.31 2 3
github.com/99souls/ariadne/engine/configx/resolver.go:202.31,204.3 1 0
github.com/99souls/ariadne/engine/configx/resolver.go:205.2,205.26 1 3
github.com/99souls/ariadne/engine/configx/resolver.go:205.26,207.3 1 0
github.com/99souls/ariadne/engine/configx/resolver.go:208.2,208.11 1 3
github.com/99souls/ariadne/engine/configx/resolver.go:211.48,212.14 1 0
github.com/99souls/ariadne/engine/configx/resolver.go:212.14,214.3 1 0
github.com/99souls/ariadne/engine/configx/resolver.go:215.2,216.30 2 0
github.com/99souls/ariadne/engine/configx/resolver.go:216.30,218.3 1 0
github.com/99souls/ariadne/engine/configx/resolver.go:219.2,219.34 1 0
github.com/99souls/ariadne/engine/configx/resolver.go:219.34,221.3 1 0
github.com/99souls/ariadne/engine/configx/resolver.go:222.2,222.11 1 0
github.com/99souls/ariadne/engine/configx/resolver.go:225.45,226.18 1 6
github.com/99souls/ariadne/engine/configx/resolver.go:226.18,228.3 1 0
github.com/99souls/ariadne/engine/configx/resolver.go:229.2,231.12 3 6
github.com/99souls/ariadne/engine/configx/rollout.go:13.67,15.2 1 3
github.com/99souls/ariadne/engine/configx/rollout.go:19.72,21.9 2 13
github.com/99souls/ariadne/engine/configx/rollout.go:21.9,23.3 1 0
github.com/99souls/ariadne/engine/configx/rollout.go:24.2,25.71 2 13
github.com/99souls/ariadne/engine/configx/rollout.go:25.71,27.3 1 1
github.com/99souls/ariadne/engine/configx/rollout.go:28.2,29.14 2 12
github.com/99souls/ariadne/engine/configx/rollout.go:30.20,31.37 1 10
github.com/99souls/ariadne/engine/configx/rollout.go:31.37,33.4 1 0
github.com/99souls/ariadne/engine/configx/rollout.go:34.3,34.35 1 10
github.com/99souls/ariadne/engine/configx/rollout.go:34.35,36.4 1 0
github.com/99souls/ariadne/engine/configx/rollout.go:37.3,40.39 4 10
github.com/99souls/ariadne/engine/configx/rollout.go:40.39,42.4 1 3
github.com/99souls/ariadne/engine/configx/rollout.go:43.3,43.39 1 7
github.com/99souls/ariadne/engine/configx/rollout.go:44.16,46.48 2 2
github.com/99souls/ariadne/engine/configx/rollout.go:46.48,47.38 1 2
github.com/99souls/ariadne/engine/configx/rollout.go:47.38,49.5 1 1
github.com/99souls/ariadne/engine/configx/rollout.go:51.3,51.39 1 1
github.com/99souls/ariadne/engine/configx/rollout.go:52.10,54.22 1 0
github.com/99souls/ariadne/engine/configx/rollout.go:58.73,59.22 1 8
github.com/99souls/ariadne/engine/configx/rollout.go:59.22,61.3 1 8
github.com/99souls/ariadne/engine/configx/rollout.go:62.2,62.21 1 0
github.com/99souls/ariadne/engine/configx/simulation.go:19.32,19.55 1 10
github.com/99souls/ariadne/engine/configx/simulation.go:23.86,25.40 2 21
github.com/99souls/ariadne/engine/configx/simulation.go:25.40,27.3 1 17
github.com/99souls/ariadne/engine/configx/simulation.go:28.2,28.40 1 21
github.com/99souls/ariadne/engine/configx/simulation.go:28.40,30.3 1 4
github.com/99souls/ariadne/engine/configx/simulation.go:31.2,36.81 4 21
github.com/99souls/ariadne/engine/configx/simulation.go:36.81,38.3 1 18
github.com/99souls/ariadne/engine/configx/simulation.go:39.2,39.31 1 21
github.com/99souls/ariadne/engine/configx/simulation.go:39.31,41.3 1 4
github.com/99souls/ariadne/engine/configx/simulation.go:42.2,42.15 1 21
github.com/99souls/ariadne/engine/configx/simulation.go:45.51,47.21 2 25
github.com/99souls/ariadne/engine/configx/simulation.go:47.21,49.3 1 18
github.com/99souls/ariadne/engine/configx/simulation.go:50.2,50.23 1 25
github.com/99souls/ariadne/engine/configx/simulation.go:50.23,52.3 1 0
github.com/99souls/ariadne/engine/configx/simulation.go:53.2,53.25 1 25
github.com/99souls/ariadne/engine/configx/simulation.go:53.25,55.3 1 0
github.com/99souls/ariadne/engine/configx/simulation.go:56.2,56.21 1 25
github.com/99souls/ariadne/engine/configx/simulation.go:56.21,58.3 1 0
github.com/99souls/ariadne/engine/configx/simulation.go:59.2,59.23 1 25
github.com/99souls/ariadne/engine/configx/simulation.go:59.23,61.3 1 8
github.com/99souls/ariadne/engine/configx/simulation.go:62.2,62.22 1 25
github.com/99souls/ariadne/engine/configx/simulation.go:62.22,64.3 1 0
github.com/99souls/ariadne/engine/configx/simulation.go:65.2,65.10 1 25
github.com/99souls/ariadne/engine/configx/simulation.go:68.51,70.2 1 4
github.com/99souls/ariadne/engine/configx/simulation.go:72.44,74.35 2 21
github.com/99souls/ariadne/engine/configx/simulation.go:74.35,76.3 1 2
github.com/99souls/ariadne/engine/configx/simulation.go:77.2,77.35 1 21
github.com/99souls/ariadne/engine/configx/simulation.go:77.35,79.3 1 6
github.com/99souls/ariadne/engine/configx/simulation.go:80.2,80.16 1 21
github.com/99souls/ariadne/engine/configx/simulation.go:83.66,86.69 3 21
github.com/99souls/ariadne/engine/configx/simulation.go:86.69,87.42 1 1
github.com/99souls/ariadne/engine/configx/simulation.go:87.42,89.4 1 1
github.com/99souls/ariadne/engine/configx/simulation.go:91.2,91.69 1 21
github.com/99souls/ariadne/engine/configx/simulation.go:91.69,92.42 1 1
github.com/99souls/ariadne/engine/configx/simulation.go:92.42,94.4 1 2
github.com/99souls/ariadne/engine/configx/simulation.go:96.2,96.20 1 21
github.com/99souls/ariadne/engine/configx/simulation.go:96.20,97.13 1 2
github.com/99souls/ariadne/engine/configx/simulation.go:97.13,99.4 1 1
github.com/99souls/ariadne/engine/configx/simulation.go:101.2,101.20 1 21
github.com/99souls/ariadne/engine/configx/simulation.go:101.20,102.13 1 1
github.com/99souls/ariadne/engine/configx/simulation.go:102.13,104.4 1 0
github.com/99souls/ariadne/engine/configx/simulation.go:106.2,106.8 1 21
github.com/99souls/ariadne/engine/configx/simulation.go:109.21,110.11 1 4
github.com/99souls/ariadne/engine/configx/simulation.go:110.11,112.3 1 0
github.com/99souls/ariadne/engine/configx/simulation.go:113.2,113.10 1 4
github.com/99souls/ariadne/engine/configx/simulation.go:115.24,116.11 1 21
github.com/99souls/ariadne/engine/configx/simulation.go:116.11,118.3 1 0
github.com/99souls/ariadne/engine/configx/simulation.go:119.2,119.10 1 21
github.com/99souls/ariadne/engine/configx/store.go:24.61,26.25 2 16
github.com/99souls/ariadne/engine/configx/store.go:26.25,28.3 1 0
github.com/99souls/ariadne/engine/configx/store.go:29.2,29.11 1 16
github.com/99souls/ariadne/engine/configx/store.go:33.46,37.2 3 18
github.com/99souls/ariadne/engine/configx/store.go:40.53,44.30 4 2
github.com/99souls/ariadne/engine/configx/store.go:44.30,45.17 1 2
github.com/99souls/ariadne/engine/configx/store.go:45.17,46.12 1 0
github.com/99souls/ariadne/engine/configx/store.go:48.3,49.14 2 2
github.com/99souls/ariadne/engine/configx/store.go:51.2,51.12 1 2
github.com/99souls/ariadne/engine/configx/store.go:55.70,56.18 1 16
github.com/99souls/ariadne/engine/configx/store.go:56.18,58.3 1 0
github.com/99souls/ariadne/engine/configx/store.go:59.2,61.36 3 16
github.com/99souls/ariadne/engine/configx/store.go:61.36,63.3 1 1
github.com/99souls/ariadne/engine/configx/store.go:64.2,65.33 2 15
github.com/99souls/ariadne/engine/configx/store.go:69.58,72.26 3 27
github.com/99souls/ariadne/engine/configx/store.go:72.26,74.3 1 2
github.com/99souls/ariadne/engine/configx/store.go:75.2,75.60 1 25
github.com/99souls/ariadne/engine/configx/store.go:82.125,83.17 1 30
github.com/99souls/ariadne/engine/configx/store.go:83.17,85.3 1 0
github.com/99souls/ariadne/engine/configx/store.go:87.2,88.16 2 30
github.com/99souls/ariadne/engine/configx/store.go:88.16,90.3 1 0
github.com/99souls/ariadne/engine/configx/store.go:91.2,98.25 7 30
github.com/99souls/ariadne/engine/configx/store.go:98.25,100.3 1 17
github.com/99souls/ariadne/engine/configx/store.go:101.2,101.53 1 30
github.com/99souls/ariadne/engine/configx/store.go:101.53,103.3 1 2
github.com/99souls/ariadne/engine/configx/store.go:104.2,115.32 4 28
github.com/99souls/ariadne/engine/configx/store.go:119.54,121.9 2 3
github.com/99souls/ariadne/engine/configx/store.go:121.9,123.3 1 0
github.com/99souls/ariadne/engine/configx/store.go:124.2,125.16 2 3
github.com/99souls/ariadne/engine/configx/store.go:125.16,127.3 1 0
github.com/99souls/ariadne/engine/configx/store.go:128.2,130.21 3 3
github.com/99souls/ariadne/engine/configx/store.go:130.21,132.3 1 1
github.com/99souls/ariadne/engine/configx/store.go:133.2,133.12 1 2
github.com/99souls/ariadne/engine/configx/store.go:136.60,139.2 1 33
github.com/99souls/ariadne/engine/configx/store.go:142.58,143.17 1 96
github.com/99souls/ariadne/engine/configx/store.go:143.17,145.3 1 0
github.com/99souls/ariadne/engine/configx/store.go:146.2,147.24 2 96
github.com/99souls/ariadne/engine/configx/store.go:147.24,149.37 2 85
github.com/99souls/ariadne/engine/configx/store.go:149.37,152.4 2 0
github.com/99souls/ariadne/engine/configx/store.go:153.3,153.16 1 85
github.com/99souls/ariadne/engine/configx/store.go:155.2,155.26 1 96
github.com/99souls/ariadne/engine/configx/store.go:155.26,157.26 2 0
github.com/99souls/ariadne/engine/configx/store.go:157.26,159.4 1 0
github.com/99souls/ariadne/engine/configx/store.go:160.3,160.26 1 0
github.com/99souls/ariadne/engine/configx/store.go:160.26,163.4 2 0
github.com/99souls/ariadne/engine/configx/store.go:164.3,164.26 1 0
github.com/99souls/ariadne/engine/configx/store.go:164.26,166.28 2 0
github.com/99souls/ariadne/engine/configx/store.go:166.28,168.37 2 0
github.com/99souls/ariadne/engine/configx/store.go:168.37,170.6 1 0
github.com/99souls/ariadne/engine/configx/store.go:171.5,171.23 1 0
github.com/99souls/ariadne/engine/configx/store.go:173.4,173.22 1 0
github.com/99souls/ariadne/engine/configx/store.go:175.3,175.19 1 0
github.com/99souls/ariadne/engine/configx/store.go:177.2,177.28 1 96
github.com/99souls/ariadne/engine/configx/store.go:177.28,179.34 2 0
github.com/99souls/ariadne/engine/configx/store.go:179.34,181.4 1 0
github.com/99souls/ariadne/engine/configx/store.go:182.3,182.34 1 0
github.com/99souls/ariadne/engine/configx/store.go:182.34,184.4 1 0
github.com/99souls/ariadne/engine/configx/store.go:185.3,185.35 1 0
github.com/99souls/ariadne/engine/configx/store.go:185.35,187.44 2 0
github.com/99souls/ariadne/engine/configx/store.go:187.44,189.5 1 0
github.com/99souls/ariadne/engine/configx/store.go:190.4,190.29 1 0
github.com/99souls/ariadne/engine/configx/store.go:192.3,192.21 1 0
github.com/99souls/ariadne/engine/configx/store.go:194.2,194.24 1 96
github.com/99souls/ariadne/engine/configx/store.go:194.24,196.28 2 0
github.com/99souls/ariadne/engine/configx/store.go:196.28,198.37 2 0
github.com/99souls/ariadne/engine/configx/store.go:198.37,200.5 1 0
github.com/99souls/ariadne/engine/configx/store.go:201.4,201.22 1 0
github.com/99souls/ariadne/engine/configx/store.go:203.3,203.30 1 0
github.com/99souls/ariadne/engine/configx/store.go:203.30,205.4 1 0
github.com/99souls/ariadne/engine/configx/store.go:206.3,206.16 1 0
github.com/99souls/ariadne/engine/configx/store.go:208.2,208.26 1 96
github.com/99souls/ariadne/engine/configx/store.go:208.26,210.29 2 11
github.com/99souls/ariadne/engine/configx/store.go:210.29,212.38 2 9
github.com/99souls/ariadne/engine/configx/store.go:212.38,213.17 1 57
github.com/99souls/ariadne/engine/configx/store.go:213.17,214.14 1 0
github.com/99souls/ariadne/engine/configx/store.go:216.5,217.25 2 57
github.com/99souls/ariadne/engine/configx/store.go:219.4,219.24 1 9
github.com/99souls/ariadne/engine/configx/store.go:221.3,221.28 1 11
github.com/99souls/ariadne/engine/configx/store.go:221.28,223.37 2 2
github.com/99souls/ariadne/engine/configx/store.go:223.37,225.5 1 2
github.com/99souls/ariadne/engine/configx/store.go:226.4,226.23 1 2
github.com/99souls/ariadne/engine/configx/store.go:228.3,228.18 1 11
github.com/99souls/ariadne/engine/configx/store.go:230.2,230.25 1 96
github.com/99souls/ariadne/engine/configx/store.go:230.25,232.31 2 19
github.com/99souls/ariadne/engine/configx/store.go:232.31,234.4 1 4
github.com/99souls/ariadne/engine/configx/store.go:235.3,235.35 1 19
github.com/99souls/ariadne/engine/configx/store.go:235.35,237.4 1 0
github.com/99souls/ariadne/engine/configx/store.go:238.3,238.17 1 19
github.com/99souls/ariadne/engine/configx/store.go:240.2,240.11 1 96
github.com/99souls/ariadne/engine/configx/store.go:243.83,245.22 2 0
github.com/99souls/ariadne/engine/configx/store.go:245.22,247.3 1 0
github.com/99souls/ariadne/engine/configx/store.go:248.2,248.12 1 0
github.com/99souls/ariadne/engine/configx/store.go:251.59,252.15 1 68
github.com/99souls/ariadne/engine/configx/store.go:252.15,254.3 1 0
github.com/99souls/ariadne/engine/configx/store.go:255.2,257.11 3 68
github.com/99souls/ariadne/engine/configx/validation.go:15.49,16.17 1 25
github.com/99souls/ariadne/engine/configx/validation.go:16.17,16.50 1 1
github.com/99souls/ariadne/engine/configx/validation.go:17.2,17.25 1 24
github.com/99souls/ariadne/engine/configx/validation.go:17.25,19.17 2 2
github.com/99souls/ariadne/engine/configx/validation.go:19.17,19.34 1 0
github.com/99souls/ariadne/engine/configx/validation.go:20.3,20.15 1 2
github.com/99souls/ariadne/engine/configx/validation.go:21.15,21.15 0 0
github.com/99souls/ariadne/engine/configx/validation.go:22.21,23.68 1 1
github.com/99souls/ariadne/engine/configx/validation.go:23.68,23.102 1 1
github.com/99souls/ariadne/engine/configx/validation.go:24.17,24.17 0 0
github.com/99souls/ariadne/engine/configx/validation.go:26.11,27.32 1 1
github.com/99souls/ariadne/engine/configx/validation.go:30.2,30.24 1 22
github.com/99souls/ariadne/engine/configx/validation.go:30.24,31.37 1 18
github.com/99souls/ariadne/engine/configx/validation.go:31.37,31.70 1 1
github.com/99souls/ariadne/engine/configx/validation.go:32.3,32.37 1 17
github.com/99souls/ariadne/engine/configx/validation.go:32.37,33.90 1 1
github.com/99souls/ariadne/engine/configx/validation.go:33.90,33.123 1 1
github.com/99souls/ariadne/engine/configx/validation.go:36.2,36.12 1 20
github.com/99souls/ariadne/engine/output/stdout/stdout_sink.go:20.18,20.85 1 0
github.com/99souls/ariadne/engine/output/stdout/stdout_sink.go:22.51,23.14 1 0
github.com/99souls/ariadne/engine/output/stdout/stdout_sink.go:23.14,23.28 1 0
github.com/99souls/ariadne/engine/output/stdout/stdout_sink.go:24.2,25.24 3 0
github.com/99souls/ariadne/engine/output/stdout/stdout_sink.go:28.30,28.44 1 0
github.com/99souls/ariadne/engine/output/stdout/stdout_sink.go:29.30,29.44 1 0
github.com/99souls/ariadne/engine/output/stdout/stdout_sink.go:30.30,30.55 1 0
github.com/99souls/ariadne/engine/output/stdout/stdout_sink.go:36.16,40.2 3 0
github.com/99souls/ariadne/engine/internal/crawler/crawler.go:26.49,27.45 1 1
github.com/99souls/ariadne/engine/internal/crawler/crawler.go:27.45,28.54 1 0
github.com/99souls/ariadne/engine/internal/crawler/crawler.go:30.5,36.19 7 1
github.com/99souls/ariadne/engine/internal/crawler/crawler.go:39.36,40.50 1 1
github.com/99souls/ariadne/engine/internal/crawler/crawler.go:40.50,41.35 1 2
github.com/99souls/ariadne/engine/internal/crawler/crawler.go:41.35,41.126 3 0
github.com/99souls/ariadne/engine/internal/crawler/crawler.go:42.9,42.51 1 2
github.com/99souls/ariadne/engine/internal/crawler/crawler.go:44.5,44.59 1 1
github.com/99souls/ariadne/engine/internal/crawler/crawler.go:44.59,46.65 2 2
github.com/99souls/ariadne/engine/internal/crawler/crawler.go:46.65,46.114 1 1
github.com/99souls/ariadne/engine/internal/crawler/crawler.go:47.9,47.45 2 2
github.com/99souls/ariadne/engine/internal/crawler/crawler.go:47.45,47.78 1 2
github.com/99souls/ariadne/engine/internal/crawler/crawler.go:48.9,49.16 2 2
github.com/99souls/ariadne/engine/internal/crawler/crawler.go:49.43,49.43 0 2
github.com/99souls/ariadne/engine/internal/crawler/crawler.go:49.52,49.130 1 0
github.com/99souls/ariadne/engine/internal/crawler/crawler.go:51.5,51.60 1 1
github.com/99souls/ariadne/engine/internal/crawler/crawler.go:51.60,54.16 3 0
github.com/99souls/ariadne/engine/internal/crawler/crawler.go:54.43,54.43 0 0
github.com/99souls/ariadne/engine/internal/crawler/crawler.go:54.52,54.110 1 0
github.com/99souls/ariadne/engine/internal/crawler/crawler.go:56.5,56.52 1 1
github.com/99souls/ariadne/engine/internal/crawler/crawler.go:56.52,56.108 3 2
github.com/99souls/ariadne/engine/internal/crawler/crawler.go:59.66,64.23 5 2
github.com/99souls/ariadne/engine/internal/crawler/crawler.go:64.23,64.121 2 0
github.com/99souls/ariadne/engine/internal/crawler/crawler.go:64.121,64.173 1 0
github.com/99souls/ariadne/engine/internal/crawler/crawler.go:65.5,65.16 1 2
github.com/99souls/ariadne/engine/internal/crawler/crawler.go:68.61,69.51 1 2
github.com/99souls/ariadne/engine/internal/crawler/crawler.go:69.51,69.86 1 0
github.com/99souls/ariadne/engine/internal/crawler/crawler.go:70.5,70.42 1 2
github.com/99souls/ariadne/engine/internal/crawler/crawler.go:70.42,70.74 1 1
github.com/99souls/ariadne/engine/internal/crawler/crawler.go:71.5,71.86 1 1
github.com/99souls/ariadne/engine/internal/crawler/crawler.go:71.86,71.123 1 0
github.com/99souls/ariadne/engine/internal/crawler/crawler.go:72.5,72.22 1 1
github.com/99souls/ariadne/engine/internal/crawler/crawler.go:75.59,76.53 2 1
github.com/99souls/ariadne/engine/internal/crawler/crawler.go:76.53,76.63 1 0
github.com/99souls/ariadne/engine/internal/crawler/crawler.go:77.5,78.74 2 1
github.com/99souls/ariadne/engine/internal/crawler/crawler.go:78.74,78.84 1 0
github.com/99souls/ariadne/engine/internal/crawler/crawler.go:79.5,79.33 1 1
github.com/99souls/ariadne/engine/internal/crawler/crawler.go:79.33,79.43 1 0
github.com/99souls/ariadne/engine/internal/crawler/crawler.go:80.5,80.12 1 1
github.com/99souls/ariadne/engine/internal/crawler/crawler.go:80.47,80.47 0 1
github.com/99souls/ariadne/engine/internal/crawler/crawler.go:80.56,80.117 1 0
github.com/99souls/ariadne/engine/internal/crawler/crawler.go:83.51,83.151 4 1
github.com/99souls/ariadne/engine/internal/crawler/crawler.go:84.49,84.98 1 3
github.com/99souls/ariadne/engine/internal/crawler/crawler.go:84.98,84.161 1 3
github.com/99souls/ariadne/engine/internal/crawler/crawler.go:84.161,84.176 1 3
github.com/99souls/ariadne/engine/internal/crawler/crawler.go:84.180,84.192 1 0
github.com/99souls/ariadne/engine/internal/crawler/crawler.go:85.48,85.153 4 1
github.com/99souls/ariadne/engine/internal/crawler/crawler.go:86.34,86.61 1 1
github.com/99souls/ariadne/engine/internal/crawler/crawler.go:86.61,86.81 1 2
github.com/99souls/ariadne/engine/internal/crawler/crawler.go:86.81,86.88 1 0
github.com/99souls/ariadne/engine/internal/crawler/crawler.go:86.92,86.137 1 2
github.com/99souls/ariadne/engine/internal/crawler/crawler.go:86.137,86.187 1 0
github.com/99souls/ariadne/engine/internal/crawler/crawler.go:87.37,87.152 3 2
github.com/99souls/ariadne/engine/internal/crawler/crawler.go:88.56,88.76 1 2
github.com/99souls/ariadne/engine/internal/crawler/crawler.go:89.46,89.173 5 1
github.com/99souls/ariadne/engine/internal/crawler/crawler.go:89.173,89.253 1 1
github.com/99souls/ariadne/engine/internal/crawler/crawler.go:89.255,89.268 1 1
github.com/99souls/ariadne/engine/internal/crawler/crawler.go:90.26,90.235 8 1
github.com/99souls/ariadne/engine/internal/assets/discovery.go:19.44,21.2 1 1
github.com/99souls/ariadne/engine/internal/assets/discovery.go:24.87,26.19 2 1
github.com/99souls/ariadne/engine/internal/assets/discovery.go:26.19,28.6 1 0
github.com/99souls/ariadne/engine/internal/assets/discovery.go:30.5,34.19 3 1
github.com/99souls/ariadne/engine/internal/assets/discovery.go:34.19,36.6 1 0
github.com/99souls/ariadne/engine/internal/assets/discovery.go:39.5,39.60 1 1
github.com/99souls/ariadne/engine/internal/assets/discovery.go:39.60,41.32 2 1
github.com/99souls/ariadne/engine/internal/assets/discovery.go:41.32,43.29 2 1
github.com/99souls/ariadne/engine/internal/assets/discovery.go:43.29,45.14 1 1
github.com/99souls/ariadne/engine/internal/assets/discovery.go:50.5,50.84 1 1
github.com/99souls/ariadne/engine/internal/assets/discovery.go:50.84,52.35 2 0
github.com/99souls/ariadne/engine/internal/assets/discovery.go:52.35,55.44 2 0
github.com/99souls/ariadne/engine/internal/assets/discovery.go:55.44,57.35 2 0
github.com/99souls/ariadne/engine/internal/assets/discovery.go:57.35,59.37 2 0
github.com/99souls/ariadne/engine/internal/assets/discovery.go:59.37,61.22 1 0
github.com/99souls/ariadne/engine/internal/assets/discovery.go:68.5,68.79 1 1
github.com/99souls/ariadne/engine/internal/assets/discovery.go:68.79,70.33 2 1
github.com/99souls/ariadne/engine/internal/assets/discovery.go:70.33,72.29 2 1
github.com/99souls/ariadne/engine/internal/assets/discovery.go:72.29,74.14 1 1
github.com/99souls/ariadne/engine/internal/assets/discovery.go:79.5,79.68 1 1
github.com/99souls/ariadne/engine/internal/assets/discovery.go:79.68,81.32 2 1
github.com/99souls/ariadne/engine/internal/assets/discovery.go:81.32,83.29 2 1
github.com/99souls/ariadne/engine/internal/assets/discovery.go:83.29,85.14 1 1
github.com/99souls/ariadne/engine/internal/assets/discovery.go:90.5,90.64 1 1
github.com/99souls/ariadne/engine/internal/assets/discovery.go:90.64,92.56 2 1
github.com/99souls/ariadne/engine/internal/assets/discovery.go:92.56,94.29 2 1
github.com/99souls/ariadne/engine/internal/assets/discovery.go:94.29,96.14 1 1
github.com/99souls/ariadne/engine/internal/assets/discovery.go:101.5,101.79 1 1
github.com/99souls/ariadne/engine/internal/assets/discovery.go:101.79,103.32 2 0
github.com/99souls/ariadne/engine/internal/assets/discovery.go:103.32,105.29 2 0
github.com/99souls/ariadne/engine/internal/assets/discovery.go:105.29,107.14 1 0
github.com/99souls/ariadne/engine/internal/assets/discovery.go:111.5,111.23 1 1
github.com/99souls/ariadne/engine/internal/assets/discovery.go:115.80,118.19 2 4
github.com/99souls/ariadne/engine/internal/assets/discovery.go:118.19,120.6 1 0
github.com/99souls/ariadne/engine/internal/assets/discovery.go:123.5,124.23 2 4
github.com/99souls/ariadne/engine/internal/assets/discovery.go:124.23,126.6 1 0
github.com/99souls/ariadne/engine/internal/assets/discovery.go:128.5,133.6 1 4
github.com/99souls/ariadne/engine/internal/assets/discovery.go:137.38,140.44 2 1
github.com/99souls/ariadne/engine/internal/assets/discovery.go:140.44,141.45 1 1
github.com/99souls/ariadne/engine/internal/assets/discovery.go:141.45,143.10 1 1
github.com/99souls/ariadne/engine/internal/assets/discovery.go:145.5,145.17 1 0
github.com/99souls/ariadne/engine/internal/assets/discovery.go:149.47,151.19 2 4
github.com/99souls/ariadne/engine/internal/assets/discovery.go:151.19,153.6 1 0
github.com/99souls/ariadne/engine/internal/assets/discovery.go:155.5,156.34 2 4
github.com/99souls/ariadne/engine/internal/assets/discovery.go:156.34,158.6 1 0
github.com/99souls/ariadne/engine/internal/assets/discovery.go:161.5,162.26 2 4
github.com/99souls/ariadne/engine/internal/assets/discovery.go:162.26,165.44 2 4
github.com/99souls/ariadne/engine/internal/assets/discovery.go:165.44,167.10 1 4
github.com/99souls/ariadne/engine/internal/assets/discovery.go:170.5,170.14 1 0
github.com/99souls/ariadne/engine/internal/assets/discovery.go:174.63,176.19 2 0
github.com/99souls/ariadne/engine/internal/assets/discovery.go:176.19,178.6 1 0
github.com/99souls/ariadne/engine/internal/assets/discovery.go:181.5,182.19 2 0
github.com/99souls/ariadne/engine/internal/assets/discovery.go:182.19,184.6 1 0
github.com/99souls/ariadne/engine/internal/assets/discovery.go:187.5,192.48 3 0
github.com/99souls/ariadne/engine/internal/assets/discovery.go:196.56,197.22 1 0
github.com/99souls/ariadne/engine/internal/assets/discovery.go:198.25,199.22 1 0
github.com/99souls/ariadne/engine/internal/assets/discovery.go:200.23,201.22 1 0
github.com/99souls/ariadne/engine/internal/assets/discovery.go:202.30,203.21 1 0
github.com/99souls/ariadne/engine/internal/assets/discovery.go:204.28,205.22 1 0
github.com/99souls/ariadne/engine/internal/assets/discovery.go:206.25,207.22 1 0
github.com/99souls/ariadne/engine/internal/assets/discovery.go:208.13,209.22 1 0
github.com/99souls/ariadne/engine/internal/assets/downloader.go:19.58,24.2 1 0
github.com/99souls/ariadne/engine/internal/assets/downloader.go:27.80,28.24 1 0
github.com/99souls/ariadne/engine/internal/assets/downloader.go:28.24,30.6 1 0
github.com/99souls/ariadne/engine/internal/assets/downloader.go:33.5,33.30 1 0
github.com/99souls/ariadne/engine/internal/assets/downloader.go:33.30,35.6 1 0
github.com/99souls/ariadne/engine/internal/assets/downloader.go:38.5,40.19 3 0
github.com/99souls/ariadne/engine/internal/assets/downloader.go:40.19,42.6 1 0
github.com/99souls/ariadne/engine/internal/assets/downloader.go:45.5,45.55 1 0
github.com/99souls/ariadne/engine/internal/assets/downloader.go:45.55,48.62 2 0
github.com/99souls/ariadne/engine/internal/assets/downloader.go:48.62,50.10 1 0
github.com/99souls/ariadne/engine/internal/assets/downloader.go:51.9,51.26 1 0
github.com/99souls/ariadne/engine/internal/assets/downloader.go:55.5,60.19 3 0
github.com/99souls/ariadne/engine/internal/assets/downloader.go:60.19,62.6 1 0
github.com/99souls/ariadne/engine/internal/assets/downloader.go:63.5,63.18 1 0
github.com/99souls/ariadne/engine/internal/assets/downloader.go:63.18,64.59 1 0
github.com/99souls/ariadne/engine/internal/assets/downloader.go:64.59,67.10 1 0
github.com/99souls/ariadne/engine/internal/assets/downloader.go:71.5,71.41 1 0
github.com/99souls/ariadne/engine/internal/assets/downloader.go:71.41,73.6 1 0
github.com/99souls/ariadne/engine/internal/assets/downloader.go:76.5,77.19 2 0
github.com/99souls/ariadne/engine/internal/assets/downloader.go:77.19,79.6 1 0
github.com/99souls/ariadne/engine/internal/assets/downloader.go:80.5,80.18 1 0
github.com/99souls/ariadne/engine/internal/assets/downloader.go:80.18,81.54 1 0
github.com/99souls/ariadne/engine/internal/assets/downloader.go:81.54,83.10 1 0
github.com/99souls/ariadne/engine/internal/assets/downloader.go:87.5,88.19 2 0
github.com/99souls/ariadne/engine/internal/assets/downloader.go:88.19,90.6 1 0
github.com/99souls/ariadne/engine/internal/assets/downloader.go:93.5,98.22 4 0
github.com/99souls/ariadne/engine/internal/assets/optimizer.go:14.42,16.2 1 0
github.com/99souls/ariadne/engine/internal/assets/optimizer.go:19.79,21.97 1 0
github.com/99souls/ariadne/engine/internal/assets/optimizer.go:21.97,23.37 2 0
github.com/99souls/ariadne/engine/internal/assets/optimizer.go:23.37,25.10 1 0
github.com/99souls/ariadne/engine/internal/assets/optimizer.go:27.9,28.26 2 0
github.com/99souls/ariadne/engine/internal/assets/optimizer.go:32.5,33.19 2 0
github.com/99souls/ariadne/engine/internal/assets/optimizer.go:33.19,35.6 1 0
github.com/99souls/ariadne/engine/internal/assets/optimizer.go:38.5,38.32 1 0
github.com/99souls/ariadne/engine/internal/assets/optimizer.go:38.32,40.6 1 0
github.com/99souls/ariadne/engine/internal/assets/optimizer.go:44.5,44.23 1 0
github.com/99souls/ariadne/engine/internal/assets/optimizer.go:45.25,49.31 3 0
github.com/99souls/ariadne/engine/internal/assets/optimizer.go:50.23,54.31 3 0
github.com/99souls/ariadne/engine/internal/assets/optimizer.go:55.30,59.31 3 0
github.com/99souls/ariadne/engine/internal/assets/optimizer.go:60.13,63.31 2 0
github.com/99souls/ariadne/engine/internal/assets/optimizer.go:66.5,66.22 1 0
github.com/99souls/ariadne/engine/internal/assets/pipeline.go:18.54,26.2 1 0
github.com/99souls/ariadne/engine/internal/assets/pipeline.go:29.92,30.19 1 0
github.com/99souls/ariadne/engine/internal/assets/pipeline.go:30.19,32.6 1 0
github.com/99souls/ariadne/engine/internal/assets/pipeline.go:34.5,34.22 1 0
github.com/99souls/ariadne/engine/internal/assets/pipeline.go:34.22,36.6 1 0
github.com/99souls/ariadne/engine/internal/assets/pipeline.go:39.5,46.19 4 0
github.com/99souls/ariadne/engine/internal/assets/pipeline.go:46.19,48.6 1 0
[...]
github.com/99souls/ariadne/engine/telemetry/metrics/otel_provider.go:91.3,91.21 1 0
github.com/99souls/ariadne/engine/telemetry/metrics/otel_provider.go:93.2,93.23 1 4
github.com/99souls/ariadne/engine/telemetry/metrics/otel_provider.go:93.23,94.19 1 0
github.com/99souls/ariadne/engine/telemetry/metrics/otel_provider.go:94.19,96.4 1 0
github.com/99souls/ariadne/engine/telemetry/metrics/otel_provider.go:97.3,97.21 1 0
github.com/99souls/ariadne/engine/telemetry/metrics/otel_provider.go:99.2,99.15 1 4
github.com/99souls/ariadne/engine/telemetry/metrics/otel_provider.go:111.60,112.16 1 1
github.com/99souls/ariadne/engine/telemetry/metrics/otel_provider.go:112.16,114.3 1 0
github.com/99souls/ariadne/engine/telemetry/metrics/otel_provider.go:115.2,117.47 3 1
github.com/99souls/ariadne/engine/telemetry/metrics/otel_provider.go:117.47,120.3 2 1
github.com/99souls/ariadne/engine/telemetry/metrics/otel_provider.go:121.2,122.54 2 0
github.com/99souls/ariadne/engine/telemetry/metrics/otel_provider.go:134.54,140.15 6 1
github.com/99souls/ariadne/engine/telemetry/metrics/otel_provider.go:140.15,143.48 3 1
github.com/99souls/ariadne/engine/telemetry/metrics/otel_provider.go:143.48,146.4 2 1
github.com/99souls/ariadne/engine/telemetry/metrics/otel_provider.go:147.3,148.54 2 0
github.com/99souls/ariadne/engine/telemetry/metrics/otel_provider.go:151.58,152.16 1 1
github.com/99souls/ariadne/engine/telemetry/metrics/otel_provider.go:152.16,154.3 1 0
github.com/99souls/ariadne/engine/telemetry/metrics/otel_provider.go:155.2,161.47 7 1
github.com/99souls/ariadne/engine/telemetry/metrics/otel_provider.go:161.47,164.3 2 1
github.com/99souls/ariadne/engine/telemetry/metrics/otel_provider.go:165.2,166.54 2 0
github.com/99souls/ariadne/engine/telemetry/metrics/otel_provider.go:176.66,179.47 3 2
github.com/99souls/ariadne/engine/telemetry/metrics/otel_provider.go:179.47,182.3 2 2
github.com/99souls/ariadne/engine/telemetry/metrics/otel_provider.go:183.2,184.57 2 0
github.com/99souls/ariadne/engine/telemetry/metrics/otel_provider.go:192.55,194.2 1 1
github.com/99souls/ariadne/engine/telemetry/metrics/otel_provider.go:197.63,199.21 2 0
github.com/99souls/ariadne/engine/telemetry/metrics/otel_provider.go:199.21,201.3 1 0
github.com/99souls/ariadne/engine/telemetry/metrics/otel_provider.go:202.2,202.12 1 0
github.com/99souls/ariadne/engine/telemetry/metrics/otel_provider.go:202.12,204.3 1 0
github.com/99souls/ariadne/engine/telemetry/metrics/otel_provider.go:205.2,206.25 2 0
github.com/99souls/ariadne/engine/telemetry/metrics/otel_provider.go:206.25,208.3 1 0
github.com/99souls/ariadne/engine/telemetry/metrics/otel_provider.go:209.2,209.12 1 0
github.com/99souls/ariadne/engine/telemetry/metrics/otel_provider.go:213.74,214.47 1 5
github.com/99souls/ariadne/engine/telemetry/metrics/otel_provider.go:214.47,216.3 1 5
github.com/99souls/ariadne/engine/telemetry/metrics/otel_provider.go:217.2,220.16 4 0
github.com/99souls/ariadne/engine/telemetry/metrics/otel_provider.go:220.16,223.3 2 0
github.com/99souls/ariadne/engine/telemetry/metrics/otel_provider.go:224.2,225.28 2 0
github.com/99souls/ariadne/engine/telemetry/metrics/otel_provider.go:225.28,227.29 2 0
github.com/99souls/ariadne/engine/telemetry/metrics/otel_provider.go:227.29,228.48 1 0
github.com/99souls/ariadne/engine/telemetry/metrics/otel_provider.go:228.48,232.5 3 0
github.com/99souls/ariadne/engine/telemetry/metrics/prometheus.go:45.80,47.16 2 2
github.com/99souls/ariadne/engine/telemetry/metrics/prometheus.go:47.16,49.3 1 2
github.com/99souls/ariadne/engine/telemetry/metrics/prometheus.go:50.2,51.16 2 2
github.com/99souls/ariadne/engine/telemetry/metrics/prometheus.go:51.16,53.3 1 2
github.com/99souls/ariadne/engine/telemetry/metrics/prometheus.go:54.2,67.10 4 2
github.com/99souls/ariadne/engine/telemetry/metrics/prometheus.go:71.60,71.80 1 2
github.com/99souls/ariadne/engine/telemetry/metrics/prometheus.go:73.72,74.18 1 4
github.com/99souls/ariadne/engine/telemetry/metrics/prometheus.go:74.18,76.3 1 0
github.com/99souls/ariadne/engine/telemetry/metrics/prometheus.go:78.2,79.23 2 4
github.com/99souls/ariadne/engine/telemetry/metrics/prometheus.go:79.23,81.3 1 3
github.com/99souls/ariadne/engine/telemetry/metrics/prometheus.go:82.2,82.23 1 4
github.com/99souls/ariadne/engine/telemetry/metrics/prometheus.go:82.23,84.3 1 3
github.com/99souls/ariadne/engine/telemetry/metrics/prometheus.go:85.2,87.34 3 4
github.com/99souls/ariadne/engine/telemetry/metrics/prometheus.go:87.34,89.3 1 6
github.com/99souls/ariadne/engine/telemetry/metrics/prometheus.go:90.2,90.35 1 4
github.com/99souls/ariadne/engine/telemetry/metrics/prometheus.go:90.35,92.3 1 0
github.com/99souls/ariadne/engine/telemetry/metrics/prometheus.go:93.2,93.16 1 4
github.com/99souls/ariadne/engine/telemetry/metrics/prometheus.go:96.67,98.16 2 4
github.com/99souls/ariadne/engine/telemetry/metrics/prometheus.go:98.16,100.3 1 0
github.com/99souls/ariadne/engine/telemetry/metrics/prometheus.go:101.2,104.15 4 4
github.com/99souls/ariadne/engine/telemetry/metrics/prometheus.go:104.15,106.3 1 0
github.com/99souls/ariadne/engine/telemetry/metrics/prometheus.go:108.2,109.44 2 4
github.com/99souls/ariadne/engine/telemetry/metrics/prometheus.go:109.44,111.55 1 0
github.com/99souls/ariadne/engine/telemetry/metrics/prometheus.go:111.55,113.4 1 0
github.com/99souls/ariadne/engine/telemetry/metrics/prometheus.go:113.9,116.4 2 0
github.com/99souls/ariadne/engine/telemetry/metrics/prometheus.go:118.2,121.51 4 4
github.com/99souls/ariadne/engine/telemetry/metrics/prometheus.go:124.61,126.16 2 0
github.com/99souls/ariadne/engine/telemetry/metrics/prometheus.go:126.16,128.3 1 0
github.com/99souls/ariadne/engine/telemetry/metrics/prometheus.go:129.2,132.15 4 0
github.com/99souls/ariadne/engine/telemetry/metrics/prometheus.go:132.15,134.3 1 0
github.com/99souls/ariadne/engine/telemetry/metrics/prometheus.go:136.2,137.44 2 0
github.com/99souls/ariadne/engine/telemetry/metrics/prometheus.go:137.44,138.55 1 0
github.com/99souls/ariadne/engine/telemetry/metrics/prometheus.go:138.55,140.4 1 0
github.com/99souls/ariadne/engine/telemetry/metrics/prometheus.go:140.9,143.4 2 0
github.com/99souls/ariadne/engine/telemetry/metrics/prometheus.go:145.2,148.49 4 0
github.com/99souls/ariadne/engine/telemetry/metrics/prometheus.go:151.73,153.16 2 0
github.com/99souls/ariadne/engine/telemetry/metrics/prometheus.go:153.16,155.3 1 0
github.com/99souls/ariadne/engine/telemetry/metrics/prometheus.go:156.2,159.15 4 0
github.com/99souls/ariadne/engine/telemetry/metrics/prometheus.go:159.15,161.3 1 0
github.com/99souls/ariadne/engine/telemetry/metrics/prometheus.go:163.2,164.23 2 0
github.com/99souls/ariadne/engine/telemetry/metrics/prometheus.go:164.23,167.3 1 0
github.com/99souls/ariadne/engine/telemetry/metrics/prometheus.go:169.2,170.44 2 0
github.com/99souls/ariadne/engine/telemetry/metrics/prometheus.go:170.44,171.55 1 0
github.com/99souls/ariadne/engine/telemetry/metrics/prometheus.go:171.55,173.4 1 0
github.com/99souls/ariadne/engine/telemetry/metrics/prometheus.go:173.9,176.4 2 0
github.com/99souls/ariadne/engine/telemetry/metrics/prometheus.go:178.2,181.53 4 0
github.com/99souls/ariadne/engine/telemetry/metrics/prometheus.go:184.69,187.22 2 0
github.com/99souls/ariadne/engine/telemetry/metrics/prometheus.go:187.22,187.74 1 0
github.com/99souls/ariadne/engine/telemetry/metrics/prometheus.go:190.64,193.26 3 0
github.com/99souls/ariadne/engine/telemetry/metrics/prometheus.go:193.26,195.3 1 0
github.com/99souls/ariadne/engine/telemetry/metrics/prometheus.go:196.2,196.110 1 0
github.com/99souls/ariadne/engine/telemetry/metrics/prometheus.go:199.55,203.2 3 0
github.com/99souls/ariadne/engine/telemetry/metrics/prometheus.go:206.80,207.22 1 5
github.com/99souls/ariadne/engine/telemetry/metrics/prometheus.go:207.22,209.3 1 0
github.com/99souls/ariadne/engine/telemetry/metrics/prometheus.go:210.2,213.16 4 5
github.com/99souls/ariadne/engine/telemetry/metrics/prometheus.go:213.16,216.3 2 4
github.com/99souls/ariadne/engine/telemetry/metrics/prometheus.go:217.2,218.28 2 5
github.com/99souls/ariadne/engine/telemetry/metrics/prometheus.go:218.28,220.29 2 5
github.com/99souls/ariadne/engine/telemetry/metrics/prometheus.go:220.29,221.48 1 0
github.com/99souls/ariadne/engine/telemetry/metrics/prometheus.go:221.48,223.29 2 0
github.com/99souls/ariadne/engine/telemetry/metrics/prometheus.go:223.29,225.6 1 0
github.com/99souls/ariadne/engine/telemetry/metrics/prometheus.go:226.5,226.105 1 0
github.com/99souls/ariadne/engine/telemetry/metrics/prometheus.go:240.60,241.16 1 5
github.com/99souls/ariadne/engine/telemetry/metrics/prometheus.go:241.16,243.3 1 0
github.com/99souls/ariadne/engine/telemetry/metrics/prometheus.go:244.2,245.44 2 5
github.com/99souls/ariadne/engine/telemetry/metrics/prometheus.go:254.58,257.2 2 0
github.com/99souls/ariadne/engine/telemetry/metrics/prometheus.go:258.58,259.16 1 0
github.com/99souls/ariadne/engine/telemetry/metrics/prometheus.go:259.16,261.3 1 0
github.com/99souls/ariadne/engine/telemetry/metrics/prometheus.go:262.2,263.44 2 0
github.com/99souls/ariadne/engine/telemetry/metrics/prometheus.go:272.66,275.2 2 0
github.com/99souls/ariadne/engine/telemetry/metrics/prometheus.go:282.55,284.2 1 0
github.com/99souls/ariadne/engine/telemetry/tracing/tracing.go:42.89,44.2 1 1
github.com/99souls/ariadne/engine/telemetry/tracing/tracing.go:45.55,45.70 1 1
github.com/99souls/ariadne/engine/telemetry/tracing/tracing.go:46.56,46.57 0 1
github.com/99souls/ariadne/engine/telemetry/tracing/tracing.go:47.56,47.57 0 0
github.com/99souls/ariadne/engine/telemetry/tracing/tracing.go:48.55,48.79 1 0
github.com/99souls/ariadne/engine/telemetry/tracing/tracing.go:49.55,49.70 1 0
github.com/99souls/ariadne/engine/telemetry/tracing/tracing.go:68.37,69.14 1 4
github.com/99souls/ariadne/engine/telemetry/tracing/tracing.go:69.14,71.3 1 1
github.com/99souls/ariadne/engine/telemetry/tracing/tracing.go:72.2,72.36 1 3
github.com/99souls/ariadne/engine/telemetry/tracing/tracing.go:76.57,77.22 1 0
github.com/99souls/ariadne/engine/telemetry/tracing/tracing.go:77.22,79.3 1 0
github.com/99souls/ariadne/engine/telemetry/tracing/tracing.go:80.2,80.45 1 0
github.com/99souls/ariadne/engine/telemetry/tracing/tracing.go:84.91,87.19 3 4
github.com/99souls/ariadne/engine/telemetry/tracing/tracing.go:87.19,89.3 1 3
github.com/99souls/ariadne/engine/telemetry/tracing/tracing.go:90.2,92.16 3 4
github.com/99souls/ariadne/engine/telemetry/tracing/tracing.go:94.35,94.56 1 1
github.com/99souls/ariadne/engine/telemetry/tracing/tracing.go:97.94,100.19 3 0
github.com/99souls/ariadne/engine/telemetry/tracing/tracing.go:100.19,102.43 2 0
github.com/99souls/ariadne/engine/telemetry/tracing/tracing.go:102.43,104.4 1 0
github.com/99souls/ariadne/engine/telemetry/tracing/tracing.go:105.3,105.22 1 0
github.com/99souls/ariadne/engine/telemetry/tracing/tracing.go:107.2,109.16 3 0
github.com/99souls/ariadne/engine/telemetry/tracing/tracing.go:111.38,111.54 1 0
github.com/99souls/ariadne/engine/telemetry/tracing/tracing.go:113.28,115.14 2 4
github.com/99souls/ariadne/engine/telemetry/tracing/tracing.go:115.14,118.3 2 4
github.com/99souls/ariadne/engine/telemetry/tracing/tracing.go:119.2,119.15 1 4
github.com/99souls/ariadne/engine/telemetry/tracing/tracing.go:121.58,123.20 2 2
github.com/99souls/ariadne/engine/telemetry/tracing/tracing.go:123.20,125.3 1 2
github.com/99souls/ariadne/engine/telemetry/tracing/tracing.go:126.2,126.15 1 2
github.com/99souls/ariadne/engine/telemetry/tracing/tracing.go:128.44,128.60 1 10
github.com/99souls/ariadne/engine/telemetry/tracing/tracing.go:129.44,129.106 4 3
github.com/99souls/ariadne/engine/telemetry/tracing/tracing.go:136.55,137.16 1 4
github.com/99souls/ariadne/engine/telemetry/tracing/tracing.go:137.16,139.3 1 0
github.com/99souls/ariadne/engine/telemetry/tracing/tracing.go:140.2,140.54 1 4
github.com/99souls/ariadne/engine/telemetry/tracing/tracing.go:140.54,142.3 1 1
github.com/99souls/ariadne/engine/telemetry/tracing/tracing.go:143.2,143.22 1 3
github.com/99souls/ariadne/engine/telemetry/tracing/tracing.go:147.63,150.2 2 0
github.com/99souls/ariadne/engine/telemetry/tracing/tracing.go:153.26,157.2 3 7
github.com/99souls/ariadne/cli/cmd/ariadne/main.go:19.13,40.17 11 0
github.com/99souls/ariadne/cli/cmd/ariadne/main.go:40.17,43.3 2 0
github.com/99souls/ariadne/cli/cmd/ariadne/main.go:45.2,46.16 2 0
github.com/99souls/ariadne/cli/cmd/ariadne/main.go:46.16,48.3 1 0
github.com/99souls/ariadne/cli/cmd/ariadne/main.go:49.2,49.21 1 0
github.com/99souls/ariadne/cli/cmd/ariadne/main.go:49.21,52.3 2 0
github.com/99souls/ariadne/cli/cmd/ariadne/main.go:54.2,59.16 5 0
github.com/99souls/ariadne/cli/cmd/ariadne/main.go:59.16,61.3 1 0
github.com/99souls/ariadne/cli/cmd/ariadne/main.go:62.2,62.15 1 0
github.com/99souls/ariadne/cli/cmd/ariadne/main.go:62.15,62.33 1 0
github.com/99souls/ariadne/cli/cmd/ariadne/main.go:64.2,69.12 5 0
github.com/99souls/ariadne/cli/cmd/ariadne/main.go:69.12,76.3 6 0
github.com/99souls/ariadne/cli/cmd/ariadne/main.go:78.2,79.16 2 0
github.com/99souls/ariadne/cli/cmd/ariadne/main.go:79.16,81.3 1 0
github.com/99souls/ariadne/cli/cmd/ariadne/main.go:84.2,84.23 1 0
github.com/99souls/ariadne/cli/cmd/ariadne/main.go:84.23,86.75 2 0
github.com/99souls/ariadne/cli/cmd/ariadne/main.go:86.75,90.4 2 0
github.com/99souls/ariadne/cli/cmd/ariadne/main.go:91.3,91.13 1 0
github.com/99souls/ariadne/cli/cmd/ariadne/main.go:91.13,95.4 3 0
github.com/99souls/ariadne/cli/cmd/ariadne/main.go:96.3,96.13 1 0
github.com/99souls/ariadne/cli/cmd/ariadne/main.go:96.13,99.4 2 0
github.com/99souls/ariadne/cli/cmd/ariadne/main.go:102.2,102.22 1 0
github.com/99souls/ariadne/cli/cmd/ariadne/main.go:102.22,104.75 2 0
github.com/99souls/ariadne/cli/cmd/ariadne/main.go:104.75,110.4 5 0
github.com/99souls/ariadne/cli/cmd/ariadne/main.go:111.3,111.13 1 0
github.com/99souls/ariadne/cli/cmd/ariadne/main.go:111.13,115.4 3 0
github.com/99souls/ariadne/cli/cmd/ariadne/main.go:116.3,116.13 1 0
github.com/99souls/ariadne/cli/cmd/ariadne/main.go:116.13,119.4 2 0
github.com/99souls/ariadne/cli/cmd/ariadne/main.go:122.2,123.23 2 0
github.com/99souls/ariadne/cli/cmd/ariadne/main.go:123.23,126.3 2 0
github.com/99souls/ariadne/cli/cmd/ariadne/main.go:128.2,129.12 2 0
github.com/99souls/ariadne/cli/cmd/ariadne/main.go:129.12,131.26 2 0
github.com/99souls/ariadne/cli/cmd/ariadne/main.go:131.26,132.40 1 0
github.com/99souls/ariadne/cli/cmd/ariadne/main.go:132.40,134.5 1 0
github.com/99souls/ariadne/cli/cmd/ariadne/main.go:136.3,136.14 1 0
github.com/99souls/ariadne/cli/cmd/ariadne/main.go:139.2,139.19 1 0
github.com/99souls/ariadne/cli/cmd/ariadne/main.go:139.19,140.13 1 0
github.com/99souls/ariadne/cli/cmd/ariadne/main.go:140.13,141.8 1 0
github.com/99souls/ariadne/cli/cmd/ariadne/main.go:141.8,142.12 1 0
github.com/99souls/ariadne/cli/cmd/ariadne/main.go:143.21,146.103 3 0
github.com/99souls/ariadne/cli/cmd/ariadne/main.go:147.17,148.12 1 0
github.com/99souls/ariadne/cli/cmd/ariadne/main.go:154.2,157.105 4 0
github.com/99souls/ariadne/cli/cmd/ariadne/main.go:160.63,162.20 2 0
github.com/99souls/ariadne/cli/cmd/ariadne/main.go:162.20,163.50 1 0
github.com/99souls/ariadne/cli/cmd/ariadne/main.go:163.50,165.15 2 0
github.com/99souls/ariadne/cli/cmd/ariadne/main.go:165.15,167.5 1 0
github.com/99souls/ariadne/cli/cmd/ariadne/main.go:170.2,170.20 1 0
github.com/99souls/ariadne/cli/cmd/ariadne/main.go:170.20,172.17 2 0
github.com/99souls/ariadne/cli/cmd/ariadne/main.go:172.17,174.4 1 0
github.com/99souls/ariadne/cli/cmd/ariadne/main.go:175.3,175.16 1 0
github.com/99souls/ariadne/cli/cmd/ariadne/main.go:175.16,175.33 1 0
github.com/99souls/ariadne/cli/cmd/ariadne/main.go:176.3,177.22 2 0
github.com/99souls/ariadne/cli/cmd/ariadne/main.go:177.22,179.51 2 0
github.com/99souls/ariadne/cli/cmd/ariadne/main.go:179.51,181.5 1 0
github.com/99souls/ariadne/cli/cmd/ariadne/main.go:183.3,183.39 1 0
github.com/99souls/ariadne/cli/cmd/ariadne/main.go:183.39,185.4 1 0
github.com/99souls/ariadne/cli/cmd/ariadne/main.go:187.2,189.26 3 0
github.com/99souls/ariadne/cli/cmd/ariadne/main.go:189.26,190.27 1 0
github.com/99souls/ariadne/cli/cmd/ariadne/main.go:190.27,191.12 1 0
github.com/99souls/ariadne/cli/cmd/ariadne/main.go:193.3,194.23 2 0
github.com/99souls/ariadne/cli/cmd/ariadne/main.go:196.2,196.17 1 0
github.com/99souls/ariadne/tools/apireport/main.go:43.13,50.16 7 0
github.com/99souls/ariadne/tools/apireport/main.go:50.16,53.3 2 0
github.com/99souls/ariadne/tools/apireport/main.go:54.2,57.25 4 0
github.com/99souls/ariadne/tools/apireport/main.go:57.25,58.48 1 0
github.com/99souls/ariadne/tools/apireport/main.go:58.48,59.12 1 0
github.com/99souls/ariadne/tools/apireport/main.go:63.3,64.30 2 0
github.com/99souls/ariadne/tools/apireport/main.go:64.30,67.4 2 0
github.com/99souls/ariadne/tools/apireport/main.go:68.3,70.18 3 0
github.com/99souls/ariadne/tools/apireport/main.go:70.18,72.4 1 0
github.com/99souls/ariadne/tools/apireport/main.go:74.3,76.48 3 0
github.com/99souls/ariadne/tools/apireport/main.go:76.48,78.11 2 0
github.com/99souls/ariadne/tools/apireport/main.go:79.45,80.24 1 0
github.com/99souls/ariadne/tools/apireport/main.go:81.41,82.20 1 0
github.com/99souls/ariadne/tools/apireport/main.go:83.47,84.26 1 0
github.com/99souls/ariadne/tools/apireport/main.go:85.43,86.22 1 0
github.com/99souls/ariadne/tools/apireport/main.go:88.4,88.13 1 0
github.com/99souls/ariadne/tools/apireport/main.go:90.3,90.29 1 0
github.com/99souls/ariadne/tools/apireport/main.go:90.29,91.31 1 0
github.com/99souls/ariadne/tools/apireport/main.go:91.31,92.13 1 0
github.com/99souls/ariadne/tools/apireport/main.go:94.4,95.32 2 0
github.com/99souls/ariadne/tools/apireport/main.go:95.32,96.31 1 0
github.com/99souls/ariadne/tools/apireport/main.go:96.31,98.6 1 0
github.com/99souls/ariadne/tools/apireport/main.go:101.3,101.29 1 0
github.com/99souls/ariadne/tools/apireport/main.go:101.29,102.30 1 0
github.com/99souls/ariadne/tools/apireport/main.go:102.30,104.5 1 0
github.com/99souls/ariadne/tools/apireport/main.go:106.3,106.28 1 0
github.com/99souls/ariadne/tools/apireport/main.go:106.28,107.30 1 0
github.com/99souls/ariadne/tools/apireport/main.go:107.30,108.26 1 0
github.com/99souls/ariadne/tools/apireport/main.go:108.26,110.6 1 0
github.com/99souls/ariadne/tools/apireport/main.go:113.3,113.30 1 0
github.com/99souls/ariadne/tools/apireport/main.go:113.30,114.30 1 0
github.com/99souls/ariadne/tools/apireport/main.go:114.30,115.26 1 0
github.com/99souls/ariadne/tools/apireport/main.go:115.26,117.6 1 0
github.com/99souls/ariadne/tools/apireport/main.go:120.3,120.43 1 0
github.com/99souls/ariadne/tools/apireport/main.go:120.43,120.87 1 0
github.com/99souls/ariadne/tools/apireport/main.go:121.3,121.24 1 0
github.com/99souls/ariadne/tools/apireport/main.go:121.24,123.12 2 0
github.com/99souls/ariadne/tools/apireport/main.go:125.3,127.29 3 0
github.com/99souls/ariadne/tools/apireport/main.go:127.29,129.4 1 0
github.com/99souls/ariadne/tools/apireport/main.go:130.3,130.24 1 0
github.com/99souls/ariadne/tools/apireport/main.go:132.2,132.67 1 0
github.com/99souls/ariadne/tools/apireport/main.go:132.67,135.3 2 0
github.com/99souls/ariadne/tools/apireport/main.go:138.37,141.15 2 0
github.com/99souls/ariadne/tools/apireport/main.go:141.15,143.3 1 0
github.com/99souls/ariadne/tools/apireport/main.go:144.2,145.15 2 0
github.com/99souls/ariadne/tools/apireport/main.go:145.15,147.3 1 0
github.com/99souls/ariadne/tools/apireport/main.go:148.2,148.30 1 0
github.com/99souls/ariadne/tools/apireport/main.go:151.35,152.15 1 0
github.com/99souls/ariadne/tools/apireport/main.go:152.15,154.3 1 0
github.com/99souls/ariadne/tools/apireport/main.go:155.2,156.26 2 0
github.com/99souls/ariadne/tools/apireport/main.go:156.26,158.14 2 0
github.com/99souls/ariadne/tools/apireport/main.go:158.14,160.4 1 0
github.com/99souls/ariadne/tools/apireport/main.go:162.2,162.11 1 0
github.com/99souls/ariadne/tools/apireport/main.go:165.35,165.79 1 0
