mode: set
github.com/99souls/ariadne/engine/internal/output/stdout/stdout_sink.go:20.18,20.85 1 0
github.com/99souls/ariadne/engine/internal/output/stdout/stdout_sink.go:22.51,23.14 1 0
github.com/99souls/ariadne/engine/internal/output/stdout/stdout_sink.go:23.14,25.3 1 0
github.com/99souls/ariadne/engine/internal/output/stdout/stdout_sink.go:26.2,28.24 3 0
github.com/99souls/ariadne/engine/internal/output/stdout/stdout_sink.go:31.30,31.44 1 0
github.com/99souls/ariadne/engine/internal/output/stdout/stdout_sink.go:32.30,32.44 1 0
github.com/99souls/ariadne/engine/internal/output/stdout/stdout_sink.go:33.30,33.55 1 0
github.com/99souls/ariadne/engine/internal/output/stdout/stdout_sink.go:39.16,43.2 3 0
github.com/99souls/ariadne/engine/internal/business/output/output.go:115.76,117.2 1 1
github.com/99souls/ariadne/engine/internal/business/output/output.go:120.70,122.2 1 1
github.com/99souls/ariadne/engine/internal/business/output/output.go:125.52,130.2 1 1
github.com/99souls/ariadne/engine/internal/business/output/output.go:133.66,135.2 1 1
github.com/99souls/ariadne/engine/internal/business/output/output.go:140.111,143.2 1 1
github.com/99souls/ariadne/engine/internal/business/output/output.go:146.109,148.2 1 1
github.com/99souls/ariadne/engine/internal/business/output/output.go:151.115,153.2 1 1
github.com/99souls/ariadne/engine/internal/business/output/output.go:156.113,158.2 1 1
github.com/99souls/ariadne/engine/internal/business/output/output.go:161.109,163.2 1 1
github.com/99souls/ariadne/engine/internal/business/output/output.go:166.118,168.2 1 1
github.com/99souls/ariadne/engine/internal/business/output/output.go:173.105,175.2 1 1
github.com/99souls/ariadne/engine/internal/business/output/output.go:178.116,180.2 1 1
github.com/99souls/ariadne/engine/internal/business/output/output.go:183.104,184.54 1 1
github.com/99souls/ariadne/engine/internal/business/output/output.go:184.54,185.30 1 1
github.com/99souls/ariadne/engine/internal/business/output/output.go:185.30,187.4 1 1
github.com/99souls/ariadne/engine/internal/business/output/output.go:189.2,189.14 1 1
github.com/99souls/ariadne/engine/internal/business/output/output.go:193.117,194.29 1 1
github.com/99souls/ariadne/engine/internal/business/output/output.go:194.29,196.3 1 1
github.com/99souls/ariadne/engine/internal/business/output/output.go:197.2,197.20 1 1
github.com/99souls/ariadne/engine/internal/business/output/output.go:203.107,212.2 2 1
github.com/99souls/ariadne/engine/internal/business/output/output.go:215.123,224.2 1 1
github.com/99souls/ariadne/engine/internal/business/output/output.go:227.106,234.2 1 1
github.com/99souls/ariadne/engine/internal/business/output/output.go:237.111,240.27 2 1
github.com/99souls/ariadne/engine/internal/business/output/output.go:240.27,242.3 1 1
github.com/99souls/ariadne/engine/internal/business/output/output.go:244.2,244.18 1 1
github.com/99souls/ariadne/engine/internal/business/output/output.go:250.116,252.35 1 1
github.com/99souls/ariadne/engine/internal/business/output/output.go:252.35,253.44 1 1
github.com/99souls/ariadne/engine/internal/business/output/output.go:253.44,258.4 1 1
github.com/99souls/ariadne/engine/internal/business/output/output.go:262.2,265.3 1 1
github.com/99souls/ariadne/engine/internal/business/output/output.go:269.119,279.2 2 1
github.com/99souls/ariadne/engine/internal/business/output/output.go:282.81,283.20 1 1
github.com/99souls/ariadne/engine/internal/business/output/output.go:283.20,285.3 1 0
github.com/99souls/ariadne/engine/internal/business/output/output.go:288.2,288.38 1 1
github.com/99souls/ariadne/engine/internal/business/output/output.go:288.38,291.3 2 1
github.com/99souls/ariadne/engine/internal/business/output/output.go:294.2,294.25 1 0
github.com/99souls/ariadne/engine/internal/ratelimit/limiter.go:65.64,69.2 3 0
github.com/99souls/ariadne/engine/internal/ratelimit/limiter.go:71.82,77.18 6 0
github.com/99souls/ariadne/engine/internal/ratelimit/limiter.go:77.18,79.3 1 0
github.com/99souls/ariadne/engine/internal/ratelimit/limiter.go:80.2,82.49 3 0
github.com/99souls/ariadne/engine/internal/ratelimit/limiter.go:82.49,85.3 2 0
github.com/99souls/ariadne/engine/internal/ratelimit/limiter.go:86.2,86.14 1 0
github.com/99souls/ariadne/engine/internal/ratelimit/limiter.go:89.75,93.2 3 0
github.com/99souls/ariadne/engine/internal/ratelimit/limiter.go:95.81,96.57 1 0
github.com/99souls/ariadne/engine/internal/ratelimit/limiter.go:96.57,98.3 1 0
github.com/99souls/ariadne/engine/internal/ratelimit/limiter.go:99.2,99.29 1 0
github.com/99souls/ariadne/engine/internal/ratelimit/limiter.go:99.29,101.3 1 0
github.com/99souls/ariadne/engine/internal/ratelimit/limiter.go:102.2,103.24 2 0
github.com/99souls/ariadne/engine/internal/ratelimit/limiter.go:103.24,105.3 1 0
github.com/99souls/ariadne/engine/internal/ratelimit/limiter.go:106.2,107.19 2 0
github.com/99souls/ariadne/engine/internal/ratelimit/limiter.go:107.19,109.3 1 0
github.com/99souls/ariadne/engine/internal/ratelimit/limiter.go:110.2,110.19 1 0
github.com/99souls/ariadne/engine/internal/ratelimit/limiter.go:110.19,112.3 1 0
github.com/99souls/ariadne/engine/internal/ratelimit/limiter.go:113.2,115.16 3 0
github.com/99souls/ariadne/engine/internal/ratelimit/limiter.go:118.75,119.18 1 0
github.com/99souls/ariadne/engine/internal/ratelimit/limiter.go:119.18,121.3 1 0
github.com/99souls/ariadne/engine/internal/ratelimit/limiter.go:122.2,122.10 1 0
github.com/99souls/ariadne/engine/internal/ratelimit/limiter.go:125.91,126.16 1 0
github.com/99souls/ariadne/engine/internal/ratelimit/limiter.go:126.16,128.3 1 0
github.com/99souls/ariadne/engine/internal/ratelimit/limiter.go:129.2,129.20 1 0
github.com/99souls/ariadne/engine/internal/ratelimit/limiter.go:129.20,131.3 1 0
github.com/99souls/ariadne/engine/internal/ratelimit/limiter.go:132.2,133.16 2 0
github.com/99souls/ariadne/engine/internal/ratelimit/limiter.go:133.16,135.3 1 0
github.com/99souls/ariadne/engine/internal/ratelimit/limiter.go:136.2,137.6 2 0
github.com/99souls/ariadne/engine/internal/ratelimit/limiter.go:137.6,138.10 1 0
github.com/99souls/ariadne/engine/internal/ratelimit/limiter.go:139.21,140.25 1 0
github.com/99souls/ariadne/engine/internal/ratelimit/limiter.go:141.11,141.11 0 0
github.com/99souls/ariadne/engine/internal/ratelimit/limiter.go:143.3,145.17 3 0
github.com/99souls/ariadne/engine/internal/ratelimit/limiter.go:145.17,146.38 1 0
github.com/99souls/ariadne/engine/internal/ratelimit/limiter.go:146.38,147.44 1 0
github.com/99souls/ariadne/engine/internal/ratelimit/limiter.go:147.44,147.58 1 0
github.com/99souls/ariadne/engine/internal/ratelimit/limiter.go:149.4,149.19 1 0
github.com/99souls/ariadne/engine/internal/ratelimit/limiter.go:151.3,151.16 1 0
github.com/99souls/ariadne/engine/internal/ratelimit/limiter.go:151.16,152.43 1 0
github.com/99souls/ariadne/engine/internal/ratelimit/limiter.go:152.43,152.64 1 0
github.com/99souls/ariadne/engine/internal/ratelimit/limiter.go:153.4,153.33 1 0
github.com/99souls/ariadne/engine/internal/ratelimit/limiter.go:155.3,155.42 1 0
github.com/99souls/ariadne/engine/internal/ratelimit/limiter.go:155.42,155.59 1 0
github.com/99souls/ariadne/engine/internal/ratelimit/limiter.go:156.3,156.44 1 0
github.com/99souls/ariadne/engine/internal/ratelimit/limiter.go:156.44,158.4 1 0
github.com/99souls/ariadne/engine/internal/ratelimit/limiter.go:162.68,163.20 1 0
github.com/99souls/ariadne/engine/internal/ratelimit/limiter.go:163.20,165.3 1 0
github.com/99souls/ariadne/engine/internal/ratelimit/limiter.go:166.2,167.16 2 0
github.com/99souls/ariadne/engine/internal/ratelimit/limiter.go:167.16,169.3 1 0
github.com/99souls/ariadne/engine/internal/ratelimit/limiter.go:170.2,171.47 2 0
github.com/99souls/ariadne/engine/internal/ratelimit/limiter.go:174.58,175.33 1 0
github.com/99souls/ariadne/engine/internal/ratelimit/limiter.go:175.33,175.101 3 0
github.com/99souls/ariadne/engine/internal/ratelimit/limiter.go:176.2,178.33 3 0
github.com/99souls/ariadne/engine/internal/ratelimit/limiter.go:178.33,180.42 2 0
github.com/99souls/ariadne/engine/internal/ratelimit/limiter.go:180.42,183.31 3 0
github.com/99souls/ariadne/engine/internal/ratelimit/limiter.go:184.21,186.11 2 0
github.com/99souls/ariadne/engine/internal/ratelimit/limiter.go:187.25,189.15 2 0
github.com/99souls/ariadne/engine/internal/ratelimit/limiter.go:191.4,192.21 2 0
github.com/99souls/ariadne/engine/internal/ratelimit/limiter.go:194.3,194.21 1 0
github.com/99souls/ariadne/engine/internal/ratelimit/limiter.go:196.2,196.22 1 0
github.com/99souls/ariadne/engine/internal/ratelimit/limiter.go:196.22,197.37 1 0
github.com/99souls/ariadne/engine/internal/ratelimit/limiter.go:197.37,199.75 2 0
github.com/99souls/ariadne/engine/internal/ratelimit/limiter.go:199.75,202.5 2 0
github.com/99souls/ariadne/engine/internal/ratelimit/limiter.go:205.2,205.23 1 0
github.com/99souls/ariadne/engine/internal/ratelimit/limiter.go:205.23,207.3 1 0
github.com/99souls/ariadne/engine/internal/ratelimit/limiter.go:208.2,211.13 4 0
github.com/99souls/ariadne/engine/internal/ratelimit/limiter.go:216.52,216.53 0 0
github.com/99souls/ariadne/engine/internal/ratelimit/limiter.go:217.51,217.89 2 0
github.com/99souls/ariadne/engine/internal/ratelimit/limiter.go:218.43,222.6 4 0
github.com/99souls/ariadne/engine/internal/ratelimit/limiter.go:222.6,223.10 1 0
github.com/99souls/ariadne/engine/internal/ratelimit/limiter.go:224.19,225.24 1 0
github.com/99souls/ariadne/engine/internal/ratelimit/limiter.go:226.19,227.10 1 0
github.com/99souls/ariadne/engine/internal/ratelimit/limiter.go:231.50,233.14 2 0
github.com/99souls/ariadne/engine/internal/ratelimit/limiter.go:233.14,235.3 1 0
github.com/99souls/ariadne/engine/internal/ratelimit/limiter.go:236.2,237.33 2 0
github.com/99souls/ariadne/engine/internal/ratelimit/limiter.go:237.33,239.44 2 0
github.com/99souls/ariadne/engine/internal/ratelimit/limiter.go:239.44,243.19 4 0
github.com/99souls/ariadne/engine/internal/ratelimit/limiter.go:243.19,245.5 1 0
github.com/99souls/ariadne/engine/internal/ratelimit/limiter.go:247.3,247.20 1 0
github.com/99souls/ariadne/engine/internal/ratelimit/limiter.go:250.45,251.23 1 0
github.com/99souls/ariadne/engine/internal/ratelimit/limiter.go:251.23,251.60 2 0
github.com/99souls/ariadne/engine/internal/ratelimit/limiter.go:252.2,252.12 1 0
github.com/99souls/ariadne/engine/internal/ratelimit/limiter.go:255.79,256.12 1 0
github.com/99souls/ariadne/engine/internal/ratelimit/limiter.go:256.12,258.3 1 0
github.com/99souls/ariadne/engine/internal/ratelimit/limiter.go:259.2,261.16 3 0
github.com/99souls/ariadne/engine/internal/ratelimit/limiter.go:261.16,264.3 2 0
github.com/99souls/ariadne/engine/internal/ratelimit/limiter.go:265.2,265.9 1 0
github.com/99souls/ariadne/engine/internal/ratelimit/limiter.go:266.20,267.15 1 0
github.com/99souls/ariadne/engine/internal/ratelimit/limiter.go:268.17,269.14 1 0
github.com/99souls/ariadne/engine/internal/ratelimit/limiter.go:281.41,281.62 1 0
github.com/99souls/ariadne/engine/internal/ratelimit/limiter.go:282.41,282.58 1 0
github.com/99souls/ariadne/engine/internal/ratelimit/limiter.go:309.80,311.2 1 0
github.com/99souls/ariadne/engine/internal/ratelimit/limiter.go:313.104,318.36 4 0
github.com/99souls/ariadne/engine/internal/ratelimit/limiter.go:318.36,319.39 1 0
github.com/99souls/ariadne/engine/internal/ratelimit/limiter.go:319.39,321.4 1 0
github.com/99souls/ariadne/engine/internal/ratelimit/limiter.go:321.9,323.4 1 0
github.com/99souls/ariadne/engine/internal/ratelimit/limiter.go:326.2,327.17 2 0
github.com/99souls/ariadne/engine/internal/ratelimit/limiter.go:327.17,329.20 2 0
github.com/99souls/ariadne/engine/internal/ratelimit/limiter.go:329.20,331.4 1 0
github.com/99souls/ariadne/engine/internal/ratelimit/limiter.go:332.3,332.21 1 0
github.com/99souls/ariadne/engine/internal/ratelimit/limiter.go:334.2,334.19 1 0
github.com/99souls/ariadne/engine/internal/ratelimit/limiter.go:334.19,337.3 2 0
github.com/99souls/ariadne/engine/internal/ratelimit/limiter.go:338.2,339.63 2 0
github.com/99souls/ariadne/engine/internal/ratelimit/limiter.go:342.96,347.67 4 0
github.com/99souls/ariadne/engine/internal/ratelimit/limiter.go:347.67,349.23 2 0
github.com/99souls/ariadne/engine/internal/ratelimit/limiter.go:349.23,351.4 1 0
github.com/99souls/ariadne/engine/internal/ratelimit/limiter.go:352.3,352.23 1 0
github.com/99souls/ariadne/engine/internal/ratelimit/limiter.go:353.8,355.21 2 0
github.com/99souls/ariadne/engine/internal/ratelimit/limiter.go:355.21,357.4 1 0
github.com/99souls/ariadne/engine/internal/ratelimit/limiter.go:358.3,358.41 1 0
github.com/99souls/ariadne/engine/internal/ratelimit/limiter.go:358.41,360.4 1 0
github.com/99souls/ariadne/engine/internal/ratelimit/limiter.go:362.2,362.40 1 0
github.com/99souls/ariadne/engine/internal/ratelimit/limiter.go:362.40,363.31 1 0
github.com/99souls/ariadne/engine/internal/ratelimit/limiter.go:363.31,365.4 1 0
github.com/99souls/ariadne/engine/internal/ratelimit/limiter.go:366.3,366.29 1 0
github.com/99souls/ariadne/engine/internal/ratelimit/limiter.go:366.29,368.4 1 0
github.com/99souls/ariadne/engine/internal/ratelimit/limiter.go:369.8,369.72 1 0
github.com/99souls/ariadne/engine/internal/ratelimit/limiter.go:369.72,371.3 1 0
github.com/99souls/ariadne/engine/internal/ratelimit/limiter.go:375.53,376.18 1 0
github.com/99souls/ariadne/engine/internal/ratelimit/limiter.go:376.18,378.3 1 0
github.com/99souls/ariadne/engine/internal/ratelimit/limiter.go:380.2,380.20 1 0
github.com/99souls/ariadne/engine/internal/assets/discovery.go:19.44,21.2 1 1
github.com/99souls/ariadne/engine/internal/assets/discovery.go:24.87,26.19 2 1
github.com/99souls/ariadne/engine/internal/assets/discovery.go:26.19,28.6 1 0
github.com/99souls/ariadne/engine/internal/assets/discovery.go:30.5,34.19 3 1
github.com/99souls/ariadne/engine/internal/assets/discovery.go:34.19,36.6 1 0
github.com/99souls/ariadne/engine/internal/assets/discovery.go:39.5,39.60 1 1
github.com/99souls/ariadne/engine/internal/assets/discovery.go:39.60,41.32 2 1
github.com/99souls/ariadne/engine/internal/assets/discovery.go:41.32,43.29 2 1
github.com/99souls/ariadne/engine/internal/assets/discovery.go:43.29,45.14 1 1
github.com/99souls/ariadne/engine/internal/assets/discovery.go:50.5,50.84 1 1
github.com/99souls/ariadne/engine/internal/assets/discovery.go:50.84,52.35 2 0
github.com/99souls/ariadne/engine/internal/assets/discovery.go:52.35,55.44 2 0
github.com/99souls/ariadne/engine/internal/assets/discovery.go:55.44,57.35 2 0
github.com/99souls/ariadne/engine/internal/assets/discovery.go:57.35,59.37 2 0
github.com/99souls/ariadne/engine/internal/assets/discovery.go:59.37,61.22 1 0
github.com/99souls/ariadne/engine/internal/assets/discovery.go:68.5,68.79 1 1
github.com/99souls/ariadne/engine/internal/assets/discovery.go:68.79,70.33 2 1
github.com/99souls/ariadne/engine/internal/assets/discovery.go:70.33,72.29 2 1
github.com/99souls/ariadne/engine/internal/assets/discovery.go:72.29,74.14 1 1
github.com/99souls/ariadne/engine/internal/assets/discovery.go:79.5,79.68 1 1
github.com/99souls/ariadne/engine/internal/assets/discovery.go:79.68,81.32 2 1
github.com/99souls/ariadne/engine/internal/assets/discovery.go:81.32,83.29 2 1
github.com/99souls/ariadne/engine/internal/assets/discovery.go:83.29,85.14 1 1
github.com/99souls/ariadne/engine/internal/assets/discovery.go:90.5,90.64 1 1
github.com/99souls/ariadne/engine/internal/assets/discovery.go:90.64,92.56 2 1
github.com/99souls/ariadne/engine/internal/assets/discovery.go:92.56,94.29 2 1
github.com/99souls/ariadne/engine/internal/assets/discovery.go:94.29,96.14 1 1
github.com/99souls/ariadne/engine/internal/assets/discovery.go:101.5,101.79 1 1
github.com/99souls/ariadne/engine/internal/assets/discovery.go:101.79,103.32 2 0
github.com/99souls/ariadne/engine/internal/assets/discovery.go:103.32,105.29 2 0
github.com/99souls/ariadne/engine/internal/assets/discovery.go:105.29,107.14 1 0
github.com/99souls/ariadne/engine/internal/assets/discovery.go:111.5,111.23 1 1
github.com/99souls/ariadne/engine/internal/assets/discovery.go:115.80,118.19 2 1
github.com/99souls/ariadne/engine/internal/assets/discovery.go:118.19,120.6 1 0
github.com/99souls/ariadne/engine/internal/assets/discovery.go:123.5,124.23 2 1
github.com/99souls/ariadne/engine/internal/assets/discovery.go:124.23,126.6 1 0
github.com/99souls/ariadne/engine/internal/assets/discovery.go:128.5,133.6 1 1
github.com/99souls/ariadne/engine/internal/assets/discovery.go:137.38,140.44 2 1
github.com/99souls/ariadne/engine/internal/assets/discovery.go:140.44,141.45 1 1
github.com/99souls/ariadne/engine/internal/assets/discovery.go:141.45,143.10 1 1
github.com/99souls/ariadne/engine/internal/assets/discovery.go:145.5,145.17 1 0
github.com/99souls/ariadne/engine/internal/assets/discovery.go:149.47,151.19 2 1
github.com/99souls/ariadne/engine/internal/assets/discovery.go:151.19,153.6 1 0
github.com/99souls/ariadne/engine/internal/assets/discovery.go:155.5,156.34 2 1
github.com/99souls/ariadne/engine/internal/assets/discovery.go:156.34,158.6 1 0
github.com/99souls/ariadne/engine/internal/assets/discovery.go:161.5,162.26 2 1
github.com/99souls/ariadne/engine/internal/assets/discovery.go:162.26,165.44 2 1
github.com/99souls/ariadne/engine/internal/assets/discovery.go:165.44,167.10 1 1
github.com/99souls/ariadne/engine/internal/assets/discovery.go:170.5,170.14 1 0
github.com/99souls/ariadne/engine/internal/assets/discovery.go:174.63,176.19 2 0
github.com/99souls/ariadne/engine/internal/assets/discovery.go:176.19,178.6 1 0
github.com/99souls/ariadne/engine/internal/assets/discovery.go:181.5,182.19 2 0
github.com/99souls/ariadne/engine/internal/assets/discovery.go:182.19,184.6 1 0
github.com/99souls/ariadne/engine/internal/assets/discovery.go:187.5,192.48 3 0
github.com/99souls/ariadne/engine/internal/assets/discovery.go:196.56,197.22 1 0
github.com/99souls/ariadne/engine/internal/assets/discovery.go:198.25,199.22 1 0
github.com/99souls/ariadne/engine/internal/assets/discovery.go:200.23,201.22 1 0
github.com/99souls/ariadne/engine/internal/assets/discovery.go:202.30,203.21 1 0
github.com/99souls/ariadne/engine/internal/assets/discovery.go:204.28,205.22 1 0
github.com/99souls/ariadne/engine/internal/assets/discovery.go:206.25,207.22 1 0
github.com/99souls/ariadne/engine/internal/assets/discovery.go:208.13,209.22 1 0
github.com/99souls/ariadne/engine/internal/assets/downloader.go:19.58,24.2 1 0
github.com/99souls/ariadne/engine/internal/assets/downloader.go:27.80,28.24 1 0
github.com/99souls/ariadne/engine/internal/assets/downloader.go:28.24,30.6 1 0
github.com/99souls/ariadne/engine/internal/assets/downloader.go:33.5,33.30 1 0
github.com/99souls/ariadne/engine/internal/assets/downloader.go:33.30,35.6 1 0
github.com/99souls/ariadne/engine/internal/assets/downloader.go:38.5,40.19 3 0
github.com/99souls/ariadne/engine/internal/assets/downloader.go:40.19,42.6 1 0
github.com/99souls/ariadne/engine/internal/assets/downloader.go:45.5,45.55 1 0
github.com/99souls/ariadne/engine/internal/assets/downloader.go:45.55,48.62 2 0
github.com/99souls/ariadne/engine/internal/assets/downloader.go:48.62,50.10 1 0
github.com/99souls/ariadne/engine/internal/assets/downloader.go:51.9,51.26 1 0
github.com/99souls/ariadne/engine/internal/assets/downloader.go:55.5,60.19 3 0
github.com/99souls/ariadne/engine/internal/assets/downloader.go:60.19,62.6 1 0
github.com/99souls/ariadne/engine/internal/assets/downloader.go:63.5,63.18 1 0
github.com/99souls/ariadne/engine/internal/assets/downloader.go:63.18,64.59 1 0
github.com/99souls/ariadne/engine/internal/assets/downloader.go:64.59,67.10 1 0
github.com/99souls/ariadne/engine/internal/assets/downloader.go:71.5,71.41 1 0
github.com/99souls/ariadne/engine/internal/assets/downloader.go:71.41,73.6 1 0
github.com/99souls/ariadne/engine/internal/assets/downloader.go:76.5,77.19 2 0
github.com/99souls/ariadne/engine/internal/assets/downloader.go:77.19,79.6 1 0
github.com/99souls/ariadne/engine/internal/assets/downloader.go:80.5,80.18 1 0
github.com/99souls/ariadne/engine/internal/assets/downloader.go:80.18,81.54 1 0
github.com/99souls/ariadne/engine/internal/assets/downloader.go:81.54,83.10 1 0
github.com/99souls/ariadne/engine/internal/assets/downloader.go:87.5,88.19 2 0
github.com/99souls/ariadne/engine/internal/assets/downloader.go:88.19,90.6 1 0
github.com/99souls/ariadne/engine/internal/assets/downloader.go:93.5,98.22 4 0
github.com/99souls/ariadne/engine/internal/assets/optimizer.go:14.42,16.2 1 0
github.com/99souls/ariadne/engine/internal/assets/optimizer.go:19.79,21.97 1 0
github.com/99souls/ariadne/engine/internal/assets/optimizer.go:21.97,23.37 2 0
github.com/99souls/ariadne/engine/internal/assets/optimizer.go:23.37,25.10 1 0
github.com/99souls/ariadne/engine/internal/assets/optimizer.go:27.9,28.26 2 0
github.com/99souls/ariadne/engine/internal/assets/optimizer.go:32.5,33.19 2 0
github.com/99souls/ariadne/engine/internal/assets/optimizer.go:33.19,35.6 1 0
github.com/99souls/ariadne/engine/internal/assets/optimizer.go:38.5,38.32 1 0
github.com/99souls/ariadne/engine/internal/assets/optimizer.go:38.32,40.6 1 0
github.com/99souls/ariadne/engine/internal/assets/optimizer.go:44.5,44.23 1 0
github.com/99souls/ariadne/engine/internal/assets/optimizer.go:45.25,49.31 3 0
github.com/99souls/ariadne/engine/internal/assets/optimizer.go:50.23,54.31 3 0
github.com/99souls/ariadne/engine/internal/assets/optimizer.go:55.30,59.31 3 0
github.com/99souls/ariadne/engine/internal/assets/optimizer.go:60.13,63.31 2 0
github.com/99souls/ariadne/engine/internal/assets/optimizer.go:66.5,66.22 1 0
github.com/99souls/ariadne/engine/internal/assets/pipeline.go:18.54,26.2 1 0
github.com/99souls/ariadne/engine/internal/assets/pipeline.go:29.92,30.19 1 0
github.com/99souls/ariadne/engine/internal/assets/pipeline.go:30.19,32.6 1 0
github.com/99souls/ariadne/engine/internal/assets/pipeline.go:34.5,34.22 1 0
github.com/99souls/ariadne/engine/internal/assets/pipeline.go:34.22,36.6 1 0
github.com/99souls/ariadne/engine/internal/assets/pipeline.go:39.5,46.19 4 0
github.com/99souls/ariadne/engine/internal/assets/pipeline.go:46.19,48.6 1 0
github.com/99souls/ariadne/engine/internal/assets/pipeline.go:50.5,56.34 4 0
github.com/99souls/ariadne/engine/internal/assets/pipeline.go:56.34,58.23 2 0
github.com/99souls/ariadne/engine/internal/assets/pipeline.go:58.23,60.21 1 0
github.com/99souls/ariadne/engine/internal/assets/pipeline.go:62.9,63.26 2 0
github.com/99souls/ariadne/engine/internal/assets/pipeline.go:66.5,72.44 4 0
github.com/99souls/ariadne/engine/internal/assets/pipeline.go:72.44,74.23 2 0
github.com/99souls/ariadne/engine/internal/assets/pipeline.go:74.23,77.21 2 0
github.com/99souls/ariadne/engine/internal/assets/pipeline.go:79.9,80.25 2 0
github.com/99souls/ariadne/engine/internal/assets/pipeline.go:83.5,87.19 3 0
github.com/99souls/ariadne/engine/internal/assets/pipeline.go:87.19,89.6 1 0
github.com/99souls/ariadne/engine/internal/assets/pipeline.go:92.5,96.23 4 0
github.com/99souls/ariadne/engine/internal/assets/rewriter.go:16.60,18.2 1 0
github.com/99souls/ariadne/engine/internal/assets/rewriter.go:21.97,22.19 1 0
github.com/99souls/ariadne/engine/internal/assets/rewriter.go:22.19,24.6 1 0
github.com/99souls/ariadne/engine/internal/assets/rewriter.go:27.5,28.19 2 0
github.com/99souls/ariadne/engine/internal/assets/rewriter.go:28.19,30.6 1 0
github.com/99souls/ariadne/engine/internal/assets/rewriter.go:33.5,34.34 2 0
github.com/99souls/ariadne/engine/internal/assets/rewriter.go:34.34,35.34 1 0
github.com/99souls/ariadne/engine/internal/assets/rewriter.go:35.34,39.10 2 0
github.com/99souls/ariadne/engine/internal/assets/rewriter.go:43.5,43.60 1 0
github.com/99souls/ariadne/engine/internal/assets/rewriter.go:43.60,44.49 1 0
github.com/99souls/ariadne/engine/internal/assets/rewriter.go:44.49,45.59 1 0
github.com/99souls/ariadne/engine/internal/assets/rewriter.go:45.59,47.14 1 0
github.com/99souls/ariadne/engine/internal/assets/rewriter.go:50.9,50.55 1 0
github.com/99souls/ariadne/engine/internal/assets/rewriter.go:50.55,53.10 2 0
github.com/99souls/ariadne/engine/internal/assets/rewriter.go:57.5,57.79 1 0
github.com/99souls/ariadne/engine/internal/assets/rewriter.go:57.79,58.51 1 0
github.com/99souls/ariadne/engine/internal/assets/rewriter.go:58.51,59.60 1 0
github.com/99souls/ariadne/engine/internal/assets/rewriter.go:59.60,61.14 1 0
github.com/99souls/ariadne/engine/internal/assets/rewriter.go:66.5,66.68 1 0
github.com/99souls/ariadne/engine/internal/assets/rewriter.go:66.68,67.49 1 0
github.com/99souls/ariadne/engine/internal/assets/rewriter.go:67.49,68.59 1 0
github.com/99souls/ariadne/engine/internal/assets/rewriter.go:68.59,70.14 1 0
github.com/99souls/ariadne/engine/internal/assets/rewriter.go:75.5,75.79 1 0
github.com/99souls/ariadne/engine/internal/assets/rewriter.go:75.79,76.49 1 0
github.com/99souls/ariadne/engine/internal/assets/rewriter.go:76.49,77.59 1 0
github.com/99souls/ariadne/engine/internal/assets/rewriter.go:77.59,79.14 1 0
github.com/99souls/ariadne/engine/internal/assets/rewriter.go:84.5,85.19 2 0
github.com/99souls/ariadne/engine/internal/assets/rewriter.go:85.19,87.6 1 0
github.com/99souls/ariadne/engine/internal/assets/rewriter.go:89.5,89.29 1 0
github.com/99souls/ariadne/engine/internal/assets/rewriter.go:93.96,94.21 1 0
github.com/99souls/ariadne/engine/internal/assets/rewriter.go:94.21,96.6 1 0
github.com/99souls/ariadne/engine/internal/assets/rewriter.go:99.5,100.36 2 0
github.com/99souls/ariadne/engine/internal/assets/rewriter.go:100.36,104.27 3 0
github.com/99souls/ariadne/engine/internal/assets/rewriter.go:104.27,106.59 2 0
github.com/99souls/ariadne/engine/internal/assets/rewriter.go:106.59,108.35 1 0
github.com/99souls/ariadne/engine/internal/assets/rewriter.go:108.35,110.18 1 0
github.com/99souls/ariadne/engine/internal/assets/rewriter.go:110.23,112.18 1 0
github.com/99souls/ariadne/engine/internal/assets/rewriter.go:117.5,117.39 1 0
github.com/99souls/ariadne/engine/internal/resources/manager.go:51.47,53.25 2 0
github.com/99souls/ariadne/engine/internal/resources/manager.go:53.25,55.3 1 0
github.com/99souls/ariadne/engine/internal/resources/manager.go:56.2,56.30 1 0
github.com/99souls/ariadne/engine/internal/resources/manager.go:56.30,57.64 1 0
github.com/99souls/ariadne/engine/internal/resources/manager.go:57.64,59.4 1 0
github.com/99souls/ariadne/engine/internal/resources/manager.go:61.2,61.30 1 0
github.com/99souls/ariadne/engine/internal/resources/manager.go:61.30,62.78 1 0
github.com/99souls/ariadne/engine/internal/resources/manager.go:62.78,64.4 1 0
github.com/99souls/ariadne/engine/internal/resources/manager.go:65.3,67.24 3 0
github.com/99souls/ariadne/engine/internal/resources/manager.go:69.2,69.15 1 0
github.com/99souls/ariadne/engine/internal/resources/manager.go:72.33,73.27 1 0
github.com/99souls/ariadne/engine/internal/resources/manager.go:73.27,76.3 2 0
github.com/99souls/ariadne/engine/internal/resources/manager.go:77.2,77.12 1 0
github.com/99souls/ariadne/engine/internal/resources/manager.go:80.54,81.20 1 0
github.com/99souls/ariadne/engine/internal/resources/manager.go:81.20,83.3 1 0
github.com/99souls/ariadne/engine/internal/resources/manager.go:84.2,84.9 1 0
github.com/99souls/ariadne/engine/internal/resources/manager.go:85.29,86.13 1 0
github.com/99souls/ariadne/engine/internal/resources/manager.go:87.20,88.19 1 0
github.com/99souls/ariadne/engine/internal/resources/manager.go:91.29,92.20 1 0
github.com/99souls/ariadne/engine/internal/resources/manager.go:92.20,94.3 1 0
github.com/99souls/ariadne/engine/internal/resources/manager.go:95.2,95.9 1 0
github.com/99souls/ariadne/engine/internal/resources/manager.go:96.17,96.17 0 0
github.com/99souls/ariadne/engine/internal/resources/manager.go:97.10,97.10 0 0
github.com/99souls/ariadne/engine/internal/resources/manager.go:106.69,107.30 1 0
github.com/99souls/ariadne/engine/internal/resources/manager.go:107.30,109.3 1 0
github.com/99souls/ariadne/engine/internal/resources/manager.go:110.2,113.32 4 0
github.com/99souls/ariadne/engine/internal/resources/manager.go:113.32,117.3 3 0
github.com/99souls/ariadne/engine/internal/resources/manager.go:118.2,120.29 3 0
github.com/99souls/ariadne/engine/internal/resources/manager.go:120.29,121.42 1 0
github.com/99souls/ariadne/engine/internal/resources/manager.go:121.42,123.4 1 0
github.com/99souls/ariadne/engine/internal/resources/manager.go:125.2,125.12 1 0
github.com/99souls/ariadne/engine/internal/resources/manager.go:128.70,129.15 1 0
github.com/99souls/ariadne/engine/internal/resources/manager.go:129.15,131.3 1 0
github.com/99souls/ariadne/engine/internal/resources/manager.go:132.2,133.32 2 0
github.com/99souls/ariadne/engine/internal/resources/manager.go:133.32,139.3 5 0
github.com/99souls/ariadne/engine/internal/resources/manager.go:140.2,142.14 3 0
github.com/99souls/ariadne/engine/internal/resources/manager.go:142.14,144.3 1 0
github.com/99souls/ariadne/engine/internal/resources/manager.go:145.2,146.16 2 0
github.com/99souls/ariadne/engine/internal/resources/manager.go:146.16,148.3 1 0
github.com/99souls/ariadne/engine/internal/resources/manager.go:149.2,150.50 2 0
github.com/99souls/ariadne/engine/internal/resources/manager.go:150.50,152.3 1 0
github.com/99souls/ariadne/engine/internal/resources/manager.go:153.2,154.48 2 0
github.com/99souls/ariadne/engine/internal/resources/manager.go:154.48,156.3 1 0
github.com/99souls/ariadne/engine/internal/resources/manager.go:157.2,160.25 4 0
github.com/99souls/ariadne/engine/internal/resources/manager.go:163.40,164.38 1 0
github.com/99souls/ariadne/engine/internal/resources/manager.go:164.38,166.3 1 0
github.com/99souls/ariadne/engine/internal/resources/manager.go:167.2,167.9 1 0
github.com/99souls/ariadne/engine/internal/resources/manager.go:168.27,168.27 0 0
github.com/99souls/ariadne/engine/internal/resources/manager.go:169.10,170.9 1 0
github.com/99souls/ariadne/engine/internal/resources/manager.go:174.33,180.20 6 0
github.com/99souls/ariadne/engine/internal/resources/manager.go:180.20,182.3 1 0
github.com/99souls/ariadne/engine/internal/resources/manager.go:183.2,183.27 1 0
github.com/99souls/ariadne/engine/internal/resources/manager.go:183.27,185.3 1 0
github.com/99souls/ariadne/engine/internal/resources/manager.go:186.2,186.10 1 0
github.com/99souls/ariadne/engine/internal/resources/manager.go:189.36,192.19 3 0
github.com/99souls/ariadne/engine/internal/resources/manager.go:192.19,194.3 1 0
github.com/99souls/ariadne/engine/internal/resources/manager.go:195.2,198.18 4 0
github.com/99souls/ariadne/engine/internal/resources/manager.go:198.18,199.20 1 0
github.com/99souls/ariadne/engine/internal/resources/manager.go:199.20,201.4 1 0
github.com/99souls/ariadne/engine/internal/resources/manager.go:202.3,203.17 2 0
github.com/99souls/ariadne/engine/internal/resources/manager.go:203.17,205.4 1 0
github.com/99souls/ariadne/engine/internal/resources/manager.go:206.3,207.25 2 0
github.com/99souls/ariadne/engine/internal/resources/manager.go:207.25,209.4 1 0
github.com/99souls/ariadne/engine/internal/resources/manager.go:210.3,212.16 3 0
github.com/99souls/ariadne/engine/internal/resources/manager.go:214.2,214.6 1 0
github.com/99souls/ariadne/engine/internal/resources/manager.go:214.6,215.10 1 0
github.com/99souls/ariadne/engine/internal/resources/manager.go:216.34,217.11 1 0
github.com/99souls/ariadne/engine/internal/resources/manager.go:217.11,220.5 2 0
github.com/99souls/ariadne/engine/internal/resources/manager.go:221.4,222.22 2 0
github.com/99souls/ariadne/engine/internal/resources/manager.go:222.22,224.5 1 0
github.com/99souls/ariadne/engine/internal/resources/manager.go:225.19,226.11 1 0
github.com/99souls/ariadne/engine/internal/resources/manager.go:231.33,233.17 2 0
github.com/99souls/ariadne/engine/internal/resources/manager.go:233.17,235.3 1 0
github.com/99souls/ariadne/engine/internal/resources/manager.go:236.2,239.32 4 0
github.com/99souls/ariadne/engine/internal/resources/manager.go:239.32,241.3 1 0
github.com/99souls/ariadne/engine/internal/resources/manager.go:242.2,245.16 4 0
github.com/99souls/ariadne/engine/internal/resources/manager.go:245.16,247.3 1 0
github.com/99souls/ariadne/engine/internal/resources/manager.go:248.2,248.56 1 0
github.com/99souls/ariadne/engine/internal/resources/manager.go:248.56,250.3 1 0
github.com/99souls/ariadne/engine/internal/resources/manager.go:251.2,251.27 1 0
github.com/99souls/ariadne/engine/internal/resources/manager.go:254.67,255.14 1 0
github.com/99souls/ariadne/engine/internal/resources/manager.go:255.14,257.3 1 0
github.com/99souls/ariadne/engine/internal/resources/manager.go:258.2,259.18 2 0
github.com/99souls/ariadne/engine/internal/resources/manager.go:259.18,262.3 2 0
github.com/99souls/ariadne/engine/internal/resources/manager.go:263.2,264.22 2 0
github.com/99souls/ariadne/engine/internal/resources/manager.go:264.22,266.29 2 0
github.com/99souls/ariadne/engine/internal/resources/manager.go:266.29,267.16 1 0
github.com/99souls/ariadne/engine/internal/resources/manager.go:267.16,270.5 2 0
github.com/99souls/ariadne/engine/internal/resources/manager.go:273.2,275.39 3 0
github.com/99souls/ariadne/engine/internal/resources/manager.go:275.39,277.3 1 0
github.com/99souls/ariadne/engine/internal/resources/manager.go:278.2,278.11 1 0
github.com/99souls/ariadne/engine/internal/resources/manager.go:281.31,285.2 3 0
github.com/99souls/ariadne/engine/internal/output/markdown/compiler.go:54.62,65.2 1 1
github.com/99souls/ariadne/engine/internal/output/markdown/compiler.go:68.46,70.2 1 1
github.com/99souls/ariadne/engine/internal/output/markdown/compiler.go:73.86,74.19 1 1
github.com/99souls/ariadne/engine/internal/output/markdown/compiler.go:74.19,76.3 1 0
github.com/99souls/ariadne/engine/internal/output/markdown/compiler.go:78.2,82.3 1 1
github.com/99souls/ariadne/engine/internal/output/markdown/compiler.go:86.62,88.2 1 1
github.com/99souls/ariadne/engine/internal/output/markdown/compiler.go:91.69,95.15 3 1
github.com/99souls/ariadne/engine/internal/output/markdown/compiler.go:95.15,97.3 1 0
github.com/99souls/ariadne/engine/internal/output/markdown/compiler.go:99.2,101.19 2 1
github.com/99souls/ariadne/engine/internal/output/markdown/compiler.go:101.19,103.3 1 0
github.com/99souls/ariadne/engine/internal/output/markdown/compiler.go:105.2,105.43 1 1
github.com/99souls/ariadne/engine/internal/output/markdown/compiler.go:105.43,108.3 2 1
github.com/99souls/ariadne/engine/internal/output/markdown/compiler.go:111.2,115.32 3 1
github.com/99souls/ariadne/engine/internal/output/markdown/compiler.go:115.32,118.3 2 1
github.com/99souls/ariadne/engine/internal/output/markdown/compiler.go:120.2,120.12 1 1
github.com/99souls/ariadne/engine/internal/output/markdown/compiler.go:124.59,128.2 3 1
github.com/99souls/ariadne/engine/internal/output/markdown/compiler.go:131.76,137.51 3 1
github.com/99souls/ariadne/engine/internal/output/markdown/compiler.go:137.51,138.45 1 0
github.com/99souls/ariadne/engine/internal/output/markdown/compiler.go:138.45,141.32 3 0
github.com/99souls/ariadne/engine/internal/output/markdown/compiler.go:141.32,143.5 1 0
github.com/99souls/ariadne/engine/internal/output/markdown/compiler.go:144.4,144.32 1 0
github.com/99souls/ariadne/engine/internal/output/markdown/compiler.go:144.32,146.5 1 0
github.com/99souls/ariadne/engine/internal/output/markdown/compiler.go:147.4,147.26 1 0
github.com/99souls/ariadne/engine/internal/output/markdown/compiler.go:149.8,151.45 1 1
github.com/99souls/ariadne/engine/internal/output/markdown/compiler.go:151.45,153.4 1 1
github.com/99souls/ariadne/engine/internal/output/markdown/compiler.go:156.2,156.18 1 1
github.com/99souls/ariadne/engine/internal/output/markdown/compiler.go:160.50,164.2 3 1
github.com/99souls/ariadne/engine/internal/output/markdown/compiler.go:167.58,171.53 2 1
github.com/99souls/ariadne/engine/internal/output/markdown/compiler.go:171.53,172.55 1 1
github.com/99souls/ariadne/engine/internal/output/markdown/compiler.go:172.55,173.12 1 0
github.com/99souls/ariadne/engine/internal/output/markdown/compiler.go:176.3,177.46 2 1
github.com/99souls/ariadne/engine/internal/output/markdown/compiler.go:181.2,183.30 2 1
github.com/99souls/ariadne/engine/internal/output/markdown/compiler.go:183.30,185.3 1 1
github.com/99souls/ariadne/engine/internal/output/markdown/compiler.go:187.2,187.35 1 1
github.com/99souls/ariadne/engine/internal/output/markdown/compiler.go:187.35,188.42 1 1
github.com/99souls/ariadne/engine/internal/output/markdown/compiler.go:188.42,189.12 1 0
github.com/99souls/ariadne/engine/internal/output/markdown/compiler.go:193.3,196.86 3 1
github.com/99souls/ariadne/engine/internal/output/markdown/compiler.go:199.2,199.28 1 1
github.com/99souls/ariadne/engine/internal/output/markdown/compiler.go:203.75,210.29 4 1
github.com/99souls/ariadne/engine/internal/output/markdown/compiler.go:210.29,212.70 2 1
github.com/99souls/ariadne/engine/internal/output/markdown/compiler.go:212.70,221.4 3 1
github.com/99souls/ariadne/engine/internal/output/markdown/compiler.go:224.2,224.16 1 1
github.com/99souls/ariadne/engine/internal/output/markdown/compiler.go:228.63,235.2 5 1
github.com/99souls/ariadne/engine/internal/output/markdown/compiler.go:238.59,242.2 3 1
github.com/99souls/ariadne/engine/internal/output/markdown/compiler.go:245.56,249.2 3 0
github.com/99souls/ariadne/engine/internal/output/markdown/compiler.go:252.43,256.15 3 1
github.com/99souls/ariadne/engine/internal/output/markdown/compiler.go:256.15,258.3 1 0
github.com/99souls/ariadne/engine/internal/output/markdown/compiler.go:261.2,262.53 2 1
github.com/99souls/ariadne/engine/internal/output/markdown/compiler.go:262.53,264.3 1 0
github.com/99souls/ariadne/engine/internal/output/markdown/compiler.go:267.2,268.16 2 1
github.com/99souls/ariadne/engine/internal/output/markdown/compiler.go:268.16,270.3 1 0
github.com/99souls/ariadne/engine/internal/output/markdown/compiler.go:271.2,271.15 1 1
github.com/99souls/ariadne/engine/internal/output/markdown/compiler.go:271.15,271.35 1 1
github.com/99souls/ariadne/engine/internal/output/markdown/compiler.go:274.2,274.73 1 1
github.com/99souls/ariadne/engine/internal/output/markdown/compiler.go:274.73,276.3 1 0
github.com/99souls/ariadne/engine/internal/output/markdown/compiler.go:279.2,279.26 1 1
github.com/99souls/ariadne/engine/internal/output/markdown/compiler.go:279.26,281.16 2 1
github.com/99souls/ariadne/engine/internal/output/markdown/compiler.go:281.16,282.65 1 1
github.com/99souls/ariadne/engine/internal/output/markdown/compiler.go:282.65,284.5 1 0
github.com/99souls/ariadne/engine/internal/output/markdown/compiler.go:289.2,290.37 2 1
github.com/99souls/ariadne/engine/internal/output/markdown/compiler.go:290.37,291.25 1 1
github.com/99souls/ariadne/engine/internal/output/markdown/compiler.go:291.25,292.12 1 0
github.com/99souls/ariadne/engine/internal/output/markdown/compiler.go:296.3,296.12 1 1
github.com/99souls/ariadne/engine/internal/output/markdown/compiler.go:296.12,297.61 1 1
github.com/99souls/ariadne/engine/internal/output/markdown/compiler.go:297.61,299.5 1 0
github.com/99souls/ariadne/engine/internal/output/markdown/compiler.go:303.3,303.67 1 1
github.com/99souls/ariadne/engine/internal/output/markdown/compiler.go:303.67,305.4 1 0
github.com/99souls/ariadne/engine/internal/output/markdown/compiler.go:309.2,309.28 1 1
github.com/99souls/ariadne/engine/internal/output/markdown/compiler.go:309.28,311.19 2 1
github.com/99souls/ariadne/engine/internal/output/markdown/compiler.go:311.19,312.70 1 1
github.com/99souls/ariadne/engine/internal/output/markdown/compiler.go:312.70,314.5 1 0
github.com/99souls/ariadne/engine/internal/output/markdown/compiler.go:318.2,318.12 1 1
github.com/99souls/ariadne/engine/internal/output/markdown/compiler.go:322.61,328.28 4 1
github.com/99souls/ariadne/engine/internal/output/markdown/compiler.go:328.28,334.3 5 1
github.com/99souls/ariadne/engine/internal/output/markdown/compiler.go:336.2,336.24 1 1
github.com/99souls/ariadne/engine/internal/output/markdown/compiler.go:340.61,341.29 1 1
github.com/99souls/ariadne/engine/internal/output/markdown/compiler.go:341.29,343.3 1 0
github.com/99souls/ariadne/engine/internal/output/markdown/compiler.go:345.2,353.24 8 1
github.com/99souls/ariadne/engine/internal/output/markdown/compiler.go:357.43,363.2 4 1
github.com/99souls/ariadne/engine/internal/output/markdown/compiler.go:366.43,368.2 1 1
github.com/99souls/ariadne/engine/internal/runtime/runtime.go:119.80,123.2 3 0
github.com/99souls/ariadne/engine/internal/runtime/runtime.go:125.74,129.2 3 0
github.com/99souls/ariadne/engine/internal/runtime/runtime.go:131.60,134.59 3 0
github.com/99souls/ariadne/engine/internal/runtime/runtime.go:134.59,137.3 2 0
github.com/99souls/ariadne/engine/internal/runtime/runtime.go:138.2,139.16 2 0
github.com/99souls/ariadne/engine/internal/runtime/runtime.go:139.16,141.3 1 0
github.com/99souls/ariadne/engine/internal/runtime/runtime.go:142.2,143.51 2 0
github.com/99souls/ariadne/engine/internal/runtime/runtime.go:143.51,145.3 1 0
github.com/99souls/ariadne/engine/internal/runtime/runtime.go:146.2,147.12 2 0
github.com/99souls/ariadne/engine/internal/runtime/runtime.go:150.88,153.55 3 0
github.com/99souls/ariadne/engine/internal/runtime/runtime.go:153.55,155.3 1 0
github.com/99souls/ariadne/engine/internal/runtime/runtime.go:156.2,159.41 4 0
github.com/99souls/ariadne/engine/internal/runtime/runtime.go:162.76,167.2 4 0
github.com/99souls/ariadne/engine/internal/runtime/runtime.go:168.90,172.2 3 0
github.com/99souls/ariadne/engine/internal/runtime/runtime.go:173.90,174.35 1 0
github.com/99souls/ariadne/engine/internal/runtime/runtime.go:174.35,175.41 1 0
github.com/99souls/ariadne/engine/internal/runtime/runtime.go:175.41,177.4 1 0
github.com/99souls/ariadne/engine/internal/runtime/runtime.go:179.2,179.12 1 0
github.com/99souls/ariadne/engine/internal/runtime/runtime.go:182.92,184.16 2 0
github.com/99souls/ariadne/engine/internal/runtime/runtime.go:184.16,186.3 1 0
github.com/99souls/ariadne/engine/internal/runtime/runtime.go:187.2,187.73 1 0
github.com/99souls/ariadne/engine/internal/runtime/runtime.go:187.73,189.3 1 0
github.com/99souls/ariadne/engine/internal/runtime/runtime.go:190.2,190.49 1 0
github.com/99souls/ariadne/engine/internal/runtime/runtime.go:193.87,199.2 5 0
github.com/99souls/ariadne/engine/internal/runtime/runtime.go:201.70,203.16 2 0
github.com/99souls/ariadne/engine/internal/runtime/runtime.go:203.16,205.3 1 0
github.com/99souls/ariadne/engine/internal/runtime/runtime.go:206.2,206.72 1 0
github.com/99souls/ariadne/engine/internal/runtime/runtime.go:209.106,213.20 4 0
github.com/99souls/ariadne/engine/internal/runtime/runtime.go:213.20,218.3 4 0
github.com/99souls/ariadne/engine/internal/runtime/runtime.go:219.2,220.51 2 0
github.com/99souls/ariadne/engine/internal/runtime/runtime.go:220.51,226.3 5 0
github.com/99souls/ariadne/engine/internal/runtime/runtime.go:227.2,230.12 3 0
github.com/99souls/ariadne/engine/internal/runtime/runtime.go:230.12,234.7 4 0
github.com/99souls/ariadne/engine/internal/runtime/runtime.go:234.7,235.11 1 0
github.com/99souls/ariadne/engine/internal/runtime/runtime.go:236.39,237.12 1 0
github.com/99souls/ariadne/engine/internal/runtime/runtime.go:237.12,239.6 1 0
github.com/99souls/ariadne/engine/internal/runtime/runtime.go:240.5,240.33 1 0
github.com/99souls/ariadne/engine/internal/runtime/runtime.go:240.33,241.14 1 0
github.com/99souls/ariadne/engine/internal/runtime/runtime.go:243.5,243.46 1 0
github.com/99souls/ariadne/engine/internal/runtime/runtime.go:243.46,245.20 2 0
github.com/99souls/ariadne/engine/internal/runtime/runtime.go:245.20,247.15 2 0
github.com/99souls/ariadne/engine/internal/runtime/runtime.go:249.6,249.37 1 0
github.com/99souls/ariadne/engine/internal/runtime/runtime.go:249.37,251.22 2 0
github.com/99souls/ariadne/engine/internal/runtime/runtime.go:251.22,253.8 1 0
github.com/99souls/ariadne/engine/internal/runtime/runtime.go:254.7,255.16 2 0
github.com/99souls/ariadne/engine/internal/runtime/runtime.go:258.41,259.12 1 0
github.com/99souls/ariadne/engine/internal/runtime/runtime.go:259.12,261.6 1 0
github.com/99souls/ariadne/engine/internal/runtime/runtime.go:262.5,262.16 1 0
github.com/99souls/ariadne/engine/internal/runtime/runtime.go:263.22,264.11 1 0
github.com/99souls/ariadne/engine/internal/runtime/runtime.go:268.2,268.22 1 0
github.com/99souls/ariadne/engine/internal/runtime/runtime.go:271.50,274.20 3 0
github.com/99souls/ariadne/engine/internal/runtime/runtime.go:274.20,277.3 2 0
github.com/99souls/ariadne/engine/internal/runtime/runtime.go:278.2,278.12 1 0
github.com/99souls/ariadne/engine/internal/runtime/runtime.go:280.83,281.32 1 0
github.com/99souls/ariadne/engine/internal/runtime/runtime.go:281.32,283.3 1 0
github.com/99souls/ariadne/engine/internal/runtime/runtime.go:284.2,284.32 1 0
github.com/99souls/ariadne/engine/internal/runtime/runtime.go:284.32,286.3 1 0
github.com/99souls/ariadne/engine/internal/runtime/runtime.go:287.2,287.48 1 0
github.com/99souls/ariadne/engine/internal/runtime/runtime.go:287.48,289.3 1 0
github.com/99souls/ariadne/engine/internal/runtime/runtime.go:290.2,292.33 3 0
github.com/99souls/ariadne/engine/internal/runtime/runtime.go:294.82,295.59 1 0
github.com/99souls/ariadne/engine/internal/runtime/runtime.go:295.59,297.3 1 0
github.com/99souls/ariadne/engine/internal/runtime/runtime.go:298.2,299.16 2 0
github.com/99souls/ariadne/engine/internal/runtime/runtime.go:299.16,301.3 1 0
github.com/99souls/ariadne/engine/internal/runtime/runtime.go:302.2,303.51 2 0
github.com/99souls/ariadne/engine/internal/runtime/runtime.go:303.51,305.3 1 0
github.com/99souls/ariadne/engine/internal/runtime/runtime.go:306.2,306.18 1 0
github.com/99souls/ariadne/engine/internal/runtime/runtime.go:309.73,310.48 1 0
github.com/99souls/ariadne/engine/internal/runtime/runtime.go:310.48,312.3 1 0
github.com/99souls/ariadne/engine/internal/runtime/runtime.go:313.2,313.53 1 0
github.com/99souls/ariadne/engine/internal/runtime/runtime.go:315.127,322.16 7 0
github.com/99souls/ariadne/engine/internal/runtime/runtime.go:322.16,324.3 1 0
github.com/99souls/ariadne/engine/internal/runtime/runtime.go:325.2,325.37 1 0
github.com/99souls/ariadne/engine/internal/runtime/runtime.go:327.80,331.16 4 0
github.com/99souls/ariadne/engine/internal/runtime/runtime.go:331.16,333.3 1 0
github.com/99souls/ariadne/engine/internal/runtime/runtime.go:334.2,335.26 2 0
github.com/99souls/ariadne/engine/internal/runtime/runtime.go:335.26,336.53 1 0
github.com/99souls/ariadne/engine/internal/runtime/runtime.go:336.53,337.12 1 0
github.com/99souls/ariadne/engine/internal/runtime/runtime.go:339.3,341.17 3 0
github.com/99souls/ariadne/engine/internal/runtime/runtime.go:341.17,342.12 1 0
github.com/99souls/ariadne/engine/internal/runtime/runtime.go:344.3,345.50 2 0
github.com/99souls/ariadne/engine/internal/runtime/runtime.go:345.50,346.12 1 0
github.com/99souls/ariadne/engine/internal/runtime/runtime.go:348.3,348.34 1 0
github.com/99souls/ariadne/engine/internal/runtime/runtime.go:350.2,350.22 1 0
github.com/99souls/ariadne/engine/internal/runtime/runtime.go:352.94,356.47 4 0
github.com/99souls/ariadne/engine/internal/runtime/runtime.go:356.47,358.3 1 0
github.com/99souls/ariadne/engine/internal/runtime/runtime.go:359.2,360.16 2 0
github.com/99souls/ariadne/engine/internal/runtime/runtime.go:360.16,362.3 1 0
github.com/99souls/ariadne/engine/internal/runtime/runtime.go:363.2,364.51 2 0
github.com/99souls/ariadne/engine/internal/runtime/runtime.go:364.51,366.3 1 0
github.com/99souls/ariadne/engine/internal/runtime/runtime.go:367.2,367.24 1 0
github.com/99souls/ariadne/engine/internal/runtime/runtime.go:370.69,371.48 1 0
github.com/99souls/ariadne/engine/internal/runtime/runtime.go:371.48,373.3 1 0
github.com/99souls/ariadne/engine/internal/runtime/runtime.go:374.2,374.48 1 0
github.com/99souls/ariadne/engine/internal/runtime/runtime.go:376.133,383.16 7 0
github.com/99souls/ariadne/engine/internal/runtime/runtime.go:383.16,385.3 1 0
github.com/99souls/ariadne/engine/internal/runtime/runtime.go:386.2,386.53 1 0
github.com/99souls/ariadne/engine/internal/runtime/runtime.go:386.53,388.3 1 0
github.com/99souls/ariadne/engine/internal/runtime/runtime.go:389.2,389.16 1 0
github.com/99souls/ariadne/engine/internal/runtime/runtime.go:391.95,395.17 4 0
github.com/99souls/ariadne/engine/internal/runtime/runtime.go:395.17,397.3 1 0
github.com/99souls/ariadne/engine/internal/runtime/runtime.go:398.2,401.28 4 0
github.com/99souls/ariadne/engine/internal/runtime/runtime.go:401.28,403.3 1 0
github.com/99souls/ariadne/engine/internal/runtime/runtime.go:404.2,404.27 1 0
github.com/99souls/ariadne/engine/internal/runtime/runtime.go:406.123,412.46 6 0
github.com/99souls/ariadne/engine/internal/runtime/runtime.go:412.46,414.3 1 0
github.com/99souls/ariadne/engine/internal/runtime/runtime.go:415.2,417.16 3 0
github.com/99souls/ariadne/engine/internal/runtime/runtime.go:417.16,419.3 1 0
github.com/99souls/ariadne/engine/internal/runtime/runtime.go:420.2,420.37 1 0
github.com/99souls/ariadne/engine/internal/runtime/runtime.go:422.89,427.16 5 0
github.com/99souls/ariadne/engine/internal/runtime/runtime.go:427.16,429.3 1 0
github.com/99souls/ariadne/engine/internal/runtime/runtime.go:430.2,431.52 2 0
github.com/99souls/ariadne/engine/internal/runtime/runtime.go:431.52,433.3 1 0
github.com/99souls/ariadne/engine/internal/runtime/runtime.go:434.2,435.25 2 0
github.com/99souls/ariadne/engine/internal/runtime/runtime.go:435.25,436.34 1 0
github.com/99souls/ariadne/engine/internal/runtime/runtime.go:436.34,438.4 1 0
github.com/99souls/ariadne/engine/internal/runtime/runtime.go:439.3,442.16 4 0
github.com/99souls/ariadne/engine/internal/runtime/runtime.go:442.16,444.4 1 0
github.com/99souls/ariadne/engine/internal/runtime/runtime.go:446.2,447.30 2 0
github.com/99souls/ariadne/engine/internal/runtime/runtime.go:447.30,450.3 2 0
github.com/99souls/ariadne/engine/internal/runtime/runtime.go:451.2,451.178 1 0
github.com/99souls/ariadne/engine/internal/runtime/runtime.go:453.64,456.16 3 0
github.com/99souls/ariadne/engine/internal/runtime/runtime.go:456.16,458.3 1 0
github.com/99souls/ariadne/engine/internal/runtime/runtime.go:459.2,460.49 2 0
github.com/99souls/ariadne/engine/internal/runtime/runtime.go:460.49,462.3 1 0
github.com/99souls/ariadne/engine/internal/runtime/runtime.go:463.2,463.11 1 0
github.com/99souls/ariadne/engine/internal/runtime/runtime.go:465.97,466.22 1 0
github.com/99souls/ariadne/engine/internal/runtime/runtime.go:466.22,468.3 1 0
github.com/99souls/ariadne/engine/internal/runtime/runtime.go:469.2,471.28 3 0
github.com/99souls/ariadne/engine/internal/runtime/runtime.go:471.28,472.31 1 0
github.com/99souls/ariadne/engine/internal/runtime/runtime.go:472.31,475.4 2 0
github.com/99souls/ariadne/engine/internal/runtime/runtime.go:477.2,477.97 1 0
github.com/99souls/ariadne/engine/internal/runtime/runtime.go:486.140,488.2 1 0
github.com/99souls/ariadne/engine/internal/runtime/runtime.go:489.117,492.31 3 0
github.com/99souls/ariadne/engine/internal/runtime/runtime.go:492.31,493.86 1 0
github.com/99souls/ariadne/engine/internal/runtime/runtime.go:493.86,495.4 1 0
github.com/99souls/ariadne/engine/internal/runtime/runtime.go:497.2,497.67 1 0
github.com/99souls/ariadne/engine/internal/runtime/runtime.go:497.67,499.3 1 0
github.com/99souls/ariadne/engine/internal/runtime/runtime.go:500.2,500.12 1 0
github.com/99souls/ariadne/engine/internal/runtime/runtime.go:502.86,506.2 3 0
github.com/99souls/ariadne/engine/internal/runtime/runtime.go:507.71,510.31 3 0
github.com/99souls/ariadne/engine/internal/runtime/runtime.go:510.31,512.3 1 0
github.com/99souls/ariadne/engine/internal/runtime/runtime.go:513.2,514.16 2 0
github.com/99souls/ariadne/engine/internal/runtime/runtime.go:514.16,516.3 1 0
github.com/99souls/ariadne/engine/internal/runtime/runtime.go:517.2,517.70 1 0
github.com/99souls/ariadne/engine/internal/runtime/runtime.go:517.70,519.3 1 0
github.com/99souls/ariadne/engine/internal/runtime/runtime.go:520.2,520.12 1 0
github.com/99souls/ariadne/engine/internal/runtime/runtime.go:525.79,526.77 1 0
github.com/99souls/ariadne/engine/internal/runtime/runtime.go:526.77,528.28 2 0
github.com/99souls/ariadne/engine/internal/runtime/runtime.go:528.28,530.4 1 0
github.com/99souls/ariadne/engine/internal/runtime/runtime.go:531.3,531.21 1 0
github.com/99souls/ariadne/engine/internal/runtime/runtime.go:531.21,533.4 1 0
github.com/99souls/ariadne/engine/internal/runtime/runtime.go:535.2,535.12 1 0
github.com/99souls/ariadne/engine/internal/telemetry/events/events.go:58.44,62.2 3 0
github.com/99souls/ariadne/engine/internal/telemetry/events/events.go:76.34,77.23 1 0
github.com/99souls/ariadne/engine/internal/telemetry/events/events.go:77.23,79.3 1 0
github.com/99souls/ariadne/engine/internal/telemetry/events/events.go:80.2,81.237 2 0
github.com/99souls/ariadne/engine/internal/telemetry/events/events.go:84.44,85.23 1 0
github.com/99souls/ariadne/engine/internal/telemetry/events/events.go:85.23,87.3 1 0
github.com/99souls/ariadne/engine/internal/telemetry/events/events.go:88.2,88.22 1 0
github.com/99souls/ariadne/engine/internal/telemetry/events/events.go:88.22,90.3 1 0
github.com/99souls/ariadne/engine/internal/telemetry/events/events.go:91.2,93.27 3 0
github.com/99souls/ariadne/engine/internal/telemetry/events/events.go:93.27,95.3 1 0
github.com/99souls/ariadne/engine/internal/telemetry/events/events.go:96.2,98.25 3 0
github.com/99souls/ariadne/engine/internal/telemetry/events/events.go:98.25,100.3 1 0
github.com/99souls/ariadne/engine/internal/telemetry/events/events.go:101.2,101.25 1 0
github.com/99souls/ariadne/engine/internal/telemetry/events/events.go:101.25,102.10 1 0
github.com/99souls/ariadne/engine/internal/telemetry/events/events.go:103.19,103.19 0 0
github.com/99souls/ariadne/engine/internal/telemetry/events/events.go:104.11,107.25 3 0
github.com/99souls/ariadne/engine/internal/telemetry/events/events.go:107.25,109.5 1 0
github.com/99souls/ariadne/engine/internal/telemetry/events/events.go:112.2,112.12 1 0
github.com/99souls/ariadne/engine/internal/telemetry/events/events.go:115.68,116.41 1 0
github.com/99souls/ariadne/engine/internal/telemetry/events/events.go:116.41,117.80 1 0
github.com/99souls/ariadne/engine/internal/telemetry/events/events.go:117.80,120.4 2 0
github.com/99souls/ariadne/engine/internal/telemetry/events/events.go:122.2,122.22 1 0
github.com/99souls/ariadne/engine/internal/telemetry/events/events.go:125.64,126.17 1 0
github.com/99souls/ariadne/engine/internal/telemetry/events/events.go:126.17,128.3 1 0
github.com/99souls/ariadne/engine/internal/telemetry/events/events.go:129.2,135.17 7 0
github.com/99souls/ariadne/engine/internal/telemetry/events/events.go:138.56,139.16 1 0
github.com/99souls/ariadne/engine/internal/telemetry/events/events.go:139.16,141.3 1 0
github.com/99souls/ariadne/engine/internal/telemetry/events/events.go:142.2,147.14 6 0
github.com/99souls/ariadne/engine/internal/telemetry/events/events.go:147.14,149.3 1 0
github.com/99souls/ariadne/engine/internal/telemetry/events/events.go:150.2,150.12 1 0
github.com/99souls/ariadne/engine/internal/telemetry/events/events.go:153.37,157.28 4 0
github.com/99souls/ariadne/engine/internal/telemetry/events/events.go:157.28,159.3 1 0
github.com/99souls/ariadne/engine/internal/telemetry/events/events.go:160.2,160.14 1 0
github.com/99souls/ariadne/engine/internal/telemetry/events/events.go:171.39,171.54 1 0
github.com/99souls/ariadne/engine/internal/telemetry/events/events.go:172.39,172.54 1 0
github.com/99souls/ariadne/engine/internal/telemetry/events/events.go:173.39,173.70 1 0
github.com/99souls/ariadne/engine/internal/telemetry/events/events.go:175.42,176.13 1 0
github.com/99souls/ariadne/engine/internal/telemetry/events/events.go:176.13,178.3 1 0
github.com/99souls/ariadne/engine/internal/telemetry/events/events.go:179.2,181.13 3 0
github.com/99souls/ariadne/engine/internal/telemetry/events/events.go:181.13,185.3 3 0
github.com/99souls/ariadne/engine/internal/telemetry/events/events.go:186.2,186.27 1 0
github.com/99souls/ariadne/engine/internal/telemetry/metrics/metrics.go:64.62,64.88 1 0
github.com/99souls/ariadne/engine/internal/telemetry/metrics/metrics.go:65.62,65.86 1 0
github.com/99souls/ariadne/engine/internal/telemetry/metrics/metrics.go:66.62,66.84 1 0
github.com/99souls/ariadne/engine/internal/telemetry/metrics/metrics.go:67.62,67.88 1 0
github.com/99souls/ariadne/engine/internal/telemetry/metrics/metrics.go:68.61,69.22 1 0
github.com/99souls/ariadne/engine/internal/telemetry/metrics/metrics.go:69.22,69.44 1 0
github.com/99souls/ariadne/engine/internal/telemetry/metrics/metrics.go:71.54,71.68 1 0
github.com/99souls/ariadne/engine/internal/telemetry/metrics/metrics.go:72.55,72.56 0 0
github.com/99souls/ariadne/engine/internal/telemetry/metrics/metrics.go:73.55,73.56 0 0
github.com/99souls/ariadne/engine/internal/telemetry/metrics/metrics.go:74.55,74.56 0 0
github.com/99souls/ariadne/engine/internal/telemetry/metrics/metrics.go:75.55,75.56 0 0
github.com/99souls/ariadne/engine/internal/telemetry/metrics/metrics.go:76.55,76.56 0 0
github.com/99souls/ariadne/engine/internal/telemetry/metrics/metrics.go:103.80,105.16 2 0
github.com/99souls/ariadne/engine/internal/telemetry/metrics/metrics.go:105.16,107.3 1 0
github.com/99souls/ariadne/engine/internal/telemetry/metrics/metrics.go:108.2,109.16 2 0
github.com/99souls/ariadne/engine/internal/telemetry/metrics/metrics.go:109.16,111.3 1 0
github.com/99souls/ariadne/engine/internal/telemetry/metrics/metrics.go:112.2,125.10 4 0
github.com/99souls/ariadne/engine/internal/telemetry/metrics/metrics.go:128.60,128.80 1 0
github.com/99souls/ariadne/engine/internal/telemetry/metrics/metrics.go:130.72,131.18 1 0
github.com/99souls/ariadne/engine/internal/telemetry/metrics/metrics.go:131.18,133.3 1 0
github.com/99souls/ariadne/engine/internal/telemetry/metrics/metrics.go:134.2,135.23 2 0
github.com/99souls/ariadne/engine/internal/telemetry/metrics/metrics.go:135.23,137.3 1 0
github.com/99souls/ariadne/engine/internal/telemetry/metrics/metrics.go:138.2,138.23 1 0
github.com/99souls/ariadne/engine/internal/telemetry/metrics/metrics.go:138.23,140.3 1 0
github.com/99souls/ariadne/engine/internal/telemetry/metrics/metrics.go:141.2,143.34 3 0
github.com/99souls/ariadne/engine/internal/telemetry/metrics/metrics.go:143.34,145.3 1 0
github.com/99souls/ariadne/engine/internal/telemetry/metrics/metrics.go:146.2,146.35 1 0
github.com/99souls/ariadne/engine/internal/telemetry/metrics/metrics.go:146.35,148.3 1 0
github.com/99souls/ariadne/engine/internal/telemetry/metrics/metrics.go:149.2,149.16 1 0
github.com/99souls/ariadne/engine/internal/telemetry/metrics/metrics.go:152.67,154.16 2 0
github.com/99souls/ariadne/engine/internal/telemetry/metrics/metrics.go:154.16,156.3 1 0
github.com/99souls/ariadne/engine/internal/telemetry/metrics/metrics.go:157.2,160.15 4 0
github.com/99souls/ariadne/engine/internal/telemetry/metrics/metrics.go:160.15,162.3 1 0
github.com/99souls/ariadne/engine/internal/telemetry/metrics/metrics.go:163.2,164.44 2 0
github.com/99souls/ariadne/engine/internal/telemetry/metrics/metrics.go:164.44,165.55 1 0
github.com/99souls/ariadne/engine/internal/telemetry/metrics/metrics.go:165.55,167.4 1 0
github.com/99souls/ariadne/engine/internal/telemetry/metrics/metrics.go:167.9,170.4 2 0
github.com/99souls/ariadne/engine/internal/telemetry/metrics/metrics.go:172.2,175.51 4 0
github.com/99souls/ariadne/engine/internal/telemetry/metrics/metrics.go:177.61,179.16 2 0
github.com/99souls/ariadne/engine/internal/telemetry/metrics/metrics.go:179.16,181.3 1 0
github.com/99souls/ariadne/engine/internal/telemetry/metrics/metrics.go:182.2,185.15 4 0
github.com/99souls/ariadne/engine/internal/telemetry/metrics/metrics.go:185.15,187.3 1 0
github.com/99souls/ariadne/engine/internal/telemetry/metrics/metrics.go:188.2,189.44 2 0
github.com/99souls/ariadne/engine/internal/telemetry/metrics/metrics.go:189.44,190.55 1 0
github.com/99souls/ariadne/engine/internal/telemetry/metrics/metrics.go:190.55,192.4 1 0
github.com/99souls/ariadne/engine/internal/telemetry/metrics/metrics.go:192.9,195.4 2 0
github.com/99souls/ariadne/engine/internal/telemetry/metrics/metrics.go:197.2,200.49 4 0
github.com/99souls/ariadne/engine/internal/telemetry/metrics/metrics.go:202.73,204.16 2 0
github.com/99souls/ariadne/engine/internal/telemetry/metrics/metrics.go:204.16,206.3 1 0
github.com/99souls/ariadne/engine/internal/telemetry/metrics/metrics.go:207.2,210.15 4 0
github.com/99souls/ariadne/engine/internal/telemetry/metrics/metrics.go:210.15,212.3 1 0
github.com/99souls/ariadne/engine/internal/telemetry/metrics/metrics.go:213.2,214.23 2 0
github.com/99souls/ariadne/engine/internal/telemetry/metrics/metrics.go:214.23,216.3 1 0
github.com/99souls/ariadne/engine/internal/telemetry/metrics/metrics.go:217.2,218.44 2 0
github.com/99souls/ariadne/engine/internal/telemetry/metrics/metrics.go:218.44,219.55 1 0
github.com/99souls/ariadne/engine/internal/telemetry/metrics/metrics.go:219.55,221.4 1 0
github.com/99souls/ariadne/engine/internal/telemetry/metrics/metrics.go:221.9,224.4 2 0
github.com/99souls/ariadne/engine/internal/telemetry/metrics/metrics.go:226.2,229.53 4 0
github.com/99souls/ariadne/engine/internal/telemetry/metrics/metrics.go:231.69,233.22 2 0
github.com/99souls/ariadne/engine/internal/telemetry/metrics/metrics.go:233.22,233.74 1 0
github.com/99souls/ariadne/engine/internal/telemetry/metrics/metrics.go:235.64,238.26 3 0
github.com/99souls/ariadne/engine/internal/telemetry/metrics/metrics.go:238.26,240.3 1 0
github.com/99souls/ariadne/engine/internal/telemetry/metrics/metrics.go:241.2,241.110 1 0
github.com/99souls/ariadne/engine/internal/telemetry/metrics/metrics.go:243.55,247.2 3 0
github.com/99souls/ariadne/engine/internal/telemetry/metrics/metrics.go:248.80,249.22 1 0
github.com/99souls/ariadne/engine/internal/telemetry/metrics/metrics.go:249.22,251.3 1 0
github.com/99souls/ariadne/engine/internal/telemetry/metrics/metrics.go:252.2,255.16 4 0
github.com/99souls/ariadne/engine/internal/telemetry/metrics/metrics.go:255.16,258.3 2 0
github.com/99souls/ariadne/engine/internal/telemetry/metrics/metrics.go:259.2,260.28 2 0
github.com/99souls/ariadne/engine/internal/telemetry/metrics/metrics.go:260.28,262.29 2 0
github.com/99souls/ariadne/engine/internal/telemetry/metrics/metrics.go:262.29,263.48 1 0
github.com/99souls/ariadne/engine/internal/telemetry/metrics/metrics.go:263.48,265.29 2 0
github.com/99souls/ariadne/engine/internal/telemetry/metrics/metrics.go:265.29,267.6 1 0
github.com/99souls/ariadne/engine/internal/telemetry/metrics/metrics.go:268.5,268.105 1 0
github.com/99souls/ariadne/engine/internal/telemetry/metrics/metrics.go:280.60,281.16 1 0
github.com/99souls/ariadne/engine/internal/telemetry/metrics/metrics.go:281.16,283.3 1 0
github.com/99souls/ariadne/engine/internal/telemetry/metrics/metrics.go:284.2,285.44 2 0
github.com/99souls/ariadne/engine/internal/telemetry/metrics/metrics.go:294.58,297.2 2 0
github.com/99souls/ariadne/engine/internal/telemetry/metrics/metrics.go:298.58,299.16 1 0
github.com/99souls/ariadne/engine/internal/telemetry/metrics/metrics.go:299.16,301.3 1 0
github.com/99souls/ariadne/engine/internal/telemetry/metrics/metrics.go:302.2,303.44 2 0
github.com/99souls/ariadne/engine/internal/telemetry/metrics/metrics.go:312.66,315.2 2 0
github.com/99souls/ariadne/engine/internal/telemetry/metrics/metrics.go:322.55,324.2 1 0
github.com/99souls/ariadne/engine/internal/telemetry/metrics/metrics.go:332.57,336.16 4 0
github.com/99souls/ariadne/engine/internal/telemetry/metrics/metrics.go:336.16,338.3 1 0
github.com/99souls/ariadne/engine/internal/telemetry/metrics/metrics.go:339.2,340.176 2 0
github.com/99souls/ariadne/engine/internal/telemetry/metrics/metrics.go:353.61,356.16 3 0
github.com/99souls/ariadne/engine/internal/telemetry/metrics/metrics.go:356.16,358.3 1 0
github.com/99souls/ariadne/engine/internal/telemetry/metrics/metrics.go:359.2,359.77 1 0
github.com/99souls/ariadne/engine/internal/telemetry/metrics/metrics.go:361.55,364.16 3 0
github.com/99souls/ariadne/engine/internal/telemetry/metrics/metrics.go:364.16,366.3 1 0
github.com/99souls/ariadne/engine/internal/telemetry/metrics/metrics.go:367.2,367.75 1 0
github.com/99souls/ariadne/engine/internal/telemetry/metrics/metrics.go:369.67,372.16 3 0
github.com/99souls/ariadne/engine/internal/telemetry/metrics/metrics.go:372.16,374.3 1 0
github.com/99souls/ariadne/engine/internal/telemetry/metrics/metrics.go:375.2,375.79 1 0
github.com/99souls/ariadne/engine/internal/telemetry/metrics/metrics.go:377.63,379.22 2 0
github.com/99souls/ariadne/engine/internal/telemetry/metrics/metrics.go:379.22,379.71 1 0
github.com/99souls/ariadne/engine/internal/telemetry/metrics/metrics.go:381.58,381.72 1 0
github.com/99souls/ariadne/engine/internal/telemetry/metrics/metrics.go:383.41,384.44 1 0
github.com/99souls/ariadne/engine/internal/telemetry/metrics/metrics.go:384.44,386.3 1 0
github.com/99souls/ariadne/engine/internal/telemetry/metrics/metrics.go:387.2,387.23 1 0
github.com/99souls/ariadne/engine/internal/telemetry/metrics/metrics.go:387.23,388.19 1 0
github.com/99souls/ariadne/engine/internal/telemetry/metrics/metrics.go:388.19,390.4 1 0
github.com/99souls/ariadne/engine/internal/telemetry/metrics/metrics.go:391.3,391.21 1 0
github.com/99souls/ariadne/engine/internal/telemetry/metrics/metrics.go:393.2,393.23 1 0
github.com/99souls/ariadne/engine/internal/telemetry/metrics/metrics.go:393.23,394.19 1 0
github.com/99souls/ariadne/engine/internal/telemetry/metrics/metrics.go:394.19,396.4 1 0
github.com/99souls/ariadne/engine/internal/telemetry/metrics/metrics.go:397.3,397.21 1 0
github.com/99souls/ariadne/engine/internal/telemetry/metrics/metrics.go:399.2,399.15 1 0
github.com/99souls/ariadne/engine/internal/telemetry/metrics/metrics.go:409.60,410.16 1 0
github.com/99souls/ariadne/engine/internal/telemetry/metrics/metrics.go:410.16,412.3 1 0
github.com/99souls/ariadne/engine/internal/telemetry/metrics/metrics.go:413.2,415.47 3 0
github.com/99souls/ariadne/engine/internal/telemetry/metrics/metrics.go:415.47,418.3 2 0
github.com/99souls/ariadne/engine/internal/telemetry/metrics/metrics.go:419.2,420.54 2 0
github.com/99souls/ariadne/engine/internal/telemetry/metrics/metrics.go:432.54,438.15 6 0
github.com/99souls/ariadne/engine/internal/telemetry/metrics/metrics.go:438.15,441.48 3 0
github.com/99souls/ariadne/engine/internal/telemetry/metrics/metrics.go:441.48,444.4 2 0
github.com/99souls/ariadne/engine/internal/telemetry/metrics/metrics.go:445.3,446.54 2 0
github.com/99souls/ariadne/engine/internal/telemetry/metrics/metrics.go:449.58,450.16 1 0
github.com/99souls/ariadne/engine/internal/telemetry/metrics/metrics.go:450.16,452.3 1 0
github.com/99souls/ariadne/engine/internal/telemetry/metrics/metrics.go:453.2,459.47 7 0
github.com/99souls/ariadne/engine/internal/telemetry/metrics/metrics.go:459.47,462.3 2 0
github.com/99souls/ariadne/engine/internal/telemetry/metrics/metrics.go:463.2,464.54 2 0
github.com/99souls/ariadne/engine/internal/telemetry/metrics/metrics.go:474.66,477.47 3 0
github.com/99souls/ariadne/engine/internal/telemetry/metrics/metrics.go:477.47,480.3 2 0
github.com/99souls/ariadne/engine/internal/telemetry/metrics/metrics.go:481.2,482.57 2 0
github.com/99souls/ariadne/engine/internal/telemetry/metrics/metrics.go:490.55,492.2 1 0
github.com/99souls/ariadne/engine/internal/telemetry/metrics/metrics.go:493.63,495.21 2 0
github.com/99souls/ariadne/engine/internal/telemetry/metrics/metrics.go:495.21,497.3 1 0
github.com/99souls/ariadne/engine/internal/telemetry/metrics/metrics.go:498.2,498.12 1 0
github.com/99souls/ariadne/engine/internal/telemetry/metrics/metrics.go:498.12,500.3 1 0
github.com/99souls/ariadne/engine/internal/telemetry/metrics/metrics.go:501.2,502.25 2 0
github.com/99souls/ariadne/engine/internal/telemetry/metrics/metrics.go:502.25,504.3 1 0
github.com/99souls/ariadne/engine/internal/telemetry/metrics/metrics.go:505.2,505.12 1 0
github.com/99souls/ariadne/engine/internal/telemetry/metrics/metrics.go:507.74,508.22 1 0
github.com/99souls/ariadne/engine/internal/telemetry/metrics/metrics.go:508.22,510.3 1 0
github.com/99souls/ariadne/engine/internal/telemetry/metrics/metrics.go:511.2,514.16 4 0
github.com/99souls/ariadne/engine/internal/telemetry/metrics/metrics.go:514.16,517.3 2 0
github.com/99souls/ariadne/engine/internal/telemetry/metrics/metrics.go:518.2,519.28 2 0
github.com/99souls/ariadne/engine/internal/telemetry/metrics/metrics.go:519.28,521.29 2 0
github.com/99souls/ariadne/engine/internal/telemetry/metrics/metrics.go:521.29,522.48 1 0
github.com/99souls/ariadne/engine/internal/telemetry/metrics/metrics.go:522.48,524.29 2 0
github.com/99souls/ariadne/engine/internal/telemetry/metrics/metrics.go:524.29,526.6 1 0
github.com/99souls/ariadne/engine/internal/telemetry/policy/policy.go:40.32,53.2 1 0
github.com/99souls/ariadne/engine/internal/telemetry/policy/policy.go:56.54,58.31 2 0
github.com/99souls/ariadne/engine/internal/telemetry/policy/policy.go:58.31,58.70 1 0
github.com/99souls/ariadne/engine/internal/telemetry/policy/policy.go:59.5,59.41 1 0
github.com/99souls/ariadne/engine/internal/telemetry/policy/policy.go:59.41,59.77 1 0
github.com/99souls/ariadne/engine/internal/telemetry/policy/policy.go:60.5,60.44 1 0
github.com/99souls/ariadne/engine/internal/telemetry/policy/policy.go:60.44,60.85 1 0
github.com/99souls/ariadne/engine/internal/telemetry/policy/policy.go:61.5,61.45 1 0
github.com/99souls/ariadne/engine/internal/telemetry/policy/policy.go:61.45,61.87 1 0
github.com/99souls/ariadne/engine/internal/telemetry/policy/policy.go:62.5,62.49 1 0
github.com/99souls/ariadne/engine/internal/telemetry/policy/policy.go:62.49,62.94 1 0
github.com/99souls/ariadne/engine/internal/telemetry/policy/policy.go:63.5,63.50 1 0
github.com/99souls/ariadne/engine/internal/telemetry/policy/policy.go:63.50,63.96 1 0
github.com/99souls/ariadne/engine/internal/telemetry/policy/policy.go:64.5,64.36 1 0
github.com/99souls/ariadne/engine/internal/telemetry/policy/policy.go:64.36,64.67 1 0
github.com/99souls/ariadne/engine/internal/telemetry/policy/policy.go:65.5,65.38 1 0
github.com/99souls/ariadne/engine/internal/telemetry/policy/policy.go:65.38,65.71 1 0
github.com/99souls/ariadne/engine/internal/telemetry/policy/policy.go:66.5,66.42 1 0
github.com/99souls/ariadne/engine/internal/telemetry/policy/policy.go:66.42,66.81 1 0
github.com/99souls/ariadne/engine/internal/telemetry/policy/policy.go:67.5,67.13 1 0
github.com/99souls/ariadne/engine/internal/telemetry/tracing/tracing.go:35.89,37.2 1 0
github.com/99souls/ariadne/engine/internal/telemetry/tracing/tracing.go:38.55,38.70 1 0
github.com/99souls/ariadne/engine/internal/telemetry/tracing/tracing.go:39.56,39.57 0 0
github.com/99souls/ariadne/engine/internal/telemetry/tracing/tracing.go:40.56,40.57 0 0
github.com/99souls/ariadne/engine/internal/telemetry/tracing/tracing.go:41.55,41.79 1 0
github.com/99souls/ariadne/engine/internal/telemetry/tracing/tracing.go:42.55,42.70 1 0
github.com/99souls/ariadne/engine/internal/telemetry/tracing/tracing.go:55.37,56.14 1 0
github.com/99souls/ariadne/engine/internal/telemetry/tracing/tracing.go:56.14,58.3 1 0
github.com/99souls/ariadne/engine/internal/telemetry/tracing/tracing.go:59.2,59.36 1 0
github.com/99souls/ariadne/engine/internal/telemetry/tracing/tracing.go:62.57,63.22 1 0
github.com/99souls/ariadne/engine/internal/telemetry/tracing/tracing.go:63.22,65.3 1 0
github.com/99souls/ariadne/engine/internal/telemetry/tracing/tracing.go:66.2,66.45 1 0
github.com/99souls/ariadne/engine/internal/telemetry/tracing/tracing.go:69.91,72.19 3 0
github.com/99souls/ariadne/engine/internal/telemetry/tracing/tracing.go:72.19,74.3 1 0
github.com/99souls/ariadne/engine/internal/telemetry/tracing/tracing.go:75.2,77.16 3 0
github.com/99souls/ariadne/engine/internal/telemetry/tracing/tracing.go:79.35,79.56 1 0
github.com/99souls/ariadne/engine/internal/telemetry/tracing/tracing.go:81.94,84.19 3 0
github.com/99souls/ariadne/engine/internal/telemetry/tracing/tracing.go:84.19,86.43 2 0
github.com/99souls/ariadne/engine/internal/telemetry/tracing/tracing.go:86.43,88.4 1 0
github.com/99souls/ariadne/engine/internal/telemetry/tracing/tracing.go:89.3,89.22 1 0
github.com/99souls/ariadne/engine/internal/telemetry/tracing/tracing.go:91.2,93.16 3 0
github.com/99souls/ariadne/engine/internal/telemetry/tracing/tracing.go:95.38,95.54 1 0
github.com/99souls/ariadne/engine/internal/telemetry/tracing/tracing.go:97.28,99.14 2 0
github.com/99souls/ariadne/engine/internal/telemetry/tracing/tracing.go:99.14,102.3 2 0
github.com/99souls/ariadne/engine/internal/telemetry/tracing/tracing.go:103.2,103.15 1 0
github.com/99souls/ariadne/engine/internal/telemetry/tracing/tracing.go:105.58,107.20 2 0
github.com/99souls/ariadne/engine/internal/telemetry/tracing/tracing.go:107.20,109.3 1 0
github.com/99souls/ariadne/engine/internal/telemetry/tracing/tracing.go:110.2,110.15 1 0
github.com/99souls/ariadne/engine/internal/telemetry/tracing/tracing.go:112.44,112.60 1 0
github.com/99souls/ariadne/engine/internal/telemetry/tracing/tracing.go:113.44,113.106 4 0
github.com/99souls/ariadne/engine/internal/telemetry/tracing/tracing.go:117.55,118.16 1 0
github.com/99souls/ariadne/engine/internal/telemetry/tracing/tracing.go:118.16,120.3 1 0
github.com/99souls/ariadne/engine/internal/telemetry/tracing/tracing.go:121.2,121.54 1 0
github.com/99souls/ariadne/engine/internal/telemetry/tracing/tracing.go:121.54,123.3 1 0
github.com/99souls/ariadne/engine/internal/telemetry/tracing/tracing.go:124.2,124.22 1 0
github.com/99souls/ariadne/engine/internal/telemetry/tracing/tracing.go:127.63,130.2 2 0
github.com/99souls/ariadne/engine/internal/telemetry/tracing/tracing.go:132.26,136.2 3 0
github.com/99souls/ariadne/engine/internal/business/crawler/decisions.go:38.86,42.2 1 1
github.com/99souls/ariadne/engine/internal/business/crawler/decisions.go:45.121,53.35 2 1
github.com/99souls/ariadne/engine/internal/business/crawler/decisions.go:53.35,57.3 3 1
github.com/99souls/ariadne/engine/internal/business/crawler/decisions.go:60.2,60.53 1 1
github.com/99souls/ariadne/engine/internal/business/crawler/decisions.go:60.53,64.3 3 1
github.com/99souls/ariadne/engine/internal/business/crawler/decisions.go:67.2,71.22 4 1
github.com/99souls/ariadne/engine/internal/business/crawler/decisions.go:75.140,83.62 2 1
github.com/99souls/ariadne/engine/internal/business/crawler/decisions.go:83.62,87.3 3 0
github.com/99souls/ariadne/engine/internal/business/crawler/decisions.go:90.2,93.65 2 1
github.com/99souls/ariadne/engine/internal/business/crawler/decisions.go:93.65,97.3 3 1
github.com/99souls/ariadne/engine/internal/business/crawler/decisions.go:100.2,100.41 1 1
github.com/99souls/ariadne/engine/internal/business/crawler/decisions.go:100.41,104.3 3 0
github.com/99souls/ariadne/engine/internal/business/crawler/decisions.go:106.2,107.22 2 1
github.com/99souls/ariadne/engine/internal/business/crawler/decisions.go:111.131,114.30 2 1
github.com/99souls/ariadne/engine/internal/business/crawler/decisions.go:114.30,116.17 2 1
github.com/99souls/ariadne/engine/internal/business/crawler/decisions.go:116.17,123.12 3 0
github.com/99souls/ariadne/engine/internal/business/crawler/decisions.go:126.3,127.17 2 1
github.com/99souls/ariadne/engine/internal/business/crawler/decisions.go:127.17,133.4 1 0
github.com/99souls/ariadne/engine/internal/business/crawler/decisions.go:134.3,134.42 1 1
github.com/99souls/ariadne/engine/internal/business/crawler/decisions.go:137.2,137.23 1 1
github.com/99souls/ariadne/engine/internal/business/crawler/decisions.go:141.108,145.2 3 1
github.com/99souls/ariadne/engine/internal/business/crawler/policies.go:47.90,51.2 1 1
github.com/99souls/ariadne/engine/internal/business/crawler/policies.go:54.65,55.31 1 1
github.com/99souls/ariadne/engine/internal/business/crawler/policies.go:55.31,57.3 1 0
github.com/99souls/ariadne/engine/internal/business/crawler/policies.go:59.2,62.62 2 1
github.com/99souls/ariadne/engine/internal/business/crawler/policies.go:62.62,64.3 1 1
github.com/99souls/ariadne/engine/internal/business/crawler/policies.go:67.2,67.57 1 1
github.com/99souls/ariadne/engine/internal/business/crawler/policies.go:67.57,68.48 1 1
github.com/99souls/ariadne/engine/internal/business/crawler/policies.go:68.48,70.4 1 1
github.com/99souls/ariadne/engine/internal/business/crawler/policies.go:74.2,74.14 1 1
github.com/99souls/ariadne/engine/internal/business/crawler/policies.go:78.87,79.31 1 1
github.com/99souls/ariadne/engine/internal/business/crawler/policies.go:79.31,81.3 1 0
github.com/99souls/ariadne/engine/internal/business/crawler/policies.go:84.2,84.49 1 1
github.com/99souls/ariadne/engine/internal/business/crawler/policies.go:84.49,86.3 1 1
github.com/99souls/ariadne/engine/internal/business/crawler/policies.go:90.2,91.31 2 1
github.com/99souls/ariadne/engine/internal/business/crawler/policies.go:91.31,93.54 2 1
github.com/99souls/ariadne/engine/internal/business/crawler/policies.go:93.54,95.4 1 1
github.com/99souls/ariadne/engine/internal/business/crawler/policies.go:95.9,97.47 1 1
github.com/99souls/ariadne/engine/internal/business/crawler/policies.go:97.47,98.50 1 1
github.com/99souls/ariadne/engine/internal/business/crawler/policies.go:98.50,100.11 2 0
github.com/99souls/ariadne/engine/internal/business/crawler/policies.go:107.2,107.54 1 1
github.com/99souls/ariadne/engine/internal/business/crawler/policies.go:107.54,109.3 1 1
github.com/99souls/ariadne/engine/internal/business/crawler/policies.go:111.2,111.13 1 1
github.com/99souls/ariadne/engine/internal/business/crawler/policies.go:115.76,116.34 1 1
github.com/99souls/ariadne/engine/internal/business/crawler/policies.go:116.34,118.3 1 1
github.com/99souls/ariadne/engine/internal/business/crawler/policies.go:120.2,123.78 2 1
github.com/99souls/ariadne/engine/internal/business/crawler/policies.go:123.78,125.3 1 1
github.com/99souls/ariadne/engine/internal/business/crawler/policies.go:128.2,128.47 1 1
github.com/99souls/ariadne/engine/internal/business/crawler/policies.go:132.80,133.31 1 1
github.com/99souls/ariadne/engine/internal/business/crawler/policies.go:133.31,135.3 1 1
github.com/99souls/ariadne/engine/internal/business/crawler/policies.go:138.2,138.68 1 1
github.com/99souls/ariadne/engine/internal/business/crawler/policies.go:138.68,140.3 1 1
github.com/99souls/ariadne/engine/internal/business/crawler/policies.go:143.2,143.40 1 1
github.com/99souls/ariadne/engine/internal/business/crawler/sites.go:37.48,41.2 1 1
github.com/99souls/ariadne/engine/internal/business/crawler/sites.go:44.94,50.2 4 1
github.com/99souls/ariadne/engine/internal/business/crawler/sites.go:53.97,59.2 4 1
github.com/99souls/ariadne/engine/internal/business/crawler/sites.go:62.63,67.2 3 1
github.com/99souls/ariadne/engine/internal/business/crawler/sites.go:70.80,75.2 3 1
github.com/99souls/ariadne/engine/internal/business/crawler/sites.go:78.54,83.35 4 1
github.com/99souls/ariadne/engine/internal/business/crawler/sites.go:83.35,85.3 1 0
github.com/99souls/ariadne/engine/internal/business/crawler/sites.go:86.2,86.16 1 1
github.com/99souls/ariadne/engine/internal/business/crawler/sites.go:95.74,99.2 1 1
github.com/99souls/ariadne/engine/internal/business/crawler/sites.go:102.83,106.64 2 1
github.com/99souls/ariadne/engine/internal/business/crawler/sites.go:106.64,108.3 1 1
github.com/99souls/ariadne/engine/internal/business/crawler/sites.go:111.2,112.34 2 1
github.com/99souls/ariadne/engine/internal/business/crawler/sites.go:112.34,114.71 2 1
github.com/99souls/ariadne/engine/internal/business/crawler/sites.go:114.71,116.4 1 1
github.com/99souls/ariadne/engine/internal/business/crawler/sites.go:119.2,119.12 1 1
github.com/99souls/ariadne/engine/internal/business/crawler/sites.go:123.92,125.19 2 1
github.com/99souls/ariadne/engine/internal/business/crawler/sites.go:125.19,127.3 1 1
[...]
github.com/99souls/ariadne/engine/internal/pipeline/pipeline.go:110.63,113.43 3 0
github.com/99souls/ariadne/engine/internal/pipeline/pipeline.go:113.43,115.3 1 0
github.com/99souls/ariadne/engine/internal/pipeline/pipeline.go:116.2,116.53 1 0
github.com/99souls/ariadne/engine/internal/pipeline/pipeline.go:118.95,122.12 4 1
github.com/99souls/ariadne/engine/internal/pipeline/pipeline.go:122.12,125.26 3 1
github.com/99souls/ariadne/engine/internal/pipeline/pipeline.go:125.26,126.11 1 1
github.com/99souls/ariadne/engine/internal/pipeline/pipeline.go:127.25,127.25 0 1
github.com/99souls/ariadne/engine/internal/pipeline/pipeline.go:128.29,129.11 1 0
github.com/99souls/ariadne/engine/internal/pipeline/pipeline.go:130.24,131.11 1 0
github.com/99souls/ariadne/engine/internal/pipeline/pipeline.go:135.2,135.18 1 1
github.com/99souls/ariadne/engine/internal/pipeline/pipeline.go:139.47,145.2 5 1
github.com/99souls/ariadne/engine/internal/pipeline/pipeline.go:148.58,149.26 1 0
github.com/99souls/ariadne/engine/internal/pipeline/pipeline.go:149.26,151.3 1 0
github.com/99souls/ariadne/engine/internal/pipeline/pipeline.go:152.2,155.18 4 0
github.com/99souls/ariadne/engine/internal/pipeline/pipeline.go:157.27,162.35 5 1
github.com/99souls/ariadne/engine/internal/pipeline/pipeline.go:162.35,164.3 1 1
github.com/99souls/ariadne/engine/internal/pipeline/pipeline.go:165.2,167.64 3 1
github.com/99souls/ariadne/engine/internal/pipeline/pipeline.go:167.64,169.3 1 0
github.com/99souls/ariadne/engine/internal/pipeline/pipeline.go:172.34,174.49 2 1
github.com/99souls/ariadne/engine/internal/pipeline/pipeline.go:174.49,177.3 2 1
github.com/99souls/ariadne/engine/internal/pipeline/pipeline.go:178.2,178.12 1 1
github.com/99souls/ariadne/engine/internal/pipeline/pipeline.go:178.12,178.96 4 1
github.com/99souls/ariadne/engine/internal/pipeline/pipeline.go:179.2,180.50 2 1
github.com/99souls/ariadne/engine/internal/pipeline/pipeline.go:180.50,183.3 2 1
github.com/99souls/ariadne/engine/internal/pipeline/pipeline.go:184.2,184.12 1 1
github.com/99souls/ariadne/engine/internal/pipeline/pipeline.go:184.12,184.63 2 1
github.com/99souls/ariadne/engine/internal/pipeline/pipeline.go:185.2,186.50 2 1
github.com/99souls/ariadne/engine/internal/pipeline/pipeline.go:186.50,189.3 2 1
github.com/99souls/ariadne/engine/internal/pipeline/pipeline.go:190.2,190.12 1 1
github.com/99souls/ariadne/engine/internal/pipeline/pipeline.go:190.12,190.59 2 1
github.com/99souls/ariadne/engine/internal/pipeline/pipeline.go:191.2,192.46 2 1
github.com/99souls/ariadne/engine/internal/pipeline/pipeline.go:192.46,195.3 2 1
github.com/99souls/ariadne/engine/internal/pipeline/pipeline.go:196.2,196.12 1 1
github.com/99souls/ariadne/engine/internal/pipeline/pipeline.go:196.12,196.59 2 1
github.com/99souls/ariadne/engine/internal/pipeline/pipeline.go:198.44,198.82 2 1
github.com/99souls/ariadne/engine/internal/pipeline/pipeline.go:199.37,201.6 2 1
github.com/99souls/ariadne/engine/internal/pipeline/pipeline.go:201.6,202.10 1 1
github.com/99souls/ariadne/engine/internal/pipeline/pipeline.go:203.23,206.10 3 1
github.com/99souls/ariadne/engine/internal/pipeline/pipeline.go:207.42,208.11 1 1
github.com/99souls/ariadne/engine/internal/pipeline/pipeline.go:208.11,211.5 2 0
github.com/99souls/ariadne/engine/internal/pipeline/pipeline.go:212.4,212.32 1 1
github.com/99souls/ariadne/engine/internal/pipeline/pipeline.go:212.32,216.5 3 0
github.com/99souls/ariadne/engine/internal/pipeline/pipeline.go:217.4,219.44 3 1
github.com/99souls/ariadne/engine/internal/pipeline/pipeline.go:219.44,224.5 4 1
github.com/99souls/ariadne/engine/internal/pipeline/pipeline.go:228.67,229.9 1 1
github.com/99souls/ariadne/engine/internal/pipeline/pipeline.go:230.22,231.15 1 0
github.com/99souls/ariadne/engine/internal/pipeline/pipeline.go:232.27,233.14 1 1
github.com/99souls/ariadne/engine/internal/pipeline/pipeline.go:236.35,236.66 1 1
github.com/99souls/ariadne/engine/internal/pipeline/pipeline.go:236.66,236.86 1 1
github.com/99souls/ariadne/engine/internal/pipeline/pipeline.go:237.43,238.6 1 1
github.com/99souls/ariadne/engine/internal/pipeline/pipeline.go:238.6,239.10 1 1
github.com/99souls/ariadne/engine/internal/pipeline/pipeline.go:240.37,241.11 1 0
github.com/99souls/ariadne/engine/internal/pipeline/pipeline.go:241.11,243.5 1 0
github.com/99souls/ariadne/engine/internal/pipeline/pipeline.go:244.4,244.12 1 0
github.com/99souls/ariadne/engine/internal/pipeline/pipeline.go:245.11,246.10 1 1
github.com/99souls/ariadne/engine/internal/pipeline/pipeline.go:250.67,251.9 1 1
github.com/99souls/ariadne/engine/internal/pipeline/pipeline.go:252.22,253.15 1 0
github.com/99souls/ariadne/engine/internal/pipeline/pipeline.go:254.35,255.48 1 1
github.com/99souls/ariadne/engine/internal/pipeline/pipeline.go:255.48,257.75 2 0
github.com/99souls/ariadne/engine/internal/pipeline/pipeline.go:257.75,259.5 1 0
github.com/99souls/ariadne/engine/internal/pipeline/pipeline.go:260.4,260.27 1 0
github.com/99souls/ariadne/engine/internal/pipeline/pipeline.go:260.27,262.5 1 0
github.com/99souls/ariadne/engine/internal/pipeline/pipeline.go:264.3,264.14 1 1
github.com/99souls/ariadne/engine/internal/pipeline/pipeline.go:267.80,268.17 1 1
github.com/99souls/ariadne/engine/internal/pipeline/pipeline.go:268.17,270.3 1 0
github.com/99souls/ariadne/engine/internal/pipeline/pipeline.go:271.2,271.9 1 1
github.com/99souls/ariadne/engine/internal/pipeline/pipeline.go:272.33,273.16 1 1
github.com/99souls/ariadne/engine/internal/pipeline/pipeline.go:273.16,275.4 1 0
github.com/99souls/ariadne/engine/internal/pipeline/pipeline.go:275.9,277.4 1 1
github.com/99souls/ariadne/engine/internal/pipeline/pipeline.go:278.3,278.14 1 1
github.com/99souls/ariadne/engine/internal/pipeline/pipeline.go:279.22,280.15 1 0
github.com/99souls/ariadne/engine/internal/pipeline/pipeline.go:283.66,286.15 3 1
github.com/99souls/ariadne/engine/internal/pipeline/pipeline.go:286.15,287.31 1 1
github.com/99souls/ariadne/engine/internal/pipeline/pipeline.go:287.31,289.4 1 0
github.com/99souls/ariadne/engine/internal/pipeline/pipeline.go:291.2,291.9 1 1
github.com/99souls/ariadne/engine/internal/pipeline/pipeline.go:292.22,293.15 1 0
github.com/99souls/ariadne/engine/internal/pipeline/pipeline.go:294.33,295.14 1 1
github.com/99souls/ariadne/engine/internal/pipeline/pipeline.go:297.2,297.13 1 1
github.com/99souls/ariadne/engine/internal/pipeline/pipeline.go:299.78,300.75 1 1
github.com/99souls/ariadne/engine/internal/pipeline/pipeline.go:300.75,302.3 1 0
github.com/99souls/ariadne/engine/internal/pipeline/pipeline.go:303.2,303.36 1 1
github.com/99souls/ariadne/engine/internal/pipeline/pipeline.go:303.36,305.3 1 0
github.com/99souls/ariadne/engine/internal/pipeline/pipeline.go:306.2,307.12 2 1
github.com/99souls/ariadne/engine/internal/pipeline/pipeline.go:307.12,309.16 2 1
github.com/99souls/ariadne/engine/internal/pipeline/pipeline.go:309.16,312.11 3 1
github.com/99souls/ariadne/engine/internal/pipeline/pipeline.go:313.24,314.11 1 0
github.com/99souls/ariadne/engine/internal/pipeline/pipeline.go:315.19,315.19 0 1
github.com/99souls/ariadne/engine/internal/pipeline/pipeline.go:317.9,318.11 1 0
github.com/99souls/ariadne/engine/internal/pipeline/pipeline.go:319.24,320.11 1 0
github.com/99souls/ariadne/engine/internal/pipeline/pipeline.go:321.12,321.12 0 0
github.com/99souls/ariadne/engine/internal/pipeline/pipeline.go:324.3,324.37 1 1
github.com/99souls/ariadne/engine/internal/pipeline/pipeline.go:324.37,326.4 1 0
github.com/99souls/ariadne/engine/internal/pipeline/pipeline.go:327.3,327.34 1 1
github.com/99souls/ariadne/engine/internal/pipeline/pipeline.go:330.58,331.36 1 1
github.com/99souls/ariadne/engine/internal/pipeline/pipeline.go:331.36,333.3 1 0
github.com/99souls/ariadne/engine/internal/pipeline/pipeline.go:334.2,334.51 1 1
github.com/99souls/ariadne/engine/internal/pipeline/pipeline.go:336.60,339.15 3 1
github.com/99souls/ariadne/engine/internal/pipeline/pipeline.go:339.15,341.3 1 0
github.com/99souls/ariadne/engine/internal/pipeline/pipeline.go:342.2,342.14 1 1
github.com/99souls/ariadne/engine/internal/pipeline/pipeline.go:342.14,344.3 1 0
github.com/99souls/ariadne/engine/internal/pipeline/pipeline.go:345.2,346.17 2 1
github.com/99souls/ariadne/engine/internal/pipeline/pipeline.go:346.17,348.3 1 0
github.com/99souls/ariadne/engine/internal/pipeline/pipeline.go:349.2,350.17 2 1
github.com/99souls/ariadne/engine/internal/pipeline/pipeline.go:350.17,352.3 1 0
github.com/99souls/ariadne/engine/internal/pipeline/pipeline.go:353.2,353.15 1 1
github.com/99souls/ariadne/engine/internal/pipeline/pipeline.go:355.69,356.14 1 1
github.com/99souls/ariadne/engine/internal/pipeline/pipeline.go:356.14,358.3 1 0
github.com/99souls/ariadne/engine/internal/pipeline/pipeline.go:359.2,361.55 3 1
github.com/99souls/ariadne/engine/internal/pipeline/pipeline.go:363.93,364.38 1 1
github.com/99souls/ariadne/engine/internal/pipeline/pipeline.go:364.38,366.3 1 1
github.com/99souls/ariadne/engine/internal/pipeline/pipeline.go:367.2,368.16 2 1
github.com/99souls/ariadne/engine/internal/pipeline/pipeline.go:368.16,370.3 1 1
github.com/99souls/ariadne/engine/internal/pipeline/pipeline.go:371.2,371.20 1 1
github.com/99souls/ariadne/engine/internal/pipeline/pipeline.go:373.39,375.16 2 1
github.com/99souls/ariadne/engine/internal/pipeline/pipeline.go:375.16,377.3 1 0
github.com/99souls/ariadne/engine/internal/pipeline/pipeline.go:378.2,378.32 1 1
github.com/99souls/ariadne/engine/internal/pipeline/pipeline.go:380.38,383.6 3 1
github.com/99souls/ariadne/engine/internal/pipeline/pipeline.go:383.6,384.10 1 1
github.com/99souls/ariadne/engine/internal/pipeline/pipeline.go:385.30,386.11 1 1
github.com/99souls/ariadne/engine/internal/pipeline/pipeline.go:386.11,388.5 1 1
github.com/99souls/ariadne/engine/internal/pipeline/pipeline.go:389.4,389.23 1 1
github.com/99souls/ariadne/engine/internal/pipeline/pipeline.go:389.23,390.34 1 1
github.com/99souls/ariadne/engine/internal/pipeline/pipeline.go:390.34,392.6 1 1
github.com/99souls/ariadne/engine/internal/pipeline/pipeline.go:392.11,394.6 1 0
github.com/99souls/ariadne/engine/internal/pipeline/pipeline.go:395.10,398.5 2 0
github.com/99souls/ariadne/engine/internal/pipeline/pipeline.go:399.23,400.10 1 1
github.com/99souls/ariadne/engine/internal/pipeline/pipeline.go:404.39,407.6 3 1
github.com/99souls/ariadne/engine/internal/pipeline/pipeline.go:407.6,408.10 1 1
github.com/99souls/ariadne/engine/internal/pipeline/pipeline.go:409.40,410.11 1 1
github.com/99souls/ariadne/engine/internal/pipeline/pipeline.go:410.11,412.5 1 1
github.com/99souls/ariadne/engine/internal/pipeline/pipeline.go:413.4,415.22 3 1
github.com/99souls/ariadne/engine/internal/pipeline/pipeline.go:415.22,417.19 2 0
github.com/99souls/ariadne/engine/internal/pipeline/pipeline.go:417.19,420.14 3 0
github.com/99souls/ariadne/engine/internal/pipeline/pipeline.go:422.5,422.33 1 0
github.com/99souls/ariadne/engine/internal/pipeline/pipeline.go:422.33,423.50 1 0
github.com/99souls/ariadne/engine/internal/pipeline/pipeline.go:423.50,425.7 1 0
github.com/99souls/ariadne/engine/internal/pipeline/pipeline.go:426.6,426.14 1 0
github.com/99souls/ariadne/engine/internal/pipeline/pipeline.go:429.4,430.18 2 1
github.com/99souls/ariadne/engine/internal/pipeline/pipeline.go:430.18,431.41 1 1
github.com/99souls/ariadne/engine/internal/pipeline/pipeline.go:431.41,433.6 1 0
github.com/99souls/ariadne/engine/internal/pipeline/pipeline.go:434.5,435.69 2 1
github.com/99souls/ariadne/engine/internal/pipeline/pipeline.go:435.69,438.14 3 1
github.com/99souls/ariadne/engine/internal/pipeline/pipeline.go:440.5,441.13 2 0
github.com/99souls/ariadne/engine/internal/pipeline/pipeline.go:443.4,444.22 2 1
github.com/99souls/ariadne/engine/internal/pipeline/pipeline.go:444.22,445.64 1 0
github.com/99souls/ariadne/engine/internal/pipeline/pipeline.go:445.64,446.23 1 0
github.com/99souls/ariadne/engine/internal/pipeline/pipeline.go:446.23,448.7 1 0
github.com/99souls/ariadne/engine/internal/pipeline/pipeline.go:449.6,449.49 1 0
github.com/99souls/ariadne/engine/internal/pipeline/pipeline.go:449.49,451.7 1 0
github.com/99souls/ariadne/engine/internal/pipeline/pipeline.go:452.6,454.14 3 0
github.com/99souls/ariadne/engine/internal/pipeline/pipeline.go:456.5,456.24 1 0
github.com/99souls/ariadne/engine/internal/pipeline/pipeline.go:458.4,461.21 4 1
github.com/99souls/ariadne/engine/internal/pipeline/pipeline.go:461.21,463.5 1 1
github.com/99souls/ariadne/engine/internal/pipeline/pipeline.go:464.4,464.26 1 1
github.com/99souls/ariadne/engine/internal/pipeline/pipeline.go:464.26,465.39 1 1
github.com/99souls/ariadne/engine/internal/pipeline/pipeline.go:465.39,468.6 2 0
github.com/99souls/ariadne/engine/internal/pipeline/pipeline.go:470.4,470.19 1 1
github.com/99souls/ariadne/engine/internal/pipeline/pipeline.go:470.19,471.23 1 1
github.com/99souls/ariadne/engine/internal/pipeline/pipeline.go:471.23,472.62 1 0
github.com/99souls/ariadne/engine/internal/pipeline/pipeline.go:472.62,476.15 4 0
github.com/99souls/ariadne/engine/internal/pipeline/pipeline.go:479.5,480.41 2 1
github.com/99souls/ariadne/engine/internal/pipeline/pipeline.go:480.41,482.6 1 1
github.com/99souls/ariadne/engine/internal/pipeline/pipeline.go:483.5,483.44 1 1
github.com/99souls/ariadne/engine/internal/pipeline/pipeline.go:483.44,485.6 1 0
github.com/99souls/ariadne/engine/internal/pipeline/pipeline.go:486.10,488.41 2 0
github.com/99souls/ariadne/engine/internal/pipeline/pipeline.go:488.41,490.6 1 0
github.com/99souls/ariadne/engine/internal/pipeline/pipeline.go:491.5,492.28 2 0
github.com/99souls/ariadne/engine/internal/pipeline/pipeline.go:492.28,495.14 3 0
github.com/99souls/ariadne/engine/internal/pipeline/pipeline.go:497.5,497.110 1 0
github.com/99souls/ariadne/engine/internal/pipeline/pipeline.go:499.23,500.10 1 1
github.com/99souls/ariadne/engine/internal/pipeline/pipeline.go:504.39,507.6 3 1
github.com/99souls/ariadne/engine/internal/pipeline/pipeline.go:507.6,508.10 1 1
github.com/99souls/ariadne/engine/internal/pipeline/pipeline.go:509.40,510.11 1 1
github.com/99souls/ariadne/engine/internal/pipeline/pipeline.go:510.11,512.5 1 0
github.com/99souls/ariadne/engine/internal/pipeline/pipeline.go:513.4,514.11 2 1
github.com/99souls/ariadne/engine/internal/pipeline/pipeline.go:515.33,516.55 1 1
github.com/99souls/ariadne/engine/internal/pipeline/pipeline.go:517.24,518.11 1 0
github.com/99souls/ariadne/engine/internal/pipeline/pipeline.go:520.23,521.10 1 1
github.com/99souls/ariadne/engine/internal/pipeline/pipeline.go:525.35,528.6 3 1
github.com/99souls/ariadne/engine/internal/pipeline/pipeline.go:528.6,529.10 1 1
github.com/99souls/ariadne/engine/internal/pipeline/pipeline.go:530.38,531.11 1 1
github.com/99souls/ariadne/engine/internal/pipeline/pipeline.go:531.11,533.5 1 0
github.com/99souls/ariadne/engine/internal/pipeline/pipeline.go:534.4,535.32 2 1
github.com/99souls/ariadne/engine/internal/pipeline/pipeline.go:535.32,537.5 1 0
github.com/99souls/ariadne/engine/internal/pipeline/pipeline.go:538.4,538.50 1 1
github.com/99souls/ariadne/engine/internal/pipeline/pipeline.go:539.23,540.10 1 1
github.com/99souls/ariadne/engine/internal/pipeline/pipeline.go:544.46,544.86 1 1
github.com/99souls/ariadne/engine/internal/pipeline/pipeline.go:545.63,546.49 1 1
github.com/99souls/ariadne/engine/internal/pipeline/pipeline.go:546.49,549.3 2 0
github.com/99souls/ariadne/engine/internal/pipeline/pipeline.go:550.2,550.38 1 1
github.com/99souls/ariadne/engine/internal/pipeline/pipeline.go:550.38,552.3 1 0
github.com/99souls/ariadne/engine/internal/pipeline/pipeline.go:552.8,554.3 1 1
github.com/99souls/ariadne/engine/internal/pipeline/pipeline.go:555.2,556.50 2 1
github.com/99souls/ariadne/engine/internal/pipeline/pipeline.go:556.50,558.3 1 1
github.com/99souls/ariadne/engine/internal/pipeline/pipeline.go:559.2,560.13 2 1
github.com/99souls/ariadne/engine/internal/pipeline/pipeline.go:562.74,565.17 3 1
github.com/99souls/ariadne/engine/internal/pipeline/pipeline.go:565.17,568.42 3 1
github.com/99souls/ariadne/engine/internal/pipeline/pipeline.go:568.42,572.36 4 0
github.com/99souls/ariadne/engine/internal/pipeline/pipeline.go:572.36,574.5 1 0
github.com/99souls/ariadne/engine/internal/pipeline/pipeline.go:577.2,578.54 2 1
github.com/99souls/ariadne/engine/internal/pipeline/pipeline.go:578.54,580.3 1 1
github.com/99souls/ariadne/engine/internal/pipeline/pipeline.go:581.2,581.101 1 1
github.com/99souls/ariadne/engine/internal/pipeline/pipeline.go:583.70,586.2 2 0
github.com/99souls/ariadne/engine/internal/pipeline/pipeline.go:587.67,591.13 4 1
github.com/99souls/ariadne/engine/internal/pipeline/pipeline.go:591.13,593.23 2 1
github.com/99souls/ariadne/engine/internal/pipeline/pipeline.go:593.23,595.4 1 1
github.com/99souls/ariadne/engine/internal/pipeline/pipeline.go:596.8,598.23 2 1
github.com/99souls/ariadne/engine/internal/pipeline/pipeline.go:598.23,600.4 1 1
github.com/99souls/ariadne/engine/internal/pipeline/pipeline.go:602.2,602.35 1 1
github.com/99souls/ariadne/engine/internal/pipeline/pipeline.go:604.38,611.2 6 1
github.com/99souls/ariadne/engine/telemetry/logging/logging.go:19.36,20.17 1 1
github.com/99souls/ariadne/engine/telemetry/logging/logging.go:20.17,22.3 1 0
github.com/99souls/ariadne/engine/telemetry/logging/logging.go:23.2,23.38 1 1
github.com/99souls/ariadne/engine/telemetry/logging/logging.go:26.83,28.35 2 1
github.com/99souls/ariadne/engine/telemetry/logging/logging.go:28.35,30.3 1 1
github.com/99souls/ariadne/engine/telemetry/logging/logging.go:31.2,31.40 1 1
github.com/99souls/ariadne/engine/telemetry/logging/logging.go:34.84,36.35 2 0
github.com/99souls/ariadne/engine/telemetry/logging/logging.go:36.35,38.3 1 0
github.com/99souls/ariadne/engine/telemetry/logging/logging.go:39.2,39.41 1 0
github.com/99souls/ariadne/engine/telemetry/health/health.go:42.59,42.76 1 1
github.com/99souls/ariadne/engine/telemetry/health/health.go:52.66,53.14 1 1
github.com/99souls/ariadne/engine/telemetry/health/health.go:53.14,55.3 1 1
github.com/99souls/ariadne/engine/telemetry/health/health.go:56.2,56.45 1 1
github.com/99souls/ariadne/engine/telemetry/health/health.go:60.39,61.14 1 0
github.com/99souls/ariadne/engine/telemetry/health/health.go:61.14,63.3 1 0
github.com/99souls/ariadne/engine/telemetry/health/health.go:64.2,66.15 3 0
github.com/99souls/ariadne/engine/telemetry/health/health.go:70.60,73.51 3 1
github.com/99souls/ariadne/engine/telemetry/health/health.go:73.51,76.3 2 1
github.com/99souls/ariadne/engine/telemetry/health/health.go:77.2,81.53 4 1
github.com/99souls/ariadne/engine/telemetry/health/health.go:81.53,83.3 1 0
github.com/99souls/ariadne/engine/telemetry/health/health.go:84.2,87.29 4 1
github.com/99souls/ariadne/engine/telemetry/health/health.go:87.29,88.15 1 1
github.com/99souls/ariadne/engine/telemetry/health/health.go:88.15,89.12 1 0
github.com/99souls/ariadne/engine/telemetry/health/health.go:91.3,92.28 2 1
github.com/99souls/ariadne/engine/telemetry/health/health.go:92.28,94.4 1 0
github.com/99souls/ariadne/engine/telemetry/health/health.go:95.3,96.20 2 1
github.com/99souls/ariadne/engine/telemetry/health/health.go:97.24,98.29 1 1
github.com/99souls/ariadne/engine/telemetry/health/health.go:99.23,100.34 1 1
github.com/99souls/ariadne/engine/telemetry/health/health.go:100.34,102.5 1 1
github.com/99souls/ariadne/engine/telemetry/health/health.go:105.2,105.23 1 1
github.com/99souls/ariadne/engine/telemetry/health/health.go:105.23,107.3 1 0
github.com/99souls/ariadne/engine/telemetry/health/health.go:108.2,110.13 3 1
github.com/99souls/ariadne/engine/telemetry/health/health.go:115.39,119.2 3 0
github.com/99souls/ariadne/engine/telemetry/health/health.go:122.39,124.2 1 1
github.com/99souls/ariadne/engine/telemetry/health/health.go:125.48,127.2 1 1
github.com/99souls/ariadne/engine/telemetry/health/health.go:128.49,130.2 1 1
github.com/99souls/ariadne/engine/telemetry/health/health.go:131.47,133.2 1 0
